08:28:13.000 UPDATE R_PQP SET GS73='T' FROM R_PQQ WHERE GS01=CP01 AND GS35=CP09 AND (GS35  LIKE '%丝印%' OR GS35 LIKE '%雕刻%' OR GS35  LIKE '%砂皮%' OR GS35  LIKE '%走台印%' OR GS35  LIKE '%冲印%') 
08:28:13.000 UPDATE R_PQP SET GS73='T' FROM R_PQAH WHERE GS01=AH01 AND GS35=AH18 AND (GS35  LIKE '%丝印%' OR GS35 LIKE '%雕刻%' OR GS35  LIKE '%砂皮%' OR GS35  LIKE '%走台印%' OR GS35  LIKE '%冲印%')
08:28:14.000 UPDATE R_PQP SET GS73='T' FROM R_PQI WHERE GS01=YQ03 AND  GS35 LIKE '%油漆%'  AND YQ139='1'
08:28:14.000 UPDATE R_PQP SET GS73='T' FROM R_PQAF WHERE GS01=AF002 AND GS07=AF015 AND GS02=AF084 AND GS08 ='Φ'+CONVERT(VARCHAR,CONVERT(FLOAT,AF022*10))+'*'+CONVERT(VARCHAR,CONVERT(FLOAT,AF020*10)) 
08:28:15.000 UPDATE R_PQP SET GS73='T' FROM R_PQU WHERE GS01=PQU01 AND GS07=PQU10 AND GS08=PQU12  
08:28:15.000 UPDATE R_PQP SET GS73='T' FROM R_PQS WHERE GS01=PJ01 AND GS56=PJ09 AND GS57=PJ89  
08:28:15.000 UPDATE R_PQP SET GS73='T' FROM R_PQT WHERE GS01=WX01 AND GS56=WX10 AND GS57=WX11 
08:28:16.000 WITH CET AS (select GS70,GS01,GS46,GS49,GS71,GS02,right(GS08,len(GS08) - charindex('*',GS08) ) a from R_PQP  WHERE GS70='R_338' AND GS73='F' ),CFT AS (SELECT GS70,GS01,GS46,GS49,GS71,GS02,right(a,LEN(a)-charindex('*',a)) GS08 FROM CET  ),CHT AS( SELECT DISTINCT GS70,GS01,GS46,GS49,GS71,GS02,CONVERT(FLOAT,CONVERT(DECIMAL(11,2),GS08)*1.0/10) GS08 FROM CFT  )SELECT GS70,GS01,GS46,GS49,GS71,GS02,CONVERT(VARCHAR,GS08) GS08,'' GS07,PQF13,PQF31 FROM CHT A INNER JOIN R_PQF B ON A.GS01=B.PQF01  WHERE (SELECT COUNT(1) FROM R_PQO WHERE GS01=JM90 AND GS02=JM09 AND CONVERT(VARCHAR,GS08)=CONVERT(VARCHAR,CONVERT(FLOAT,CONVERT(DECIMAL(11,4),JM96))))=0 and GS01 not in (SELECT JM90 FROM R_PQO WHERE JM116='1' )
08:28:16.000 从数据类型 nvarchar 转换为 numeric 时出错。
08:28:33.000 DELETE FROM R_PQQ WHERE CP03='R_195-20190128001'
08:28:33.000 INSERT INTO R_PQBF (BF001,BF002,BF003,BF004,BF005,BF006,BF007,BF008) VALUES ('R_195','','廖灵飞','2019/1/28 8:28:33','R_195-20190128001','DELETE FROM R_PQQ WHERE CP03=''R_195-20190128001''','取消','新增取消')
08:30:16.000 @GS34[R_509-20181010002]
08:30:16.000 @GS35[雕刻]
08:30:16.000 @GS36[0.12]
08:30:16.000 @GS37[0]
08:30:16.000 @GS38[]
08:30:16.000 @GS39[0]
08:30:16.000 @GS40[]
08:30:16.000 @GS41[]
08:30:16.000 @GS42[]
08:30:16.000 @GS43[]
08:30:16.000 @GS44[]
08:30:16.000 @GS45[2019/1/28 8:29:11]
08:30:16.000 @GS72[承揽工资]
08:30:16.000 @GS74[R_195]
08:30:16.000 @GS75[手提垫]
08:30:16.000 @GS76[160*40*3]
08:30:16.000 @GS79[0]
08:30:16.000 INSERT INTO R_PQP (GS34,GS35,GS36,GS37,GS38,GS39,GS40,GS41,GS42,GS43,GS44,GS45,GS72,GS74,GS75,GS76,GS79) VALUES (@GS34,@GS35,@GS36,@GS37,@GS38,@GS39,@GS40,@GS41,@GS42,@GS43,@GS44,@GS45,@GS72,@GS74,@GS75,@GS76,@GS79)
08:30:20.000 @GS34[R_509-20181010002]
08:30:20.000 @GS03[新单]
08:30:20.000 @GS22[]
08:30:20.000 @GS23[2018/10/10 0:00:00]
08:30:20.000 @GS24[]
08:30:20.000 @GS25[2018/10/10 0:00:00]
08:30:20.000 @GS26[]
08:30:20.000 @GS27[2018/10/10 0:00:00]
08:30:20.000 @GS28[]
08:30:20.000 @GS29[2018/10/10 0:00:00]
08:30:20.000 @GS30[]
08:30:20.000 @GS31[0]
08:30:20.000 @GS32[0]
08:30:20.000 @GS33[[项明华20181222][项明华20190110][项明华20190110][项明华20190110][项明华20190110][项明华20190110][项明华20190114][廖灵飞20190128]]
08:30:20.000 @GS46[MGA大房子]
08:30:20.000 @GS47[6349200]
08:30:20.000 @GS48[555001E7C]
08:30:20.000 @GS49[37000]
08:30:20.000 @GS50[]
08:30:20.000 @GS01[18090301]
08:30:20.000 UPDATE R_PQP SET GS01=@GS01,GS46=@GS46,GS47=@GS47,GS48=@GS48,GS49=@GS49,GS50=@GS50,GS03=@GS03,GS22=@GS22,GS23=@GS23,GS24=@GS24,GS25=@GS25,GS26=@GS26,GS27=@GS27,GS28=@GS28,GS29=@GS29,GS30=@GS30,GS31=@GS31,GS32=@GS32,GS33=@GS33 WHERE GS34=@GS34
08:38:52.000 UPDATE R_PQP SET GS73='T' FROM R_PQQ WHERE GS01=CP01 AND GS35=CP09 AND (GS35  LIKE '%丝印%' OR GS35 LIKE '%雕刻%' OR GS35  LIKE '%砂皮%' OR GS35  LIKE '%走台印%' OR GS35  LIKE '%冲印%') 
08:38:52.000 UPDATE R_PQP SET GS73='T' FROM R_PQAH WHERE GS01=AH01 AND GS35=AH18 AND (GS35  LIKE '%丝印%' OR GS35 LIKE '%雕刻%' OR GS35  LIKE '%砂皮%' OR GS35  LIKE '%走台印%' OR GS35  LIKE '%冲印%')
08:38:52.000 UPDATE R_PQP SET GS73='T' FROM R_PQI WHERE GS01=YQ03 AND  GS35 LIKE '%油漆%'  AND YQ139='1'
08:38:52.000 UPDATE R_PQP SET GS73='T' FROM R_PQAF WHERE GS01=AF002 AND GS07=AF015 AND GS02=AF084 AND GS08 ='Φ'+CONVERT(VARCHAR,CONVERT(FLOAT,AF022*10))+'*'+CONVERT(VARCHAR,CONVERT(FLOAT,AF020*10)) 
08:38:53.000 UPDATE R_PQP SET GS73='T' FROM R_PQU WHERE GS01=PQU01 AND GS07=PQU10 AND GS08=PQU12  
08:38:54.000 UPDATE R_PQP SET GS73='T' FROM R_PQS WHERE GS01=PJ01 AND GS56=PJ09 AND GS57=PJ89  
08:38:54.000 UPDATE R_PQP SET GS73='T' FROM R_PQT WHERE GS01=WX01 AND GS56=WX10 AND GS57=WX11 
08:38:54.000 WITH CET AS (select GS70,GS01,GS46,GS49,GS71,GS02,right(GS08,len(GS08) - charindex('*',GS08) ) a from R_PQP  WHERE GS70='R_338' AND GS73='F' ),CFT AS (SELECT GS70,GS01,GS46,GS49,GS71,GS02,right(a,LEN(a)-charindex('*',a)) GS08 FROM CET  ),CHT AS( SELECT DISTINCT GS70,GS01,GS46,GS49,GS71,GS02,CONVERT(FLOAT,CONVERT(DECIMAL(11,2),GS08)*1.0/10) GS08 FROM CFT  )SELECT GS70,GS01,GS46,GS49,GS71,GS02,CONVERT(VARCHAR,GS08) GS08,'' GS07,PQF13,PQF31 FROM CHT A INNER JOIN R_PQF B ON A.GS01=B.PQF01  WHERE (SELECT COUNT(1) FROM R_PQO WHERE GS01=JM90 AND GS02=JM09 AND CONVERT(VARCHAR,GS08)=CONVERT(VARCHAR,CONVERT(FLOAT,CONVERT(DECIMAL(11,4),JM96))))=0 and GS01 not in (SELECT JM90 FROM R_PQO WHERE JM116='1' )
08:38:54.000 从数据类型 nvarchar 转换为 numeric 时出错。
08:39:33.000 UPDATE R_PQQ SET CP06='手提垫',CP07='160*40*3',CP08='米',CP09='雕刻',CP10='0.1200',CP11='0.0000',CP12='0',CP13='0',CP14='2018/10/20 0:00:00',CP54='37000',CP59='000111',CP01='18090301',CP64='雕刻'  WHERE CP03='R_195-20181130005' AND idx='5965'
08:39:33.000 INSERT INTO R_PQBF (BF001,BF002,BF003,BF004,BF005,BF006,BF007,BF008) VALUES ('R_195','产品委外(成品、雕刻、冲印、砂皮)等承揽加工合同书','廖灵飞','2019/1/28 8:39:33','R_195-20181130005','UPDATE R_PQQ SET CP06=''手提垫'',CP07=''160*40*3'',CP08=''米'',CP09=''雕刻'',CP10=''0.1200'',CP11=''0.0000'',CP12=''0'',CP13=''0'',CP14=''2018/10/20 0:00:00'',CP54=''37000'',CP59=''000111'',CP01=''18090301'',CP64=''雕刻''  WHERE CP03=''R_195-20181130005'' AND idx=''5965''','编辑','维护编辑')
08:39:57.000 @GS36[0.1200]
08:39:57.000 @GS37[0.00]
08:39:57.000 @GS38[]
08:39:57.000 @GS39[0]
08:39:57.000 @GS40[]
08:39:57.000 @GS41[]
08:39:57.000 @GS42[]
08:39:57.000 @GS43[]
08:39:57.000 @GS44[]
08:39:57.000 @GS45[2019/1/28 0:00:00]
08:39:57.000 @idx[53843]
08:39:57.000 @GS35[雕刻]
08:39:57.000 @GS72[承揽工资]
08:39:57.000 @GS74[R_195]
08:39:57.000 @GS75[手提垫]
08:39:57.000 @GS76[160*40*3]
08:39:57.000 @GS79[2]
08:39:57.000 UPDATE R_PQP SET GS35=@GS35,GS36=@GS36,GS37=@GS37,GS38=@GS38,GS39=@GS39,GS40=@GS40,GS41=@GS41,GS42=@GS42,GS43=@GS43,GS44=@GS44,GS45=@GS45,GS72=@GS72,GS74=@GS74,GS75=@GS75,GS76=@GS76,GS79=@GS79 WHERE idx=@idx
08:39:59.000 @GS34[R_509-20181010002]
08:39:59.000 @GS03[新单]
08:39:59.000 @GS22[]
08:39:59.000 @GS23[2018/10/10 0:00:00]
08:39:59.000 @GS24[]
08:39:59.000 @GS25[2018/10/10 0:00:00]
08:39:59.000 @GS26[]
08:39:59.000 @GS27[2018/10/10 0:00:00]
08:39:59.000 @GS28[]
08:39:59.000 @GS29[2018/10/10 0:00:00]
08:39:59.000 @GS30[]
08:39:59.000 @GS31[0]
08:39:59.000 @GS32[0]
08:39:59.000 @GS33[[项明华20181222][项明华20190110][项明华20190110][项明华20190110][项明华20190110][项明华20190110][项明华20190114][廖灵飞20190128][廖灵飞20190128]]
08:39:59.000 @GS46[MGA大房子]
08:39:59.000 @GS47[6349200]
08:39:59.000 @GS48[555001E7C]
08:39:59.000 @GS49[37000]
08:39:59.000 @GS50[]
08:39:59.000 @GS01[18090301]
08:39:59.000 UPDATE R_PQP SET GS01=@GS01,GS46=@GS46,GS47=@GS47,GS48=@GS48,GS49=@GS49,GS50=@GS50,GS03=@GS03,GS22=@GS22,GS23=@GS23,GS24=@GS24,GS25=@GS25,GS26=@GS26,GS27=@GS27,GS28=@GS28,GS29=@GS29,GS30=@GS30,GS31=@GS31,GS32=@GS32,GS33=@GS33 WHERE GS34=@GS34
08:40:10.000 @CP01[18090301]
08:40:10.000 @CP06[手提垫]
08:40:10.000 @CP09[擦白坯+油边]
08:40:10.000 UPDATE R_PQQ SET CP06='手提垫',CP07='160*40*3',CP08='条',CP09='擦白坯+油边',CP10='0.5600',CP11='0.0000',CP12='0',CP13='2',CP14='2018/10/20 0:00:00',CP54='37000',CP59='000111',CP01='18090301',CP64='雕刻'  WHERE CP03='R_195-20181130005' AND idx='5965'
08:40:10.000 INSERT INTO R_PQBF (BF001,BF002,BF003,BF004,BF005,BF006,BF007,BF008) VALUES ('R_195','产品委外(成品、雕刻、冲印、砂皮)等承揽加工合同书','廖灵飞','2019/1/28 8:40:10','R_195-20181130005','UPDATE R_PQQ SET CP06=''手提垫'',CP07=''160*40*3'',CP08=''条'',CP09=''擦白坯+油边'',CP10=''0.5600'',CP11=''0.0000'',CP12=''0'',CP13=''2'',CP14=''2018/10/20 0:00:00'',CP54=''37000'',CP59=''000111'',CP01=''18090301'',CP64=''雕刻''  WHERE CP03=''R_195-20181130005'' AND idx=''5965''','编辑','维护编辑')
08:40:49.000 @GS34[R_509-20181010002]
08:40:49.000 @GS35[丝印]
08:40:49.000 @GS36[1.2]
08:40:49.000 @GS37[0]
08:40:49.000 @GS38[]
08:40:49.000 @GS39[0]
08:40:49.000 @GS40[]
08:40:49.000 @GS41[]
08:40:49.000 @GS42[]
08:40:49.000 @GS43[]
08:40:49.000 @GS44[]
08:40:49.000 @GS45[2019/1/28 0:00:00]
08:40:49.000 @GS72[承揽工资]
08:40:49.000 @GS74[R_196]
08:40:49.000 @GS75[手提垫]
08:40:49.000 @GS76[160*40*3]
08:40:49.000 @GS79[2]
08:40:49.000 INSERT INTO R_PQP (GS34,GS35,GS36,GS37,GS38,GS39,GS40,GS41,GS42,GS43,GS44,GS45,GS72,GS74,GS75,GS76,GS79) VALUES (@GS34,@GS35,@GS36,@GS37,@GS38,@GS39,@GS40,@GS41,@GS42,@GS43,@GS44,@GS45,@GS72,@GS74,@GS75,@GS76,@GS79)
08:40:51.000 @GS34[R_509-20181010002]
08:40:51.000 @GS03[新单]
08:40:51.000 @GS22[]
08:40:51.000 @GS23[2018/10/10 0:00:00]
08:40:51.000 @GS24[]
08:40:51.000 @GS25[2018/10/10 0:00:00]
08:40:51.000 @GS26[]
08:40:51.000 @GS27[2018/10/10 0:00:00]
08:40:51.000 @GS28[]
08:40:51.000 @GS29[2018/10/10 0:00:00]
08:40:51.000 @GS30[]
08:40:51.000 @GS31[0]
08:40:51.000 @GS32[0]
08:40:51.000 @GS33[[项明华20181222][项明华20190110][项明华20190110][项明华20190110][项明华20190110][项明华20190110][项明华20190114][廖灵飞20190128][廖灵飞20190128][廖灵飞20190128]]
08:40:51.000 @GS46[MGA大房子]
08:40:51.000 @GS47[6349200]
08:40:51.000 @GS48[555001E7C]
08:40:51.000 @GS49[37000]
08:40:51.000 @GS50[]
08:40:51.000 @GS01[18090301]
08:40:51.000 UPDATE R_PQP SET GS01=@GS01,GS46=@GS46,GS47=@GS47,GS48=@GS48,GS49=@GS49,GS50=@GS50,GS03=@GS03,GS22=@GS22,GS23=@GS23,GS24=@GS24,GS25=@GS25,GS26=@GS26,GS27=@GS27,GS28=@GS28,GS29=@GS29,GS30=@GS30,GS31=@GS31,GS32=@GS32,GS33=@GS33 WHERE GS34=@GS34
08:49:08.000 UPDATE R_PQP SET GS73='T' FROM R_PQQ WHERE GS01=CP01 AND GS35=CP09 AND (GS35  LIKE '%丝印%' OR GS35 LIKE '%雕刻%' OR GS35  LIKE '%砂皮%' OR GS35  LIKE '%走台印%' OR GS35  LIKE '%冲印%') 
08:49:08.000 UPDATE R_PQP SET GS73='T' FROM R_PQAH WHERE GS01=AH01 AND GS35=AH18 AND (GS35  LIKE '%丝印%' OR GS35 LIKE '%雕刻%' OR GS35  LIKE '%砂皮%' OR GS35  LIKE '%走台印%' OR GS35  LIKE '%冲印%')
08:49:08.000 UPDATE R_PQP SET GS73='T' FROM R_PQI WHERE GS01=YQ03 AND  GS35 LIKE '%油漆%'  AND YQ139='1'
08:49:08.000 UPDATE R_PQP SET GS73='T' FROM R_PQAF WHERE GS01=AF002 AND GS07=AF015 AND GS02=AF084 AND GS08 ='Φ'+CONVERT(VARCHAR,CONVERT(FLOAT,AF022*10))+'*'+CONVERT(VARCHAR,CONVERT(FLOAT,AF020*10)) 
08:49:08.000 UPDATE R_PQP SET GS73='T' FROM R_PQU WHERE GS01=PQU01 AND GS07=PQU10 AND GS08=PQU12  
08:49:09.000 UPDATE R_PQP SET GS73='T' FROM R_PQS WHERE GS01=PJ01 AND GS56=PJ09 AND GS57=PJ89  
08:49:09.000 UPDATE R_PQP SET GS73='T' FROM R_PQT WHERE GS01=WX01 AND GS56=WX10 AND GS57=WX11 
08:49:09.000 WITH CET AS (select GS70,GS01,GS46,GS49,GS71,GS02,right(GS08,len(GS08) - charindex('*',GS08) ) a from R_PQP  WHERE GS70='R_338' AND GS73='F' ),CFT AS (SELECT GS70,GS01,GS46,GS49,GS71,GS02,right(a,LEN(a)-charindex('*',a)) GS08 FROM CET  ),CHT AS( SELECT DISTINCT GS70,GS01,GS46,GS49,GS71,GS02,CONVERT(FLOAT,CONVERT(DECIMAL(11,2),GS08)*1.0/10) GS08 FROM CFT  )SELECT GS70,GS01,GS46,GS49,GS71,GS02,CONVERT(VARCHAR,GS08) GS08,'' GS07,PQF13,PQF31 FROM CHT A INNER JOIN R_PQF B ON A.GS01=B.PQF01  WHERE (SELECT COUNT(1) FROM R_PQO WHERE GS01=JM90 AND GS02=JM09 AND CONVERT(VARCHAR,GS08)=CONVERT(VARCHAR,CONVERT(FLOAT,CONVERT(DECIMAL(11,4),JM96))))=0 and GS01 not in (SELECT JM90 FROM R_PQO WHERE JM116='1' )
08:49:09.000 从数据类型 nvarchar 转换为 numeric 时出错。
08:53:54.000 UPDATE R_PQP SET GS73='T' FROM R_PQQ WHERE GS01=CP01 AND GS35=CP09 AND (GS35  LIKE '%丝印%' OR GS35 LIKE '%雕刻%' OR GS35  LIKE '%砂皮%' OR GS35  LIKE '%走台印%' OR GS35  LIKE '%冲印%') 
08:53:54.000 UPDATE R_PQP SET GS73='T' FROM R_PQAH WHERE GS01=AH01 AND GS35=AH18 AND (GS35  LIKE '%丝印%' OR GS35 LIKE '%雕刻%' OR GS35  LIKE '%砂皮%' OR GS35  LIKE '%走台印%' OR GS35  LIKE '%冲印%')
08:53:54.000 UPDATE R_PQP SET GS73='T' FROM R_PQI WHERE GS01=YQ03 AND  GS35 LIKE '%油漆%'  AND YQ139='1'
08:53:54.000 UPDATE R_PQP SET GS73='T' FROM R_PQAF WHERE GS01=AF002 AND GS07=AF015 AND GS02=AF084 AND GS08 ='Φ'+CONVERT(VARCHAR,CONVERT(FLOAT,AF022*10))+'*'+CONVERT(VARCHAR,CONVERT(FLOAT,AF020*10)) 
08:53:54.000 UPDATE R_PQP SET GS73='T' FROM R_PQU WHERE GS01=PQU01 AND GS07=PQU10 AND GS08=PQU12  
08:53:55.000 UPDATE R_PQP SET GS73='T' FROM R_PQS WHERE GS01=PJ01 AND GS56=PJ09 AND GS57=PJ89  
08:53:55.000 UPDATE R_PQP SET GS73='T' FROM R_PQT WHERE GS01=WX01 AND GS56=WX10 AND GS57=WX11 
08:53:56.000 WITH CET AS (select GS70,GS01,GS46,GS49,GS71,GS02,right(GS08,len(GS08) - charindex('*',GS08) ) a from R_PQP  WHERE GS70='R_338' AND GS73='F' ),CFT AS (SELECT GS70,GS01,GS46,GS49,GS71,GS02,right(a,LEN(a)-charindex('*',a)) GS08 FROM CET  ),CHT AS( SELECT DISTINCT GS70,GS01,GS46,GS49,GS71,GS02,CONVERT(FLOAT,CONVERT(DECIMAL(11,2),GS08)*1.0/10) GS08 FROM CFT  )SELECT GS70,GS01,GS46,GS49,GS71,GS02,CONVERT(VARCHAR,GS08) GS08,'' GS07,PQF13,PQF31 FROM CHT A INNER JOIN R_PQF B ON A.GS01=B.PQF01  WHERE (SELECT COUNT(1) FROM R_PQO WHERE GS01=JM90 AND GS02=JM09 AND CONVERT(VARCHAR,GS08)=CONVERT(VARCHAR,CONVERT(FLOAT,CONVERT(DECIMAL(11,4),JM96))))=0 and GS01 not in (SELECT JM90 FROM R_PQO WHERE JM116='1' )
08:53:56.000 从数据类型 nvarchar 转换为 numeric 时出错。
09:09:02.000 UPDATE R_PQP SET GS73='T' FROM R_PQQ WHERE GS01=CP01 AND GS35=CP09 AND (GS35  LIKE '%丝印%' OR GS35 LIKE '%雕刻%' OR GS35  LIKE '%砂皮%' OR GS35  LIKE '%走台印%' OR GS35  LIKE '%冲印%') 
09:09:02.000 UPDATE R_PQP SET GS73='T' FROM R_PQAH WHERE GS01=AH01 AND GS35=AH18 AND (GS35  LIKE '%丝印%' OR GS35 LIKE '%雕刻%' OR GS35  LIKE '%砂皮%' OR GS35  LIKE '%走台印%' OR GS35  LIKE '%冲印%')
09:09:02.000 UPDATE R_PQP SET GS73='T' FROM R_PQI WHERE GS01=YQ03 AND  GS35 LIKE '%油漆%'  AND YQ139='1'
09:09:02.000 UPDATE R_PQP SET GS73='T' FROM R_PQAF WHERE GS01=AF002 AND GS07=AF015 AND GS02=AF084 AND GS08 ='Φ'+CONVERT(VARCHAR,CONVERT(FLOAT,AF022*10))+'*'+CONVERT(VARCHAR,CONVERT(FLOAT,AF020*10)) 
09:09:02.000 UPDATE R_PQP SET GS73='T' FROM R_PQU WHERE GS01=PQU01 AND GS07=PQU10 AND GS08=PQU12  
09:09:02.000 UPDATE R_PQP SET GS73='T' FROM R_PQS WHERE GS01=PJ01 AND GS56=PJ09 AND GS57=PJ89  
09:09:02.000 UPDATE R_PQP SET GS73='T' FROM R_PQT WHERE GS01=WX01 AND GS56=WX10 AND GS57=WX11 
09:09:03.000 WITH CET AS (select GS70,GS01,GS46,GS49,GS71,GS02,right(GS08,len(GS08) - charindex('*',GS08) ) a from R_PQP  WHERE GS70='R_338' AND GS73='F' ),CFT AS (SELECT GS70,GS01,GS46,GS49,GS71,GS02,right(a,LEN(a)-charindex('*',a)) GS08 FROM CET  ),CHT AS( SELECT DISTINCT GS70,GS01,GS46,GS49,GS71,GS02,CONVERT(FLOAT,CONVERT(DECIMAL(11,2),GS08)*1.0/10) GS08 FROM CFT  )SELECT GS70,GS01,GS46,GS49,GS71,GS02,CONVERT(VARCHAR,GS08) GS08,'' GS07,PQF13,PQF31 FROM CHT A INNER JOIN R_PQF B ON A.GS01=B.PQF01  WHERE (SELECT COUNT(1) FROM R_PQO WHERE GS01=JM90 AND GS02=JM09 AND CONVERT(VARCHAR,GS08)=CONVERT(VARCHAR,CONVERT(FLOAT,CONVERT(DECIMAL(11,4),JM96))))=0 and GS01 not in (SELECT JM90 FROM R_PQO WHERE JM116='1' )
09:09:03.000 从数据类型 nvarchar 转换为 numeric 时出错。
09:16:45.000 UPDATE R_PQP SET GS73='T' FROM R_PQQ WHERE GS01=CP01 AND GS35=CP09 AND (GS35  LIKE '%丝印%' OR GS35 LIKE '%雕刻%' OR GS35  LIKE '%砂皮%' OR GS35  LIKE '%走台印%' OR GS35  LIKE '%冲印%') 
09:16:45.000 UPDATE R_PQP SET GS73='T' FROM R_PQAH WHERE GS01=AH01 AND GS35=AH18 AND (GS35  LIKE '%丝印%' OR GS35 LIKE '%雕刻%' OR GS35  LIKE '%砂皮%' OR GS35  LIKE '%走台印%' OR GS35  LIKE '%冲印%')
09:16:45.000 UPDATE R_PQP SET GS73='T' FROM R_PQI WHERE GS01=YQ03 AND  GS35 LIKE '%油漆%'  AND YQ139='1'
09:16:45.000 UPDATE R_PQP SET GS73='T' FROM R_PQAF WHERE GS01=AF002 AND GS07=AF015 AND GS02=AF084 AND GS08 ='Φ'+CONVERT(VARCHAR,CONVERT(FLOAT,AF022*10))+'*'+CONVERT(VARCHAR,CONVERT(FLOAT,AF020*10)) 
09:16:46.000 UPDATE R_PQP SET GS73='T' FROM R_PQU WHERE GS01=PQU01 AND GS07=PQU10 AND GS08=PQU12  
09:16:46.000 UPDATE R_PQP SET GS73='T' FROM R_PQS WHERE GS01=PJ01 AND GS56=PJ09 AND GS57=PJ89  
09:16:46.000 UPDATE R_PQP SET GS73='T' FROM R_PQT WHERE GS01=WX01 AND GS56=WX10 AND GS57=WX11 
09:16:46.000 WITH CET AS (select GS70,GS01,GS46,GS49,GS71,GS02,right(GS08,len(GS08) - charindex('*',GS08) ) a from R_PQP  WHERE GS70='R_338' AND GS73='F' ),CFT AS (SELECT GS70,GS01,GS46,GS49,GS71,GS02,right(a,LEN(a)-charindex('*',a)) GS08 FROM CET  ),CHT AS( SELECT DISTINCT GS70,GS01,GS46,GS49,GS71,GS02,CONVERT(FLOAT,CONVERT(DECIMAL(11,2),GS08)*1.0/10) GS08 FROM CFT  )SELECT GS70,GS01,GS46,GS49,GS71,GS02,CONVERT(VARCHAR,GS08) GS08,'' GS07,PQF13,PQF31 FROM CHT A INNER JOIN R_PQF B ON A.GS01=B.PQF01  WHERE (SELECT COUNT(1) FROM R_PQO WHERE GS01=JM90 AND GS02=JM09 AND CONVERT(VARCHAR,GS08)=CONVERT(VARCHAR,CONVERT(FLOAT,CONVERT(DECIMAL(11,4),JM96))))=0 and GS01 not in (SELECT JM90 FROM R_PQO WHERE JM116='1' )
09:16:46.000 从数据类型 nvarchar 转换为 numeric 时出错。
09:20:11.000 UPDATE R_PQP SET GS73='T' FROM R_PQQ WHERE GS01=CP01 AND GS35=CP09 AND (GS35  LIKE '%丝印%' OR GS35 LIKE '%雕刻%' OR GS35  LIKE '%砂皮%' OR GS35  LIKE '%走台印%' OR GS35  LIKE '%冲印%') 
09:20:11.000 UPDATE R_PQP SET GS73='T' FROM R_PQAH WHERE GS01=AH01 AND GS35=AH18 AND (GS35  LIKE '%丝印%' OR GS35 LIKE '%雕刻%' OR GS35  LIKE '%砂皮%' OR GS35  LIKE '%走台印%' OR GS35  LIKE '%冲印%')
09:20:11.000 UPDATE R_PQP SET GS73='T' FROM R_PQI WHERE GS01=YQ03 AND  GS35 LIKE '%油漆%'  AND YQ139='1'
09:20:11.000 UPDATE R_PQP SET GS73='T' FROM R_PQAF WHERE GS01=AF002 AND GS07=AF015 AND GS02=AF084 AND GS08 ='Φ'+CONVERT(VARCHAR,CONVERT(FLOAT,AF022*10))+'*'+CONVERT(VARCHAR,CONVERT(FLOAT,AF020*10)) 
09:20:12.000 UPDATE R_PQP SET GS73='T' FROM R_PQU WHERE GS01=PQU01 AND GS07=PQU10 AND GS08=PQU12  
09:20:12.000 UPDATE R_PQP SET GS73='T' FROM R_PQS WHERE GS01=PJ01 AND GS56=PJ09 AND GS57=PJ89  
09:20:12.000 UPDATE R_PQP SET GS73='T' FROM R_PQT WHERE GS01=WX01 AND GS56=WX10 AND GS57=WX11 
09:20:13.000 WITH CET AS (select GS70,GS01,GS46,GS49,GS71,GS02,right(GS08,len(GS08) - charindex('*',GS08) ) a from R_PQP  WHERE GS70='R_338' AND GS73='F' ),CFT AS (SELECT GS70,GS01,GS46,GS49,GS71,GS02,right(a,LEN(a)-charindex('*',a)) GS08 FROM CET  ),CHT AS( SELECT DISTINCT GS70,GS01,GS46,GS49,GS71,GS02,CONVERT(FLOAT,CONVERT(DECIMAL(11,2),GS08)*1.0/10) GS08 FROM CFT  )SELECT GS70,GS01,GS46,GS49,GS71,GS02,CONVERT(VARCHAR,GS08) GS08,'' GS07,PQF13,PQF31 FROM CHT A INNER JOIN R_PQF B ON A.GS01=B.PQF01  WHERE (SELECT COUNT(1) FROM R_PQO WHERE GS01=JM90 AND GS02=JM09 AND CONVERT(VARCHAR,GS08)=CONVERT(VARCHAR,CONVERT(FLOAT,CONVERT(DECIMAL(11,4),JM96))))=0 and GS01 not in (SELECT JM90 FROM R_PQO WHERE JM116='1' )
09:20:13.000 从数据类型 nvarchar 转换为 numeric 时出错。
09:22:35.000 UPDATE R_PQP SET GS73='T' FROM R_PQQ WHERE GS01=CP01 AND GS35=CP09 AND (GS35  LIKE '%丝印%' OR GS35 LIKE '%雕刻%' OR GS35  LIKE '%砂皮%' OR GS35  LIKE '%走台印%' OR GS35  LIKE '%冲印%') 
09:22:35.000 UPDATE R_PQP SET GS73='T' FROM R_PQAH WHERE GS01=AH01 AND GS35=AH18 AND (GS35  LIKE '%丝印%' OR GS35 LIKE '%雕刻%' OR GS35  LIKE '%砂皮%' OR GS35  LIKE '%走台印%' OR GS35  LIKE '%冲印%')
09:22:35.000 UPDATE R_PQP SET GS73='T' FROM R_PQI WHERE GS01=YQ03 AND  GS35 LIKE '%油漆%'  AND YQ139='1'
09:22:35.000 UPDATE R_PQP SET GS73='T' FROM R_PQAF WHERE GS01=AF002 AND GS07=AF015 AND GS02=AF084 AND GS08 ='Φ'+CONVERT(VARCHAR,CONVERT(FLOAT,AF022*10))+'*'+CONVERT(VARCHAR,CONVERT(FLOAT,AF020*10)) 
09:22:35.000 UPDATE R_PQP SET GS73='T' FROM R_PQU WHERE GS01=PQU01 AND GS07=PQU10 AND GS08=PQU12  
09:22:35.000 UPDATE R_PQP SET GS73='T' FROM R_PQS WHERE GS01=PJ01 AND GS56=PJ09 AND GS57=PJ89  
09:22:35.000 UPDATE R_PQP SET GS73='T' FROM R_PQT WHERE GS01=WX01 AND GS56=WX10 AND GS57=WX11 
09:22:36.000 WITH CET AS (select GS70,GS01,GS46,GS49,GS71,GS02,right(GS08,len(GS08) - charindex('*',GS08) ) a from R_PQP  WHERE GS70='R_338' AND GS73='F' ),CFT AS (SELECT GS70,GS01,GS46,GS49,GS71,GS02,right(a,LEN(a)-charindex('*',a)) GS08 FROM CET  ),CHT AS( SELECT DISTINCT GS70,GS01,GS46,GS49,GS71,GS02,CONVERT(FLOAT,CONVERT(DECIMAL(11,2),GS08)*1.0/10) GS08 FROM CFT  )SELECT GS70,GS01,GS46,GS49,GS71,GS02,CONVERT(VARCHAR,GS08) GS08,'' GS07,PQF13,PQF31 FROM CHT A INNER JOIN R_PQF B ON A.GS01=B.PQF01  WHERE (SELECT COUNT(1) FROM R_PQO WHERE GS01=JM90 AND GS02=JM09 AND CONVERT(VARCHAR,GS08)=CONVERT(VARCHAR,CONVERT(FLOAT,CONVERT(DECIMAL(11,4),JM96))))=0 and GS01 not in (SELECT JM90 FROM R_PQO WHERE JM116='1' )
09:22:36.000 从数据类型 nvarchar 转换为 numeric 时出错。
