11:22:27.000 UPDATE R_PQP SET GS73='T' FROM R_PQQ WHERE GS01=CP01 AND GS35=CP09 AND (GS35  LIKE '%丝印%' OR GS35 LIKE '%雕刻%' OR GS35  LIKE '%砂皮%' OR GS35  LIKE '%走台印%' OR GS35  LIKE '%冲印%') 
11:22:27.000 UPDATE R_PQP SET GS73='T' FROM R_PQAH WHERE GS01=AH01 AND GS35=AH18 AND (GS35  LIKE '%丝印%' OR GS35 LIKE '%雕刻%' OR GS35  LIKE '%砂皮%' OR GS35  LIKE '%走台印%' OR GS35  LIKE '%冲印%')
11:22:28.000 UPDATE R_PQP SET GS73='T' FROM R_PQI WHERE GS01=YQ03 AND  GS35 LIKE '%油漆%'  AND YQ139='1'
11:22:28.000 UPDATE R_PQP SET GS73='T' FROM R_PQAF WHERE GS01=AF002 AND GS07=AF015 AND GS02=AF084 AND GS08 ='Φ'+CONVERT(VARCHAR,CONVERT(FLOAT,AF022*10))+'*'+CONVERT(VARCHAR,CONVERT(FLOAT,AF020*10)) 
11:22:28.000 UPDATE R_PQP SET GS73='T' FROM R_PQU WHERE GS01=PQU01 AND GS07=PQU10 AND GS08=PQU12  
11:22:29.000 UPDATE R_PQP SET GS73='T' FROM R_PQS WHERE GS01=PJ01 AND GS56=PJ09 AND GS57=PJ89  
11:22:29.000 UPDATE R_PQP SET GS73='T' FROM R_PQT WHERE GS01=WX01 AND GS56=WX10 AND GS57=WX11 
11:22:29.000 WITH CET AS (select GS70,GS01,GS46,GS49,GS71,GS02,right(GS08,len(GS08) - charindex('*',GS08) ) a from R_PQP  WHERE GS70='R_338' AND GS73='F' ),CFT AS (SELECT GS70,GS01,GS46,GS49,GS71,GS02,right(a,LEN(a)-charindex('*',a)) GS08 FROM CET  ),CHT AS( SELECT DISTINCT GS70,GS01,GS46,GS49,GS71,GS02,CONVERT(FLOAT,CONVERT(DECIMAL(11,2),GS08)*1.0/10) GS08 FROM CFT  )SELECT GS70,GS01,GS46,GS49,GS71,GS02,CONVERT(VARCHAR,GS08) GS08,'' GS07,PQF13,PQF31 FROM CHT A INNER JOIN R_PQF B ON A.GS01=B.PQF01  WHERE (SELECT COUNT(1) FROM R_PQO WHERE GS01=JM90 AND GS02=JM09 AND CONVERT(VARCHAR,GS08)=CONVERT(VARCHAR,CONVERT(FLOAT,CONVERT(DECIMAL(11,4),JM96))))=0 and GS01 not in (SELECT JM90 FROM R_PQO WHERE JM116='1' )
11:22:29.000 从数据类型 nvarchar 转换为 numeric 时出错。
11:23:48.000 INSERT INTO R_PQT (WX01,WX83,WX84,WX85,WX86,WX02,WX10,WX11,WX12,WX13,WX14,WX15,WX16,WX87,WX17,WX18,WX19,WX20,WX23,WX24,WX25,WX26,WX27,WX28,WX29,WX30,WX31,WX32,WX33,WX35,WX36,WX37,WX38,WX39,WX40,WX41,WX42,WX43,WX44,WX45,WX46,WX47,WX48,WX49,WX50,WX51,WX56,WX57,WX58,WX59,WX60,WX61,WX62,WX63,WX64,WX65,WX66,WX67,WX68,WX72,WX77,WX78,WX79) SELECT WX01,WX83,WX84,WX85,WX86,WX02,WX10,WX11,WX12,WX13,WX14,WX15,WX16,WX87,WX17,WX18,WX19,WX20,WX23,WX24,WX25,WX26,WX27,WX28,WX29,WX30,WX31,WX32,WX33,WX35,WX36,WX37,WX38,WX39,WX40,WX41,WX42,WX43,WX44,WX45,WX46,WX47,WX48,WX49,WX50,WX51,WX56,WX57,WX58,WX59,WX60,WX61,WX62,WX63,WX64,WX65,WX66,WX67,WX68,WX72,WX77,WX78,WX79 FROM R_PQT WHERE WX82='R_349-20190219009'
11:23:48.000 INSERT INTO R_PQBF (BF001,BF002,BF003,BF004,BF005,BF006,BF007,BF008) VALUES ('R_349','外箱、中包、彩盒、纸片（卡）等采购合同','廖灵飞','2019/2/20 11:23:48','R_349-20190219009','INSERT INTO R_PQT (WX01,WX83,WX84,WX85,WX86,WX02,WX10,WX11,WX12,WX13,WX14,WX15,WX16,WX87,WX17,WX18,WX19,WX20,WX23,WX24,WX25,WX26,WX27,WX28,WX29,WX30,WX31,WX32,WX33,WX35,WX36,WX37,WX38,WX39,WX40,WX41,WX42,WX43,WX44,WX45,WX46,WX47,WX48,WX49,WX50,WX51,WX56,WX57,WX58,WX59,WX60,WX61,WX62,WX63,WX64,WX65,WX66,WX67,WX68,WX72,WX77,WX78,WX79) SELECT WX01,WX83,WX84,WX85,WX86,WX02,WX10,WX11,WX12,WX13,WX14,WX15,WX16,WX87,WX17,WX18,WX19,WX20,WX23,WX24,WX25,WX26,WX27,WX28,WX29,WX30,WX31,WX32,WX33,WX35,WX36,WX37,WX38,WX39,WX40,WX41,WX42,WX43,WX44,WX45,WX46,WX47,WX48,WX49,WX50,WX51,WX56,WX57,WX58,WX59,WX60,WX61,WX62,WX63,WX64,WX65,WX66,WX67,WX68,WX72,WX77,WX78,WX79 FROM R_PQT WHERE WX82=''R_349-20190219009''','复制','更改复制')
11:23:48.000 UPDATE R_PQT SET WX82='R_349-20190220001',WX89='复制',WX21=DATEADD(DAY,5,GETDATE()) WHERE WX82 IS NULL
11:23:48.000 INSERT INTO R_PQBF (BF001,BF002,BF003,BF004,BF005,BF006,BF007,BF008) VALUES ('R_349','外箱、中包、彩盒、纸片（卡）等采购合同','廖灵飞','2019/2/20 11:23:48','R_349-20190220001','UPDATE R_PQT SET WX82=''R_349-20190220001'',WX89=''复制'',WX21=DATEADD(DAY,5,GETDATE()) WHERE WX82 IS NULL','复制','更改复制单号')
11:30:40.000 UPDATE R_PQP SET GS73='T' FROM R_PQQ WHERE GS01=CP01 AND GS35=CP09 AND (GS35  LIKE '%丝印%' OR GS35 LIKE '%雕刻%' OR GS35  LIKE '%砂皮%' OR GS35  LIKE '%走台印%' OR GS35  LIKE '%冲印%') 
11:30:41.000 UPDATE R_PQP SET GS73='T' FROM R_PQAH WHERE GS01=AH01 AND GS35=AH18 AND (GS35  LIKE '%丝印%' OR GS35 LIKE '%雕刻%' OR GS35  LIKE '%砂皮%' OR GS35  LIKE '%走台印%' OR GS35  LIKE '%冲印%')
11:30:41.000 UPDATE R_PQP SET GS73='T' FROM R_PQI WHERE GS01=YQ03 AND  GS35 LIKE '%油漆%'  AND YQ139='1'
11:30:41.000 UPDATE R_PQP SET GS73='T' FROM R_PQAF WHERE GS01=AF002 AND GS07=AF015 AND GS02=AF084 AND GS08 ='Φ'+CONVERT(VARCHAR,CONVERT(FLOAT,AF022*10))+'*'+CONVERT(VARCHAR,CONVERT(FLOAT,AF020*10)) 
11:30:41.000 UPDATE R_PQP SET GS73='T' FROM R_PQU WHERE GS01=PQU01 AND GS07=PQU10 AND GS08=PQU12  
11:30:41.000 UPDATE R_PQP SET GS73='T' FROM R_PQS WHERE GS01=PJ01 AND GS56=PJ09 AND GS57=PJ89  
11:30:41.000 UPDATE R_PQP SET GS73='T' FROM R_PQT WHERE GS01=WX01 AND GS56=WX10 AND GS57=WX11 
11:30:42.000 WITH CET AS (select GS70,GS01,GS46,GS49,GS71,GS02,right(GS08,len(GS08) - charindex('*',GS08) ) a from R_PQP  WHERE GS70='R_338' AND GS73='F' ),CFT AS (SELECT GS70,GS01,GS46,GS49,GS71,GS02,right(a,LEN(a)-charindex('*',a)) GS08 FROM CET  ),CHT AS( SELECT DISTINCT GS70,GS01,GS46,GS49,GS71,GS02,CONVERT(FLOAT,CONVERT(DECIMAL(11,2),GS08)*1.0/10) GS08 FROM CFT  )SELECT GS70,GS01,GS46,GS49,GS71,GS02,CONVERT(VARCHAR,GS08) GS08,'' GS07,PQF13,PQF31 FROM CHT A INNER JOIN R_PQF B ON A.GS01=B.PQF01  WHERE (SELECT COUNT(1) FROM R_PQO WHERE GS01=JM90 AND GS02=JM09 AND CONVERT(VARCHAR,GS08)=CONVERT(VARCHAR,CONVERT(FLOAT,CONVERT(DECIMAL(11,4),JM96))))=0 and GS01 not in (SELECT JM90 FROM R_PQO WHERE JM116='1' )
11:30:42.000 从数据类型 nvarchar 转换为 numeric 时出错。
11:31:23.000 UPDATE R_PQP SET GS73='T' FROM R_PQQ WHERE GS01=CP01 AND GS35=CP09 AND (GS35  LIKE '%丝印%' OR GS35 LIKE '%雕刻%' OR GS35  LIKE '%砂皮%' OR GS35  LIKE '%走台印%' OR GS35  LIKE '%冲印%') 
11:31:23.000 UPDATE R_PQP SET GS73='T' FROM R_PQAH WHERE GS01=AH01 AND GS35=AH18 AND (GS35  LIKE '%丝印%' OR GS35 LIKE '%雕刻%' OR GS35  LIKE '%砂皮%' OR GS35  LIKE '%走台印%' OR GS35  LIKE '%冲印%')
11:31:23.000 UPDATE R_PQP SET GS73='T' FROM R_PQI WHERE GS01=YQ03 AND  GS35 LIKE '%油漆%'  AND YQ139='1'
11:31:23.000 UPDATE R_PQP SET GS73='T' FROM R_PQAF WHERE GS01=AF002 AND GS07=AF015 AND GS02=AF084 AND GS08 ='Φ'+CONVERT(VARCHAR,CONVERT(FLOAT,AF022*10))+'*'+CONVERT(VARCHAR,CONVERT(FLOAT,AF020*10)) 
11:31:23.000 UPDATE R_PQP SET GS73='T' FROM R_PQU WHERE GS01=PQU01 AND GS07=PQU10 AND GS08=PQU12  
11:31:24.000 UPDATE R_PQP SET GS73='T' FROM R_PQS WHERE GS01=PJ01 AND GS56=PJ09 AND GS57=PJ89  
11:31:24.000 UPDATE R_PQP SET GS73='T' FROM R_PQT WHERE GS01=WX01 AND GS56=WX10 AND GS57=WX11 
11:31:24.000 WITH CET AS (select GS70,GS01,GS46,GS49,GS71,GS02,right(GS08,len(GS08) - charindex('*',GS08) ) a from R_PQP  WHERE GS70='R_338' AND GS73='F' ),CFT AS (SELECT GS70,GS01,GS46,GS49,GS71,GS02,right(a,LEN(a)-charindex('*',a)) GS08 FROM CET  ),CHT AS( SELECT DISTINCT GS70,GS01,GS46,GS49,GS71,GS02,CONVERT(FLOAT,CONVERT(DECIMAL(11,2),GS08)*1.0/10) GS08 FROM CFT  )SELECT GS70,GS01,GS46,GS49,GS71,GS02,CONVERT(VARCHAR,GS08) GS08,'' GS07,PQF13,PQF31 FROM CHT A INNER JOIN R_PQF B ON A.GS01=B.PQF01  WHERE (SELECT COUNT(1) FROM R_PQO WHERE GS01=JM90 AND GS02=JM09 AND CONVERT(VARCHAR,GS08)=CONVERT(VARCHAR,CONVERT(FLOAT,CONVERT(DECIMAL(11,4),JM96))))=0 and GS01 not in (SELECT JM90 FROM R_PQO WHERE JM116='1' )
11:31:24.000 从数据类型 nvarchar 转换为 numeric 时出错。
11:31:51.000 DELETE FROM R_PQT WHERE WX82='R_349-20190220001'
11:31:51.000 DELETE FROM R_REVIEWS WHERE RES01='R_349' AND RES06='R_349-20190220001'
11:31:51.000 INSERT INTO R_PQBF (BF001,BF002,BF003,BF004,BF005,BF006,BF007,BF008) VALUES ('R_349','外箱、中包、彩盒、纸片（卡）等采购合同','廖灵飞','2019/2/20 11:31:51','R_349-20190220001','DELETE FROM R_PQT WHERE WX82=''R_349-20190220001''','删除','更改删除')
11:31:55.000 INSERT INTO R_PQT (WX01,WX83,WX84,WX85,WX86,WX02,WX10,WX11,WX12,WX13,WX14,WX15,WX16,WX87,WX17,WX18,WX19,WX20,WX23,WX24,WX25,WX26,WX27,WX28,WX29,WX30,WX31,WX32,WX33,WX35,WX36,WX37,WX38,WX39,WX40,WX41,WX42,WX43,WX44,WX45,WX46,WX47,WX48,WX49,WX50,WX51,WX56,WX57,WX58,WX59,WX60,WX61,WX62,WX63,WX64,WX65,WX66,WX67,WX68,WX72,WX77,WX78,WX79) SELECT WX01,WX83,WX84,WX85,WX86,WX02,WX10,WX11,WX12,WX13,WX14,WX15,WX16,WX87,WX17,WX18,WX19,WX20,WX23,WX24,WX25,WX26,WX27,WX28,WX29,WX30,WX31,WX32,WX33,WX35,WX36,WX37,WX38,WX39,WX40,WX41,WX42,WX43,WX44,WX45,WX46,WX47,WX48,WX49,WX50,WX51,WX56,WX57,WX58,WX59,WX60,WX61,WX62,WX63,WX64,WX65,WX66,WX67,WX68,WX72,WX77,WX78,WX79 FROM R_PQT WHERE WX82='R_349-20190219009'
11:31:55.000 INSERT INTO R_PQBF (BF001,BF002,BF003,BF004,BF005,BF006,BF007,BF008) VALUES ('R_349','外箱、中包、彩盒、纸片（卡）等采购合同','廖灵飞','2019/2/20 11:31:55','R_349-20190219009','INSERT INTO R_PQT (WX01,WX83,WX84,WX85,WX86,WX02,WX10,WX11,WX12,WX13,WX14,WX15,WX16,WX87,WX17,WX18,WX19,WX20,WX23,WX24,WX25,WX26,WX27,WX28,WX29,WX30,WX31,WX32,WX33,WX35,WX36,WX37,WX38,WX39,WX40,WX41,WX42,WX43,WX44,WX45,WX46,WX47,WX48,WX49,WX50,WX51,WX56,WX57,WX58,WX59,WX60,WX61,WX62,WX63,WX64,WX65,WX66,WX67,WX68,WX72,WX77,WX78,WX79) SELECT WX01,WX83,WX84,WX85,WX86,WX02,WX10,WX11,WX12,WX13,WX14,WX15,WX16,WX87,WX17,WX18,WX19,WX20,WX23,WX24,WX25,WX26,WX27,WX28,WX29,WX30,WX31,WX32,WX33,WX35,WX36,WX37,WX38,WX39,WX40,WX41,WX42,WX43,WX44,WX45,WX46,WX47,WX48,WX49,WX50,WX51,WX56,WX57,WX58,WX59,WX60,WX61,WX62,WX63,WX64,WX65,WX66,WX67,WX68,WX72,WX77,WX78,WX79 FROM R_PQT WHERE WX82=''R_349-20190219009''','复制','更改复制')
11:31:55.000 UPDATE R_PQT SET WX82='R_349-20190220002',WX89='复制',WX21=DATEADD(DAY,5,GETDATE()) WHERE WX82 IS NULL
11:31:55.000 INSERT INTO R_PQBF (BF001,BF002,BF003,BF004,BF005,BF006,BF007,BF008) VALUES ('R_349','外箱、中包、彩盒、纸片（卡）等采购合同','廖灵飞','2019/2/20 11:31:55','R_349-20190220002','UPDATE R_PQT SET WX82=''R_349-20190220002'',WX89=''复制'',WX21=DATEADD(DAY,5,GETDATE()) WHERE WX82 IS NULL','复制','更改复制单号')
13:31:45.000 UPDATE R_PQP SET GS73='T' FROM R_PQQ WHERE GS01=CP01 AND GS35=CP09 AND (GS35  LIKE '%丝印%' OR GS35 LIKE '%雕刻%' OR GS35  LIKE '%砂皮%' OR GS35  LIKE '%走台印%' OR GS35  LIKE '%冲印%') 
13:31:45.000 UPDATE R_PQP SET GS73='T' FROM R_PQAH WHERE GS01=AH01 AND GS35=AH18 AND (GS35  LIKE '%丝印%' OR GS35 LIKE '%雕刻%' OR GS35  LIKE '%砂皮%' OR GS35  LIKE '%走台印%' OR GS35  LIKE '%冲印%')
13:31:45.000 UPDATE R_PQP SET GS73='T' FROM R_PQI WHERE GS01=YQ03 AND  GS35 LIKE '%油漆%'  AND YQ139='1'
13:31:45.000 UPDATE R_PQP SET GS73='T' FROM R_PQAF WHERE GS01=AF002 AND GS07=AF015 AND GS02=AF084 AND GS08 ='Φ'+CONVERT(VARCHAR,CONVERT(FLOAT,AF022*10))+'*'+CONVERT(VARCHAR,CONVERT(FLOAT,AF020*10)) 
13:31:45.000 UPDATE R_PQP SET GS73='T' FROM R_PQU WHERE GS01=PQU01 AND GS07=PQU10 AND GS08=PQU12  
13:31:45.000 UPDATE R_PQP SET GS73='T' FROM R_PQS WHERE GS01=PJ01 AND GS56=PJ09 AND GS57=PJ89  
13:31:46.000 UPDATE R_PQP SET GS73='T' FROM R_PQT WHERE GS01=WX01 AND GS56=WX10 AND GS57=WX11 
13:31:46.000 WITH CET AS (select GS70,GS01,GS46,GS49,GS71,GS02,right(GS08,len(GS08) - charindex('*',GS08) ) a from R_PQP  WHERE GS70='R_338' AND GS73='F' ),CFT AS (SELECT GS70,GS01,GS46,GS49,GS71,GS02,right(a,LEN(a)-charindex('*',a)) GS08 FROM CET  ),CHT AS( SELECT DISTINCT GS70,GS01,GS46,GS49,GS71,GS02,CONVERT(FLOAT,CONVERT(DECIMAL(11,2),GS08)*1.0/10) GS08 FROM CFT  )SELECT GS70,GS01,GS46,GS49,GS71,GS02,CONVERT(VARCHAR,GS08) GS08,'' GS07,PQF13,PQF31 FROM CHT A INNER JOIN R_PQF B ON A.GS01=B.PQF01  WHERE (SELECT COUNT(1) FROM R_PQO WHERE GS01=JM90 AND GS02=JM09 AND CONVERT(VARCHAR,GS08)=CONVERT(VARCHAR,CONVERT(FLOAT,CONVERT(DECIMAL(11,4),JM96))))=0 and GS01 not in (SELECT JM90 FROM R_PQO WHERE JM116='1' )
13:31:46.000 从数据类型 nvarchar 转换为 numeric 时出错。
