10:03:02.000 UPDATE R_PQP SET GS73='T' FROM R_PQQ WHERE GS01=CP01 AND GS35=CP09 AND (GS35  LIKE '%丝印%' OR GS35 LIKE '%雕刻%' OR GS35  LIKE '%砂皮%' OR GS35  LIKE '%走台印%' OR GS35  LIKE '%冲印%') 
10:03:03.000 UPDATE R_PQP SET GS73='T' FROM R_PQAH WHERE GS01=AH01 AND GS35=AH18 AND (GS35  LIKE '%丝印%' OR GS35 LIKE '%雕刻%' OR GS35  LIKE '%砂皮%' OR GS35  LIKE '%走台印%' OR GS35  LIKE '%冲印%')
10:03:03.000 UPDATE R_PQP SET GS73='T' FROM R_PQI WHERE GS01=YQ03 AND  GS35 LIKE '%油漆%'  AND YQ139='1'
10:03:03.000 UPDATE R_PQP SET GS73='T' FROM R_PQAF WHERE GS01=AF002 AND GS07=AF015 AND GS02=AF084 AND GS08 ='Φ'+CONVERT(VARCHAR,CONVERT(FLOAT,AF022*10))+'*'+CONVERT(VARCHAR,CONVERT(FLOAT,AF020*10)) 
10:03:04.000 UPDATE R_PQP SET GS73='T' FROM R_PQU WHERE GS01=PQU01 AND GS07=PQU10 AND GS08=PQU12  
10:03:05.000 UPDATE R_PQP SET GS73='T' FROM R_PQS WHERE GS01=PJ01 AND GS56=PJ09 AND GS57=PJ89  
10:03:05.000 UPDATE R_PQP SET GS73='T' FROM R_PQT WHERE GS01=WX01 AND GS56=WX10 AND GS57=WX11 
10:03:05.000 WITH CET AS (select GS70,GS01,GS46,GS49,GS71,GS02,right(GS08,len(GS08) - charindex('*',GS08) ) a from R_PQP  WHERE GS70='R_338' AND GS73='F' ),CFT AS (SELECT GS70,GS01,GS46,GS49,GS71,GS02,right(a,LEN(a)-charindex('*',a)) GS08 FROM CET  ),CHT AS( SELECT DISTINCT GS70,GS01,GS46,GS49,GS71,GS02,CONVERT(FLOAT,CONVERT(DECIMAL(11,2),GS08)*1.0/10) GS08 FROM CFT  )SELECT GS70,GS01,GS46,GS49,GS71,GS02,CONVERT(VARCHAR,GS08) GS08,'' GS07,PQF13,PQF31 FROM CHT A INNER JOIN R_PQF B ON A.GS01=B.PQF01  WHERE (SELECT COUNT(1) FROM R_PQO WHERE GS01=JM90 AND GS02=JM09 AND CONVERT(VARCHAR,GS08)=CONVERT(VARCHAR,CONVERT(FLOAT,CONVERT(DECIMAL(11,4),JM96))))=0 and GS01 not in (SELECT JM90 FROM R_PQO WHERE JM116='1' )
10:03:05.000 从数据类型 nvarchar 转换为 numeric 时出错。
10:23:30.000 UPDATE R_PQP SET GS73='T' FROM R_PQQ WHERE GS01=CP01 AND GS35=CP09 AND (GS35  LIKE '%丝印%' OR GS35 LIKE '%雕刻%' OR GS35  LIKE '%砂皮%' OR GS35  LIKE '%走台印%' OR GS35  LIKE '%冲印%') 
10:23:30.000 UPDATE R_PQP SET GS73='T' FROM R_PQAH WHERE GS01=AH01 AND GS35=AH18 AND (GS35  LIKE '%丝印%' OR GS35 LIKE '%雕刻%' OR GS35  LIKE '%砂皮%' OR GS35  LIKE '%走台印%' OR GS35  LIKE '%冲印%')
10:23:30.000 UPDATE R_PQP SET GS73='T' FROM R_PQI WHERE GS01=YQ03 AND  GS35 LIKE '%油漆%'  AND YQ139='1'
10:23:30.000 UPDATE R_PQP SET GS73='T' FROM R_PQAF WHERE GS01=AF002 AND GS07=AF015 AND GS02=AF084 AND GS08 ='Φ'+CONVERT(VARCHAR,CONVERT(FLOAT,AF022*10))+'*'+CONVERT(VARCHAR,CONVERT(FLOAT,AF020*10)) 
10:23:31.000 UPDATE R_PQP SET GS73='T' FROM R_PQU WHERE GS01=PQU01 AND GS07=PQU10 AND GS08=PQU12  
10:23:31.000 UPDATE R_PQP SET GS73='T' FROM R_PQS WHERE GS01=PJ01 AND GS56=PJ09 AND GS57=PJ89  
10:23:31.000 UPDATE R_PQP SET GS73='T' FROM R_PQT WHERE GS01=WX01 AND GS56=WX10 AND GS57=WX11 
10:23:32.000 WITH CET AS (select GS70,GS01,GS46,GS49,GS71,GS02,right(GS08,len(GS08) - charindex('*',GS08) ) a from R_PQP  WHERE GS70='R_338' AND GS73='F' ),CFT AS (SELECT GS70,GS01,GS46,GS49,GS71,GS02,right(a,LEN(a)-charindex('*',a)) GS08 FROM CET  ),CHT AS( SELECT DISTINCT GS70,GS01,GS46,GS49,GS71,GS02,CONVERT(FLOAT,CONVERT(DECIMAL(11,2),GS08)*1.0/10) GS08 FROM CFT  )SELECT GS70,GS01,GS46,GS49,GS71,GS02,CONVERT(VARCHAR,GS08) GS08,'' GS07,PQF13,PQF31 FROM CHT A INNER JOIN R_PQF B ON A.GS01=B.PQF01  WHERE (SELECT COUNT(1) FROM R_PQO WHERE GS01=JM90 AND GS02=JM09 AND CONVERT(VARCHAR,GS08)=CONVERT(VARCHAR,CONVERT(FLOAT,CONVERT(DECIMAL(11,4),JM96))))=0 and GS01 not in (SELECT JM90 FROM R_PQO WHERE JM116='1' )
10:23:32.000 从数据类型 nvarchar 转换为 numeric 时出错。
10:32:00.000 UPDATE R_PQP SET GS73='T' FROM R_PQQ WHERE GS01=CP01 AND GS35=CP09 AND (GS35  LIKE '%丝印%' OR GS35 LIKE '%雕刻%' OR GS35  LIKE '%砂皮%' OR GS35  LIKE '%走台印%' OR GS35  LIKE '%冲印%') 
10:32:00.000 UPDATE R_PQP SET GS73='T' FROM R_PQAH WHERE GS01=AH01 AND GS35=AH18 AND (GS35  LIKE '%丝印%' OR GS35 LIKE '%雕刻%' OR GS35  LIKE '%砂皮%' OR GS35  LIKE '%走台印%' OR GS35  LIKE '%冲印%')
10:32:00.000 UPDATE R_PQP SET GS73='T' FROM R_PQI WHERE GS01=YQ03 AND  GS35 LIKE '%油漆%'  AND YQ139='1'
10:32:00.000 UPDATE R_PQP SET GS73='T' FROM R_PQAF WHERE GS01=AF002 AND GS07=AF015 AND GS02=AF084 AND GS08 ='Φ'+CONVERT(VARCHAR,CONVERT(FLOAT,AF022*10))+'*'+CONVERT(VARCHAR,CONVERT(FLOAT,AF020*10)) 
10:32:01.000 UPDATE R_PQP SET GS73='T' FROM R_PQU WHERE GS01=PQU01 AND GS07=PQU10 AND GS08=PQU12  
10:32:01.000 UPDATE R_PQP SET GS73='T' FROM R_PQS WHERE GS01=PJ01 AND GS56=PJ09 AND GS57=PJ89  
10:32:02.000 UPDATE R_PQP SET GS73='T' FROM R_PQT WHERE GS01=WX01 AND GS56=WX10 AND GS57=WX11 
10:32:02.000 WITH CET AS (select GS70,GS01,GS46,GS49,GS71,GS02,right(GS08,len(GS08) - charindex('*',GS08) ) a from R_PQP  WHERE GS70='R_338' AND GS73='F' ),CFT AS (SELECT GS70,GS01,GS46,GS49,GS71,GS02,right(a,LEN(a)-charindex('*',a)) GS08 FROM CET  ),CHT AS( SELECT DISTINCT GS70,GS01,GS46,GS49,GS71,GS02,CONVERT(FLOAT,CONVERT(DECIMAL(11,2),GS08)*1.0/10) GS08 FROM CFT  )SELECT GS70,GS01,GS46,GS49,GS71,GS02,CONVERT(VARCHAR,GS08) GS08,'' GS07,PQF13,PQF31 FROM CHT A INNER JOIN R_PQF B ON A.GS01=B.PQF01  WHERE (SELECT COUNT(1) FROM R_PQO WHERE GS01=JM90 AND GS02=JM09 AND CONVERT(VARCHAR,GS08)=CONVERT(VARCHAR,CONVERT(FLOAT,CONVERT(DECIMAL(11,4),JM96))))=0 and GS01 not in (SELECT JM90 FROM R_PQO WHERE JM116='1' )
10:32:02.000 从数据类型 nvarchar 转换为 numeric 时出错。
10:44:25.000 UPDATE R_PQP SET GS73='T' FROM R_PQQ WHERE GS01=CP01 AND GS35=CP09 AND (GS35  LIKE '%丝印%' OR GS35 LIKE '%雕刻%' OR GS35  LIKE '%砂皮%' OR GS35  LIKE '%走台印%' OR GS35  LIKE '%冲印%') 
10:44:25.000 UPDATE R_PQP SET GS73='T' FROM R_PQAH WHERE GS01=AH01 AND GS35=AH18 AND (GS35  LIKE '%丝印%' OR GS35 LIKE '%雕刻%' OR GS35  LIKE '%砂皮%' OR GS35  LIKE '%走台印%' OR GS35  LIKE '%冲印%')
10:44:25.000 UPDATE R_PQP SET GS73='T' FROM R_PQI WHERE GS01=YQ03 AND  GS35 LIKE '%油漆%'  AND YQ139='1'
10:44:25.000 UPDATE R_PQP SET GS73='T' FROM R_PQAF WHERE GS01=AF002 AND GS07=AF015 AND GS02=AF084 AND GS08 ='Φ'+CONVERT(VARCHAR,CONVERT(FLOAT,AF022*10))+'*'+CONVERT(VARCHAR,CONVERT(FLOAT,AF020*10)) 
10:44:25.000 UPDATE R_PQP SET GS73='T' FROM R_PQU WHERE GS01=PQU01 AND GS07=PQU10 AND GS08=PQU12  
10:44:26.000 UPDATE R_PQP SET GS73='T' FROM R_PQS WHERE GS01=PJ01 AND GS56=PJ09 AND GS57=PJ89  
10:44:26.000 UPDATE R_PQP SET GS73='T' FROM R_PQT WHERE GS01=WX01 AND GS56=WX10 AND GS57=WX11 
10:44:27.000 WITH CET AS (select GS70,GS01,GS46,GS49,GS71,GS02,right(GS08,len(GS08) - charindex('*',GS08) ) a from R_PQP  WHERE GS70='R_338' AND GS73='F' ),CFT AS (SELECT GS70,GS01,GS46,GS49,GS71,GS02,right(a,LEN(a)-charindex('*',a)) GS08 FROM CET  ),CHT AS( SELECT DISTINCT GS70,GS01,GS46,GS49,GS71,GS02,CONVERT(FLOAT,CONVERT(DECIMAL(11,2),GS08)*1.0/10) GS08 FROM CFT  )SELECT GS70,GS01,GS46,GS49,GS71,GS02,CONVERT(VARCHAR,GS08) GS08,'' GS07,PQF13,PQF31 FROM CHT A INNER JOIN R_PQF B ON A.GS01=B.PQF01  WHERE (SELECT COUNT(1) FROM R_PQO WHERE GS01=JM90 AND GS02=JM09 AND CONVERT(VARCHAR,GS08)=CONVERT(VARCHAR,CONVERT(FLOAT,CONVERT(DECIMAL(11,4),JM96))))=0 and GS01 not in (SELECT JM90 FROM R_PQO WHERE JM116='1' )
10:44:27.000 从数据类型 nvarchar 转换为 numeric 时出错。
13:22:05.000 UPDATE R_PQP SET GS73='T' FROM R_PQQ WHERE GS01=CP01 AND GS35=CP09 AND (GS35  LIKE '%丝印%' OR GS35 LIKE '%雕刻%' OR GS35  LIKE '%砂皮%' OR GS35  LIKE '%走台印%' OR GS35  LIKE '%冲印%') 
13:22:06.000 UPDATE R_PQP SET GS73='T' FROM R_PQAH WHERE GS01=AH01 AND GS35=AH18 AND (GS35  LIKE '%丝印%' OR GS35 LIKE '%雕刻%' OR GS35  LIKE '%砂皮%' OR GS35  LIKE '%走台印%' OR GS35  LIKE '%冲印%')
13:22:06.000 UPDATE R_PQP SET GS73='T' FROM R_PQI WHERE GS01=YQ03 AND  GS35 LIKE '%油漆%'  AND YQ139='1'
13:22:07.000 UPDATE R_PQP SET GS73='T' FROM R_PQAF WHERE GS01=AF002 AND GS07=AF015 AND GS02=AF084 AND GS08 ='Φ'+CONVERT(VARCHAR,CONVERT(FLOAT,AF022*10))+'*'+CONVERT(VARCHAR,CONVERT(FLOAT,AF020*10)) 
13:22:07.000 UPDATE R_PQP SET GS73='T' FROM R_PQU WHERE GS01=PQU01 AND GS07=PQU10 AND GS08=PQU12  
13:22:08.000 UPDATE R_PQP SET GS73='T' FROM R_PQS WHERE GS01=PJ01 AND GS56=PJ09 AND GS57=PJ89  
13:22:08.000 UPDATE R_PQP SET GS73='T' FROM R_PQT WHERE GS01=WX01 AND GS56=WX10 AND GS57=WX11 
13:22:08.000 WITH CET AS (select GS70,GS01,GS46,GS49,GS71,GS02,right(GS08,len(GS08) - charindex('*',GS08) ) a from R_PQP  WHERE GS70='R_338' AND GS73='F' ),CFT AS (SELECT GS70,GS01,GS46,GS49,GS71,GS02,right(a,LEN(a)-charindex('*',a)) GS08 FROM CET  ),CHT AS( SELECT DISTINCT GS70,GS01,GS46,GS49,GS71,GS02,CONVERT(FLOAT,CONVERT(DECIMAL(11,2),GS08)*1.0/10) GS08 FROM CFT  )SELECT GS70,GS01,GS46,GS49,GS71,GS02,CONVERT(VARCHAR,GS08) GS08,'' GS07,PQF13,PQF31 FROM CHT A INNER JOIN R_PQF B ON A.GS01=B.PQF01  WHERE (SELECT COUNT(1) FROM R_PQO WHERE GS01=JM90 AND GS02=JM09 AND CONVERT(VARCHAR,GS08)=CONVERT(VARCHAR,CONVERT(FLOAT,CONVERT(DECIMAL(11,4),JM96))))=0 and GS01 not in (SELECT JM90 FROM R_PQO WHERE JM116='1' )
13:22:08.000 从数据类型 nvarchar 转换为 numeric 时出错。
13:33:39.000 UPDATE R_PQAF SET AF082='T' WHERE AF001 IN ('R_342-20160506001,R_342-20160511012','R_342-20160506001,R_342-20160511012','R_342-20160506001,R_342-20160511012','R_342-20160506001,R_342-20160511012','R_342-20160506001,R_342-20160511012','R_342-20160506001,R_342-20160511012','R_342-20160506001,R_342-20160511012','R_342-20160506001,R_342-20160511012','R_342-20160506001,R_342-20160511012','R_342-20160506001,R_342-20160511012','R_342-20160506001,R_342-20160511012','R_342-20160506001,R_342-20160511012','R_342-20160506004','R_342-20160511011','R_342-20160511011','R_342-20160511011','R_342-20160511011')
13:33:39.000 UPDATE R_PQAC SET AC17='T' WHERE AC18 IN ('R_342-20160506001,R_342-20160511012','R_342-20160506001,R_342-20160511012','R_342-20160506001,R_342-20160511012','R_342-20160506001,R_342-20160511012','R_342-20160506001,R_342-20160511012','R_342-20160506001,R_342-20160511012','R_342-20160506001,R_342-20160511012','R_342-20160506001,R_342-20160511012','R_342-20160506001,R_342-20160511012','R_342-20160506001,R_342-20160511012','R_342-20160506001,R_342-20160511012','R_342-20160506001,R_342-20160511012','R_342-20160506004','R_342-20160511011','R_342-20160511011','R_342-20160511011','R_342-20160511011')
13:33:42.000 SELECT CONVERT(DECIMAL(18,0),CASE WHEN AF020*AF021*AF022=0 THEN 0 ELSE AF023/AF020/AF021/AF022*1000000 END) AF FROM R_PQAF WHERE AF002=(SELECT MAX(AF002) FROM R_PQAF WHERE AF004='NY181208' AND AF002!='18100332' AND AF015='车底板' AND AF020='' AND AF021='' AND AF022='') AND AF004='NY181208' AND AF015='车底板' AND AF020='' AND AF021='' AND AF022=''
13:33:42.000 从数据类型 varchar 转换为 numeric 时出错。
13:33:42.000 SELECT CONVERT(DECIMAL(18,2),AF023*AF019) AF FROM R_PQAF WHERE AF002=(SELECT MAX(AF002) FROM R_PQAF WHERE AF004='NY181208' AND AF002!='18100332' AND AF015='车底板' AND AF020='' AND AF021='' AND AF022='') AND AF004='NY181208' AND AF015='车底板' AND AF020='' AND AF021='' AND AF022=''
13:33:42.000 从数据类型 varchar 转换为 numeric 时出错。
13:33:42.000 SELECT CONVERT(DECIMAL(18,0),CASE WHEN AF020*AF021*AF022=0 THEN 0 ELSE AF023/AF020/AF021/AF022*1000000 END) AF FROM R_PQAF WHERE AF002=(SELECT MAX(AF002) FROM R_PQAF WHERE AF004='NY181208' AND AF002!='18100332' AND AF015='车底板' AND AF020='9.00' AND AF021='' AND AF022='') AND AF004='NY181208' AND AF015='车底板' AND AF020='9.00' AND AF021='' AND AF022=''
13:33:42.000 从数据类型 varchar 转换为 numeric 时出错。
13:33:42.000 SELECT CONVERT(DECIMAL(18,0),CASE WHEN AF020*AF021*AF022=0 THEN 0 ELSE AF023/AF020/AF021/AF022*1000000 END) AF FROM R_PQAF WHERE AF002=(SELECT MAX(AF002) FROM R_PQAF WHERE AF004='NY181208' AND AF002!='18100332' AND AF015='车底板' AND AF020='9.00' AND AF021='' AND AF022='') AND AF004='NY181208' AND AF015='车底板' AND AF020='9.00' AND AF021='' AND AF022=''
13:33:42.000 从数据类型 varchar 转换为 numeric 时出错。
13:33:42.000 SELECT CONVERT(DECIMAL(18,0),CASE WHEN AF020*AF021*AF022=0 THEN 0 ELSE AF023/AF020/AF021/AF022*1000000 END) AF FROM R_PQAF WHERE AF002=(SELECT MAX(AF002) FROM R_PQAF WHERE AF004='NY181208' AND AF002!='18100332' AND AF015='车底板' AND AF020='9.00' AND AF021='3.2' AND AF022='') AND AF004='NY181208' AND AF015='车底板' AND AF020='9.00' AND AF021='3.2' AND AF022=''
13:33:42.000 从数据类型 varchar 转换为 numeric 时出错。
14:52:33.000 UPDATE R_PQP SET GS73='T' FROM R_PQQ WHERE GS01=CP01 AND GS35=CP09 AND (GS35  LIKE '%丝印%' OR GS35 LIKE '%雕刻%' OR GS35  LIKE '%砂皮%' OR GS35  LIKE '%走台印%' OR GS35  LIKE '%冲印%') 
14:52:34.000 UPDATE R_PQP SET GS73='T' FROM R_PQAH WHERE GS01=AH01 AND GS35=AH18 AND (GS35  LIKE '%丝印%' OR GS35 LIKE '%雕刻%' OR GS35  LIKE '%砂皮%' OR GS35  LIKE '%走台印%' OR GS35  LIKE '%冲印%')
14:52:34.000 UPDATE R_PQP SET GS73='T' FROM R_PQI WHERE GS01=YQ03 AND  GS35 LIKE '%油漆%'  AND YQ139='1'
14:52:34.000 UPDATE R_PQP SET GS73='T' FROM R_PQAF WHERE GS01=AF002 AND GS07=AF015 AND GS02=AF084 AND GS08 ='Φ'+CONVERT(VARCHAR,CONVERT(FLOAT,AF022*10))+'*'+CONVERT(VARCHAR,CONVERT(FLOAT,AF020*10)) 
14:52:34.000 UPDATE R_PQP SET GS73='T' FROM R_PQU WHERE GS01=PQU01 AND GS07=PQU10 AND GS08=PQU12  
14:52:34.000 UPDATE R_PQP SET GS73='T' FROM R_PQS WHERE GS01=PJ01 AND GS56=PJ09 AND GS57=PJ89  
14:52:35.000 UPDATE R_PQP SET GS73='T' FROM R_PQT WHERE GS01=WX01 AND GS56=WX10 AND GS57=WX11 
14:52:35.000 WITH CET AS (select GS70,GS01,GS46,GS49,GS71,GS02,right(GS08,len(GS08) - charindex('*',GS08) ) a from R_PQP  WHERE GS70='R_338' AND GS73='F' ),CFT AS (SELECT GS70,GS01,GS46,GS49,GS71,GS02,right(a,LEN(a)-charindex('*',a)) GS08 FROM CET  ),CHT AS( SELECT DISTINCT GS70,GS01,GS46,GS49,GS71,GS02,CONVERT(FLOAT,CONVERT(DECIMAL(11,2),GS08)*1.0/10) GS08 FROM CFT  )SELECT GS70,GS01,GS46,GS49,GS71,GS02,CONVERT(VARCHAR,GS08) GS08,'' GS07,PQF13,PQF31 FROM CHT A INNER JOIN R_PQF B ON A.GS01=B.PQF01  WHERE (SELECT COUNT(1) FROM R_PQO WHERE GS01=JM90 AND GS02=JM09 AND CONVERT(VARCHAR,GS08)=CONVERT(VARCHAR,CONVERT(FLOAT,CONVERT(DECIMAL(11,4),JM96))))=0 and GS01 not in (SELECT JM90 FROM R_PQO WHERE JM116='1' )
14:52:35.000 从数据类型 nvarchar 转换为 numeric 时出错。
14:59:52.000 UPDATE R_PQP SET GS73='T' FROM R_PQQ WHERE GS01=CP01 AND GS35=CP09 AND (GS35  LIKE '%丝印%' OR GS35 LIKE '%雕刻%' OR GS35  LIKE '%砂皮%' OR GS35  LIKE '%走台印%' OR GS35  LIKE '%冲印%') 
14:59:52.000 UPDATE R_PQP SET GS73='T' FROM R_PQAH WHERE GS01=AH01 AND GS35=AH18 AND (GS35  LIKE '%丝印%' OR GS35 LIKE '%雕刻%' OR GS35  LIKE '%砂皮%' OR GS35  LIKE '%走台印%' OR GS35  LIKE '%冲印%')
14:59:52.000 UPDATE R_PQP SET GS73='T' FROM R_PQI WHERE GS01=YQ03 AND  GS35 LIKE '%油漆%'  AND YQ139='1'
14:59:52.000 UPDATE R_PQP SET GS73='T' FROM R_PQAF WHERE GS01=AF002 AND GS07=AF015 AND GS02=AF084 AND GS08 ='Φ'+CONVERT(VARCHAR,CONVERT(FLOAT,AF022*10))+'*'+CONVERT(VARCHAR,CONVERT(FLOAT,AF020*10)) 
14:59:52.000 UPDATE R_PQP SET GS73='T' FROM R_PQU WHERE GS01=PQU01 AND GS07=PQU10 AND GS08=PQU12  
14:59:53.000 UPDATE R_PQP SET GS73='T' FROM R_PQS WHERE GS01=PJ01 AND GS56=PJ09 AND GS57=PJ89  
14:59:53.000 UPDATE R_PQP SET GS73='T' FROM R_PQT WHERE GS01=WX01 AND GS56=WX10 AND GS57=WX11 
14:59:53.000 WITH CET AS (select GS70,GS01,GS46,GS49,GS71,GS02,right(GS08,len(GS08) - charindex('*',GS08) ) a from R_PQP  WHERE GS70='R_338' AND GS73='F' ),CFT AS (SELECT GS70,GS01,GS46,GS49,GS71,GS02,right(a,LEN(a)-charindex('*',a)) GS08 FROM CET  ),CHT AS( SELECT DISTINCT GS70,GS01,GS46,GS49,GS71,GS02,CONVERT(FLOAT,CONVERT(DECIMAL(11,2),GS08)*1.0/10) GS08 FROM CFT  )SELECT GS70,GS01,GS46,GS49,GS71,GS02,CONVERT(VARCHAR,GS08) GS08,'' GS07,PQF13,PQF31 FROM CHT A INNER JOIN R_PQF B ON A.GS01=B.PQF01  WHERE (SELECT COUNT(1) FROM R_PQO WHERE GS01=JM90 AND GS02=JM09 AND CONVERT(VARCHAR,GS08)=CONVERT(VARCHAR,CONVERT(FLOAT,CONVERT(DECIMAL(11,4),JM96))))=0 and GS01 not in (SELECT JM90 FROM R_PQO WHERE JM116='1' )
14:59:53.000 从数据类型 nvarchar 转换为 numeric 时出错。
15:01:58.000 UPDATE R_PQP SET GS73='T' FROM R_PQQ WHERE GS01=CP01 AND GS35=CP09 AND (GS35  LIKE '%丝印%' OR GS35 LIKE '%雕刻%' OR GS35  LIKE '%砂皮%' OR GS35  LIKE '%走台印%' OR GS35  LIKE '%冲印%') 
15:01:58.000 UPDATE R_PQP SET GS73='T' FROM R_PQAH WHERE GS01=AH01 AND GS35=AH18 AND (GS35  LIKE '%丝印%' OR GS35 LIKE '%雕刻%' OR GS35  LIKE '%砂皮%' OR GS35  LIKE '%走台印%' OR GS35  LIKE '%冲印%')
15:01:58.000 UPDATE R_PQP SET GS73='T' FROM R_PQI WHERE GS01=YQ03 AND  GS35 LIKE '%油漆%'  AND YQ139='1'
15:01:58.000 UPDATE R_PQP SET GS73='T' FROM R_PQAF WHERE GS01=AF002 AND GS07=AF015 AND GS02=AF084 AND GS08 ='Φ'+CONVERT(VARCHAR,CONVERT(FLOAT,AF022*10))+'*'+CONVERT(VARCHAR,CONVERT(FLOAT,AF020*10)) 
15:01:59.000 UPDATE R_PQP SET GS73='T' FROM R_PQU WHERE GS01=PQU01 AND GS07=PQU10 AND GS08=PQU12  
15:01:59.000 UPDATE R_PQP SET GS73='T' FROM R_PQS WHERE GS01=PJ01 AND GS56=PJ09 AND GS57=PJ89  
15:01:59.000 UPDATE R_PQP SET GS73='T' FROM R_PQT WHERE GS01=WX01 AND GS56=WX10 AND GS57=WX11 
15:02:00.000 WITH CET AS (select GS70,GS01,GS46,GS49,GS71,GS02,right(GS08,len(GS08) - charindex('*',GS08) ) a from R_PQP  WHERE GS70='R_338' AND GS73='F' ),CFT AS (SELECT GS70,GS01,GS46,GS49,GS71,GS02,right(a,LEN(a)-charindex('*',a)) GS08 FROM CET  ),CHT AS( SELECT DISTINCT GS70,GS01,GS46,GS49,GS71,GS02,CONVERT(FLOAT,CONVERT(DECIMAL(11,2),GS08)*1.0/10) GS08 FROM CFT  )SELECT GS70,GS01,GS46,GS49,GS71,GS02,CONVERT(VARCHAR,GS08) GS08,'' GS07,PQF13,PQF31 FROM CHT A INNER JOIN R_PQF B ON A.GS01=B.PQF01  WHERE (SELECT COUNT(1) FROM R_PQO WHERE GS01=JM90 AND GS02=JM09 AND CONVERT(VARCHAR,GS08)=CONVERT(VARCHAR,CONVERT(FLOAT,CONVERT(DECIMAL(11,4),JM96))))=0 and GS01 not in (SELECT JM90 FROM R_PQO WHERE JM116='1' )
15:02:00.000 从数据类型 nvarchar 转换为 numeric 时出错。
15:03:41.000 UPDATE R_PQP SET GS73='T' FROM R_PQQ WHERE GS01=CP01 AND GS35=CP09 AND (GS35  LIKE '%丝印%' OR GS35 LIKE '%雕刻%' OR GS35  LIKE '%砂皮%' OR GS35  LIKE '%走台印%' OR GS35  LIKE '%冲印%') 
15:03:41.000 UPDATE R_PQP SET GS73='T' FROM R_PQAH WHERE GS01=AH01 AND GS35=AH18 AND (GS35  LIKE '%丝印%' OR GS35 LIKE '%雕刻%' OR GS35  LIKE '%砂皮%' OR GS35  LIKE '%走台印%' OR GS35  LIKE '%冲印%')
15:03:42.000 UPDATE R_PQP SET GS73='T' FROM R_PQI WHERE GS01=YQ03 AND  GS35 LIKE '%油漆%'  AND YQ139='1'
15:03:42.000 UPDATE R_PQP SET GS73='T' FROM R_PQAF WHERE GS01=AF002 AND GS07=AF015 AND GS02=AF084 AND GS08 ='Φ'+CONVERT(VARCHAR,CONVERT(FLOAT,AF022*10))+'*'+CONVERT(VARCHAR,CONVERT(FLOAT,AF020*10)) 
15:06:44.000 SELECT GETDATE() t
15:06:44.000 已成功与服务器建立连接，但是在登录过程中发生错误。 (provider: Shared Memory Provider, error: 0 - 管道的另一端上无任何进程。)
15:06:44.138 SELECT GETDATE() t
15:06:44.000 已成功与服务器建立连接，但是在登录过程中发生错误。 (provider: Shared Memory Provider, error: 0 - 管道的另一端上无任何进程。)
15:06:44.139 SELECT GETDATE() t
15:06:44.000 已成功与服务器建立连接，但是在登录过程中发生错误。 (provider: Shared Memory Provider, error: 0 - 管道的另一端上无任何进程。)
15:06:44.140 SELECT GETDATE() t
15:06:44.000 已成功与服务器建立连接，但是在登录过程中发生错误。 (provider: Shared Memory Provider, error: 0 - 管道的另一端上无任何进程。)
15:06:44.141 SELECT GETDATE() t
15:06:44.000 已成功与服务器建立连接，但是在登录过程中发生错误。 (provider: Shared Memory Provider, error: 0 - 管道的另一端上无任何进程。)
15:06:44.142 SELECT GETDATE() t
15:06:44.000 已成功与服务器建立连接，但是在登录过程中发生错误。 (provider: Shared Memory Provider, error: 0 - 管道的另一端上无任何进程。)
15:06:44.142 SELECT GETDATE() t
15:06:44.000 已成功与服务器建立连接，但是在登录过程中发生错误。 (provider: Shared Memory Provider, error: 0 - 管道的另一端上无任何进程。)
15:06:44.143 SELECT GETDATE() t
15:06:44.000 已成功与服务器建立连接，但是在登录过程中发生错误。 (provider: Shared Memory Provider, error: 0 - 管道的另一端上无任何进程。)
15:06:44.144 SELECT GETDATE() t
15:06:44.000 已成功与服务器建立连接，但是在登录过程中发生错误。 (provider: Shared Memory Provider, error: 0 - 管道的另一端上无任何进程。)
15:06:44.145 SELECT GETDATE() t
15:06:44.000 已成功与服务器建立连接，但是在登录过程中发生错误。 (provider: Shared Memory Provider, error: 0 - 管道的另一端上无任何进程。)
15:06:44.145 SELECT GETDATE() t
15:06:44.000 已成功与服务器建立连接，但是在登录过程中发生错误。 (provider: Shared Memory Provider, error: 0 - 管道的另一端上无任何进程。)
15:06:44.146 SELECT GETDATE() t
15:06:44.000 已成功与服务器建立连接，但是在登录过程中发生错误。 (provider: Shared Memory Provider, error: 0 - 管道的另一端上无任何进程。)
15:06:44.147 SELECT GETDATE() t
15:06:44.000 已成功与服务器建立连接，但是在登录过程中发生错误。 (provider: Shared Memory Provider, error: 0 - 管道的另一端上无任何进程。)
15:06:44.148 SELECT GETDATE() t
15:06:44.000 已成功与服务器建立连接，但是在登录过程中发生错误。 (provider: Shared Memory Provider, error: 0 - 管道的另一端上无任何进程。)
15:06:44.148 SELECT GETDATE() t
15:06:44.000 已成功与服务器建立连接，但是在登录过程中发生错误。 (provider: Shared Memory Provider, error: 0 - 管道的另一端上无任何进程。)
15:06:44.149 SELECT GETDATE() t
15:06:44.000 已成功与服务器建立连接，但是在登录过程中发生错误。 (provider: Shared Memory Provider, error: 0 - 管道的另一端上无任何进程。)
15:06:44.150 SELECT GETDATE() t
15:06:44.000 已成功与服务器建立连接，但是在登录过程中发生错误。 (provider: Shared Memory Provider, error: 0 - 管道的另一端上无任何进程。)
15:06:44.153 SELECT GETDATE() t
15:06:44.000 已成功与服务器建立连接，但是在登录过程中发生错误。 (provider: Shared Memory Provider, error: 0 - 管道的另一端上无任何进程。)
15:06:44.154 SELECT GETDATE() t
15:06:44.000 已成功与服务器建立连接，但是在登录过程中发生错误。 (provider: Shared Memory Provider, error: 0 - 管道的另一端上无任何进程。)
15:06:44.155 SELECT GETDATE() t
15:06:44.000 已成功与服务器建立连接，但是在登录过程中发生错误。 (provider: Shared Memory Provider, error: 0 - 管道的另一端上无任何进程。)
15:06:44.156 SELECT GETDATE() t
15:06:44.000 已成功与服务器建立连接，但是在登录过程中发生错误。 (provider: Shared Memory Provider, error: 0 - 管道的另一端上无任何进程。)
15:06:44.157 SELECT GETDATE() t
15:06:44.000 已成功与服务器建立连接，但是在登录过程中发生错误。 (provider: Shared Memory Provider, error: 0 - 管道的另一端上无任何进程。)
15:06:44.158 SELECT GETDATE() t
15:06:44.000 已成功与服务器建立连接，但是在登录过程中发生错误。 (provider: Shared Memory Provider, error: 0 - 管道的另一端上无任何进程。)
15:06:44.158 UPDATE R_PQP SET GS73='T' FROM R_PQU WHERE GS01=PQU01 AND GS07=PQU10 AND GS08=PQU12  
15:06:44.000 SELECT DISTINCT A.RES01,B.CX02,C.DBA002,A.RES04,A.RES05,A.RES06,A.RES07 FROM R_REVIEWS A INNER JOIN R_MLLCXMC B ON A.RES01=B.CX01 INNER JOIN TPADBA C ON A.RES03=C.DBA001 INNER JOIN R_REVIEW D ON A.RES01=D.RE02 INNER JOIN (SELECT MAX(RES04) RES04 FROM R_REVIEWS  GROUP BY RES01,RES06) E ON A.RES04=E.RES04 WHERE (SELECT COUNT(1) FROM R_REVIEWS B WHERE A.RES06=B.RES06 AND RES05='执行' )=0  AND (SELECT COUNT(1) FROM R_PQW B WHERE A.RES06=B.GZ29 AND GZ39='执行' AND GZ29 IS NOT NULL)=0 AND RE01='MLL-0001' ORDER BY RES01,CX02,DBA002,A.RES04,RES05,RES06,RES07
15:06:44.000 WITH CET AS(SELECT 'R_021' tn021,PQF01,PQF04,PQF02,PQF03,PQF31 FROM R_PQF A INNER JOIN R_REVIEWS B ON A.PQF01=B.RES06 WHERE PQF01 NOT IN (SELECT PQF01 FROM R_PQF A INNER JOIN R_REVIEWS B ON A.PQF01=B.RES06 LEFT JOIN R_PQL C ON A.PQF01=C.HT01 WHERE RES05='执行') AND  RES05='执行'),CFT AS(SELECT DISTINCT B.* FROM R_DBB A INNER JOIN CET B ON A.DBB002=B.tn021 WHERE DBB002='R_021' AND DBB001='MLL-0001' AND DBB004='T'),CHT AS(SELECT 'R_509' tn509,HT01,PQF04,HT02,PQF03,PQF31 FROM R_PQL A INNER JOIN R_REVIEWS B ON A.HT01=B.RES06 INNER JOIN R_PQF C ON A.HT01=C.PQF01 WHERE HT01 NOT IN (SELECT HT01 FROM R_PQL A INNER JOIN R_REVIEWS B ON A.HT01=B.RES06 INNER JOIN R_PQP C ON A.HT01=C.GS01 WHERE RES05='执行') AND RES05='执行'),CGT AS(SELECT DISTINCT B.HT01,B.tn509 FROM R_DBB A INNER JOIN CHT B ON A.DBB002=B.tn509 WHERE DBB002='R_509' AND DBB001='MLL-0001' AND DBB004='T'),CIT AS(SELECT DISTINCT 'R_436' tn436,GS01,GS46,GS47,GS48,'' PQF31 FROM R_PQP A INNER JOIN R_REVIEWS B ON A.GS34=B.RES06 WHERE GS01 NOT IN (SELECT DISTINCT GS01 FROM R_PQP A INNER JOIN R_REVIEWS B ON A.GS34=B.RES06 INNER JOIN R_PQR D ON A.GS01=D.DS01 WHERE RES05='执行') AND RES05='执行' AND GS01!=''),CJT AS(SELECT DISTINCT B.GS01,B.tn436 FROM R_DBB A INNER JOIN CIT B ON A.DBB002=B.tn436 WHERE DBB002='R_436' AND DBB001='MLL-0001' AND DBB004='T'),CKT AS(SELECT DISTINCT 'R_046' tn046,PQX01,PQF01,PQF04,PQF02,PQF03,PQF31 FROM R_PQX A RIGHT JOIN R_PQF C ON A.PQX01=C.PQF01 ),CLT AS(SELECT DISTINCT B.PQF01,B.PQX01,B.tn046 FROM R_DBB A INNER JOIN CKT B ON A.DBB002=B.tn046 WHERE DBB002='R_046' AND DBB001='MLL-0001' AND DBB004='T')SELECT A.PQF01,A.PQF02,A.PQF03,A.PQF04,CASE WHEN B.tn021 IS NULL THEN 'R_021' ELSE NULL END tn021,CASE WHEN C.tn509 IS NULL THEN 'R_509' ELSE NULL END tn509,CASE WHEN D.tn436 IS NULL THEN 'R_436' ELSE NULL END tn436,CASE WHEN PQX01 IS NULL THEN NULL ELSE E.tn046 END tn046,A.PQF31 FROM R_PQF A LEFT JOIN CFT B ON A.PQF01=B.PQF01 LEFT JOIN CGT C ON A.PQF01=C.HT01 LEFT JOIN CJT D ON A.PQF01=D.GS01 LEFT JOIN CLT E ON A.PQF01=E.PQF01 WHERE ( tn021 IS NOT NULL OR tn509 IS NOT NULL OR tn436 IS NOT NULL OR tn046 IS NOT NULL) AND A.PQF01 NOT IN ( SELECT DISTINCT AE02 FROM R_PQAE WHERE AE21 IS NOT NULL OR AE21!='') order by A.PQF31
15:06:44.000 SELECT GZ001 FROM R_PQGZ
15:06:44.000 已成功与服务器建立连接，但是在登录过程中发生错误。 (provider: Shared Memory Provider, error: 0 - 管道的另一端上无任何进程。)
15:06:44.000 超时时间已到。超时时间已到，但是尚未从池中获取连接。出现这种情况可能是因为所有池连接均在使用，并且达到了最大池大小。
15:06:44.000 已成功与服务器建立连接，但是在登录过程中发生错误。 (provider: Shared Memory Provider, error: 0 - 管道的另一端上无任何进程。)
15:07:18.000 UPDATE R_PQP SET GS73='T' FROM R_PQQ WHERE GS01=CP01 AND GS35=CP09 AND (GS35  LIKE '%丝印%' OR GS35 LIKE '%雕刻%' OR GS35  LIKE '%砂皮%' OR GS35  LIKE '%走台印%' OR GS35  LIKE '%冲印%') 
15:07:19.000 UPDATE R_PQP SET GS73='T' FROM R_PQAH WHERE GS01=AH01 AND GS35=AH18 AND (GS35  LIKE '%丝印%' OR GS35 LIKE '%雕刻%' OR GS35  LIKE '%砂皮%' OR GS35  LIKE '%走台印%' OR GS35  LIKE '%冲印%')
15:07:19.000 UPDATE R_PQP SET GS73='T' FROM R_PQI WHERE GS01=YQ03 AND  GS35 LIKE '%油漆%'  AND YQ139='1'
15:07:19.000 UPDATE R_PQP SET GS73='T' FROM R_PQAF WHERE GS01=AF002 AND GS07=AF015 AND GS02=AF084 AND GS08 ='Φ'+CONVERT(VARCHAR,CONVERT(FLOAT,AF022*10))+'*'+CONVERT(VARCHAR,CONVERT(FLOAT,AF020*10)) 
15:07:19.000 UPDATE R_PQP SET GS73='T' FROM R_PQU WHERE GS01=PQU01 AND GS07=PQU10 AND GS08=PQU12  
15:07:19.000 UPDATE R_PQP SET GS73='T' FROM R_PQS WHERE GS01=PJ01 AND GS56=PJ09 AND GS57=PJ89  
15:07:20.000 UPDATE R_PQP SET GS73='T' FROM R_PQT WHERE GS01=WX01 AND GS56=WX10 AND GS57=WX11 
15:07:20.000 WITH CET AS (select GS70,GS01,GS46,GS49,GS71,GS02,right(GS08,len(GS08) - charindex('*',GS08) ) a from R_PQP  WHERE GS70='R_338' AND GS73='F' ),CFT AS (SELECT GS70,GS01,GS46,GS49,GS71,GS02,right(a,LEN(a)-charindex('*',a)) GS08 FROM CET  ),CHT AS( SELECT DISTINCT GS70,GS01,GS46,GS49,GS71,GS02,CONVERT(FLOAT,CONVERT(DECIMAL(11,2),GS08)*1.0/10) GS08 FROM CFT  )SELECT GS70,GS01,GS46,GS49,GS71,GS02,CONVERT(VARCHAR,GS08) GS08,'' GS07,PQF13,PQF31 FROM CHT A INNER JOIN R_PQF B ON A.GS01=B.PQF01  WHERE (SELECT COUNT(1) FROM R_PQO WHERE GS01=JM90 AND GS02=JM09 AND CONVERT(VARCHAR,GS08)=CONVERT(VARCHAR,CONVERT(FLOAT,CONVERT(DECIMAL(11,4),JM96))))=0 and GS01 not in (SELECT JM90 FROM R_PQO WHERE JM116='1' )
15:07:20.000 从数据类型 nvarchar 转换为 numeric 时出错。
15:08:33.000 UPDATE R_PQP SET GS73='T' FROM R_PQQ WHERE GS01=CP01 AND GS35=CP09 AND (GS35  LIKE '%丝印%' OR GS35 LIKE '%雕刻%' OR GS35  LIKE '%砂皮%' OR GS35  LIKE '%走台印%' OR GS35  LIKE '%冲印%') 
15:08:33.000 UPDATE R_PQP SET GS73='T' FROM R_PQAH WHERE GS01=AH01 AND GS35=AH18 AND (GS35  LIKE '%丝印%' OR GS35 LIKE '%雕刻%' OR GS35  LIKE '%砂皮%' OR GS35  LIKE '%走台印%' OR GS35  LIKE '%冲印%')
15:08:33.000 UPDATE R_PQP SET GS73='T' FROM R_PQI WHERE GS01=YQ03 AND  GS35 LIKE '%油漆%'  AND YQ139='1'
15:08:33.000 UPDATE R_PQP SET GS73='T' FROM R_PQAF WHERE GS01=AF002 AND GS07=AF015 AND GS02=AF084 AND GS08 ='Φ'+CONVERT(VARCHAR,CONVERT(FLOAT,AF022*10))+'*'+CONVERT(VARCHAR,CONVERT(FLOAT,AF020*10)) 
15:08:33.000 UPDATE R_PQP SET GS73='T' FROM R_PQU WHERE GS01=PQU01 AND GS07=PQU10 AND GS08=PQU12  
15:08:37.000 UPDATE R_PQP SET GS73='T' FROM R_PQS WHERE GS01=PJ01 AND GS56=PJ09 AND GS57=PJ89  
15:09:02.000 UPDATE R_PQP SET GS73='T' FROM R_PQT WHERE GS01=WX01 AND GS56=WX10 AND GS57=WX11 
15:09:02.000 WITH CET AS (select GS70,GS01,GS46,GS49,GS71,GS02,right(GS08,len(GS08) - charindex('*',GS08) ) a from R_PQP  WHERE GS70='R_338' AND GS73='F' ),CFT AS (SELECT GS70,GS01,GS46,GS49,GS71,GS02,right(a,LEN(a)-charindex('*',a)) GS08 FROM CET  ),CHT AS( SELECT DISTINCT GS70,GS01,GS46,GS49,GS71,GS02,CONVERT(FLOAT,CONVERT(DECIMAL(11,2),GS08)*1.0/10) GS08 FROM CFT  )SELECT GS70,GS01,GS46,GS49,GS71,GS02,CONVERT(VARCHAR,GS08) GS08,'' GS07,PQF13,PQF31 FROM CHT A INNER JOIN R_PQF B ON A.GS01=B.PQF01  WHERE (SELECT COUNT(1) FROM R_PQO WHERE GS01=JM90 AND GS02=JM09 AND CONVERT(VARCHAR,GS08)=CONVERT(VARCHAR,CONVERT(FLOAT,CONVERT(DECIMAL(11,4),JM96))))=0 and GS01 not in (SELECT JM90 FROM R_PQO WHERE JM116='1' )
15:09:02.000 从数据类型 nvarchar 转换为 numeric 时出错。
