11:00:38.000 UPDATE R_PQP SET GS73='T' FROM R_PQQ WHERE GS01=CP01 AND GS35=CP09 AND (GS35  LIKE '%丝印%' OR GS35 LIKE '%雕刻%' OR GS35  LIKE '%砂皮%' OR GS35  LIKE '%走台印%' OR GS35  LIKE '%冲印%') 
11:00:39.000 UPDATE R_PQP SET GS73='T' FROM R_PQAH WHERE GS01=AH01 AND GS35=AH18 AND (GS35  LIKE '%丝印%' OR GS35 LIKE '%雕刻%' OR GS35  LIKE '%砂皮%' OR GS35  LIKE '%走台印%' OR GS35  LIKE '%冲印%')
11:00:39.000 UPDATE R_PQP SET GS73='T' FROM R_PQI WHERE GS01=YQ03 AND  GS35 LIKE '%油漆%'  AND YQ139='1'
11:00:39.000 UPDATE R_PQP SET GS73='T' FROM R_PQAF WHERE GS01=AF002 AND GS07=AF015 AND GS02=AF084 AND GS08 ='Φ'+CONVERT(VARCHAR,CONVERT(FLOAT,AF022*10))+'*'+CONVERT(VARCHAR,CONVERT(FLOAT,AF020*10)) 
11:00:43.000 UPDATE R_PQP SET GS73='T' FROM R_PQU WHERE GS01=PQU01 AND GS07=PQU10 AND GS08=PQU12  
11:00:44.000 UPDATE R_PQP SET GS73='T' FROM R_PQS WHERE GS01=PJ01 AND GS56=PJ09 AND GS57=PJ89  
11:00:47.000 UPDATE R_PQP SET GS73='T' FROM R_PQT WHERE GS01=WX01 AND GS56=WX10 AND GS57=WX11 
11:00:48.000 WITH CET AS (select GS70,GS01,GS46,GS49,GS71,GS02,right(GS08,len(GS08) - charindex('*',GS08) ) a from R_PQP  WHERE GS70='R_338' AND GS73='F' ),CFT AS (SELECT GS70,GS01,GS46,GS49,GS71,GS02,right(a,LEN(a)-charindex('*',a)) GS08 FROM CET  ),CHT AS( SELECT DISTINCT GS70,GS01,GS46,GS49,GS71,GS02,CONVERT(FLOAT,CONVERT(DECIMAL(11,2),GS08)*1.0/10) GS08 FROM CFT  )SELECT GS70,GS01,GS46,GS49,GS71,GS02,CONVERT(VARCHAR,GS08) GS08,'' GS07,PQF13,PQF31 FROM CHT A INNER JOIN R_PQF B ON A.GS01=B.PQF01  WHERE (SELECT COUNT(1) FROM R_PQO WHERE GS01=JM90 AND GS02=JM09 AND CONVERT(VARCHAR,GS08)=CONVERT(VARCHAR,CONVERT(FLOAT,CONVERT(DECIMAL(11,4),JM96))))=0 and GS01 not in (SELECT JM90 FROM R_PQO WHERE JM116='1' )
11:00:48.000 从数据类型 nvarchar 转换为 numeric 时出错。
11:02:14.000 @RES06[R_338-20190216002]
11:02:14.000 @RES01[R_338]
11:02:53.000 WITH CET AS(SELECT AK003,SUM(AK011) AK011 FROM R_PQAK WHERE AK003 NOT LIKE 'R_195%' AND AK003 NOT LIKE 'R_196%' AND AK003 NOT LIKE 'R_199%' AND AK003 NOT LIKE 'R_339%' AND AK003 NOT LIKE 'R_344%' AND AK003 NOT LIKE 'R_495%' AND AK003 NOT LIKE 'R_505%' GROUP BY AK003),CFT AS(SELECT AC16,SUM(AC09*(AC10+ISNULL(AC27,0))) AC FROM R_PQAC WHERE (AC24='未结' OR AC24='未结完' OR AC24='' OR AC24 IS NULL) GROUP BY AC16),CHT AS (SELECT AC16,CONVERT(FLOAT,AC-AK011) KC FROM CFT A LEFT JOIN CET B ON A.AC16=B.AK003) UPDATE R_PQAC SET AC24=(SELECT CASE WHEN KC IS NULL THEN '未结' WHEN KC<=100 OR KC>=-100 THEN '已结' ELSE '未结完' END KC1 FROM CHT  A WHERE A.AC16=CHT.AC16  ) FROM CHT WHERE R_PQAC.AC16=CHT.AC16 
11:02:53.000 UPDATE R_PQAC SET AC24='已结' WHERE LEN(AC16)>17
11:03:17.000 UPDATE R_PQAC SET AC02='PO683' WHERE AC18='R_464-20160817003'
11:03:17.000 未将对象引用设置到对象的实例。
   在 MulaolaoBll.LogHelperToSql.SaveLog(String cmdText, Object[] parameters) 位置 D:\ProjectData\MLL\Mulaolao\MulaolaoBll\LogHelperToSql.cs:行号 69
   在 StudentMgr.SqlHelper.ExecuteSqlTran(Hashtable SQLStringList) 位置 D:\ProjectData\MLL\Mulaolao\MulaolaoBll\SqlHelper.cs:行号 652
11:03:17.000 INSERT INTO R_PQBF (BF001,BF002,BF003,BF004,BF005,BF006,BF007,BF008) VALUES ('R_464','采购库存专用产品物资跟踪报表(R_464)','廖灵飞','2019/2/16 11:03:17','R_464-20160817003','UPDATE R_PQAC SET AC02=''PO683'' WHERE AC18=''R_464-20160817003''','编辑','编辑入库')
11:03:18.000 未将对象引用设置到对象的实例。
   在 MulaolaoBll.LogHelperToSql.SaveLog(String cmdText, Object[] parameters) 位置 D:\ProjectData\MLL\Mulaolao\MulaolaoBll\LogHelperToSql.cs:行号 69
   在 StudentMgr.SqlHelper.ExecuteSqlTran(Hashtable SQLStringList) 位置 D:\ProjectData\MLL\Mulaolao\MulaolaoBll\SqlHelper.cs:行号 652
11:06:30.000 UPDATE R_PQAC SET AC02='990F' WHERE AC18='R_464-20160817003'
11:06:30.000 未将对象引用设置到对象的实例。
   在 MulaolaoBll.LogHelperToSql.SaveLog(String cmdText, Object[] parameters) 位置 D:\ProjectData\MLL\Mulaolao\MulaolaoBll\LogHelperToSql.cs:行号 69
   在 StudentMgr.SqlHelper.ExecuteSqlTran(Hashtable SQLStringList) 位置 D:\ProjectData\MLL\Mulaolao\MulaolaoBll\SqlHelper.cs:行号 652
11:06:30.000 INSERT INTO R_PQBF (BF001,BF002,BF003,BF004,BF005,BF006,BF007,BF008) VALUES ('R_464','采购库存专用产品物资跟踪报表(R_464)','廖灵飞','2019/2/16 11:06:30','R_464-20160817003','UPDATE R_PQAC SET AC02=''990F'' WHERE AC18=''R_464-20160817003''','编辑','编辑入库')
11:06:31.000 未将对象引用设置到对象的实例。
   在 MulaolaoBll.LogHelperToSql.SaveLog(String cmdText, Object[] parameters) 位置 D:\ProjectData\MLL\Mulaolao\MulaolaoBll\LogHelperToSql.cs:行号 69
   在 StudentMgr.SqlHelper.ExecuteSqlTran(Hashtable SQLStringList) 位置 D:\ProjectData\MLL\Mulaolao\MulaolaoBll\SqlHelper.cs:行号 652
11:06:37.000 UPDATE R_PQO SET JM09='胶合板',JM10='4.5453',JM11='135.35',JM12='4849.95',JM13='0.042',JM14='库存',JM15='110',JM16='2019/2/21 0:00:00',JM17='2019/2/16 11:03:22',JM91='0',JM92='进口',JM93='E0',JM94='152.50',JM95='152.50',JM96='1.20',JM103='500',JM104='0',JM112='135.3500',JM118='0',JM119='0',JM120='4849.95',JM121='0' WHERE JM01='R_338-20190216002' AND idx='6410'
11:06:37.000 INSERT INTO R_PQBF (BF001,BF002,BF003,BF004,BF005,BF006,BF007,BF008) VALUES ('R_338','胶合板、密度板采购合同书','廖灵飞','2019/2/16 11:06:37','R_338-20190216002','UPDATE R_PQO SET JM09=''胶合板'',JM10=''4.5453'',JM11=''135.35'',JM12=''4849.95'',JM13=''0.042'',JM14=''库存'',JM15=''110'',JM16=''2019/2/21 0:00:00'',JM17=''2019/2/16 11:03:22'',JM91=''0'',JM92=''进口'',JM93=''E0'',JM94=''152.50'',JM95=''152.50'',JM96=''1.20'',JM103=''500'',JM104=''0'',JM112=''135.3500'',JM118=''0'',JM119=''0'',JM120=''4849.95'',JM121=''0'' WHERE JM01=''R_338-20190216002'' AND idx=''6410''','编辑','更改编辑')
13:09:12.000 UPDATE R_PQP SET GS73='T' FROM R_PQQ WHERE GS01=CP01 AND GS35=CP09 AND (GS35  LIKE '%丝印%' OR GS35 LIKE '%雕刻%' OR GS35  LIKE '%砂皮%' OR GS35  LIKE '%走台印%' OR GS35  LIKE '%冲印%') 
13:09:12.000 UPDATE R_PQP SET GS73='T' FROM R_PQAH WHERE GS01=AH01 AND GS35=AH18 AND (GS35  LIKE '%丝印%' OR GS35 LIKE '%雕刻%' OR GS35  LIKE '%砂皮%' OR GS35  LIKE '%走台印%' OR GS35  LIKE '%冲印%')
13:09:12.000 UPDATE R_PQP SET GS73='T' FROM R_PQI WHERE GS01=YQ03 AND  GS35 LIKE '%油漆%'  AND YQ139='1'
13:09:12.000 UPDATE R_PQP SET GS73='T' FROM R_PQAF WHERE GS01=AF002 AND GS07=AF015 AND GS02=AF084 AND GS08 ='Φ'+CONVERT(VARCHAR,CONVERT(FLOAT,AF022*10))+'*'+CONVERT(VARCHAR,CONVERT(FLOAT,AF020*10)) 
13:09:12.000 UPDATE R_PQP SET GS73='T' FROM R_PQU WHERE GS01=PQU01 AND GS07=PQU10 AND GS08=PQU12  
13:09:13.000 UPDATE R_PQP SET GS73='T' FROM R_PQS WHERE GS01=PJ01 AND GS56=PJ09 AND GS57=PJ89  
13:09:13.000 UPDATE R_PQP SET GS73='T' FROM R_PQT WHERE GS01=WX01 AND GS56=WX10 AND GS57=WX11 
13:09:13.000 WITH CET AS (select GS70,GS01,GS46,GS49,GS71,GS02,right(GS08,len(GS08) - charindex('*',GS08) ) a from R_PQP  WHERE GS70='R_338' AND GS73='F' ),CFT AS (SELECT GS70,GS01,GS46,GS49,GS71,GS02,right(a,LEN(a)-charindex('*',a)) GS08 FROM CET  ),CHT AS( SELECT DISTINCT GS70,GS01,GS46,GS49,GS71,GS02,CONVERT(FLOAT,CONVERT(DECIMAL(11,2),GS08)*1.0/10) GS08 FROM CFT  )SELECT GS70,GS01,GS46,GS49,GS71,GS02,CONVERT(VARCHAR,GS08) GS08,'' GS07,PQF13,PQF31 FROM CHT A INNER JOIN R_PQF B ON A.GS01=B.PQF01  WHERE (SELECT COUNT(1) FROM R_PQO WHERE GS01=JM90 AND GS02=JM09 AND CONVERT(VARCHAR,GS08)=CONVERT(VARCHAR,CONVERT(FLOAT,CONVERT(DECIMAL(11,4),JM96))))=0 and GS01 not in (SELECT JM90 FROM R_PQO WHERE JM116='1' )
13:09:13.000 从数据类型 nvarchar 转换为 numeric 时出错。
13:10:13.000 DELETE FROM R_PQO WHERE JM01='R_338-20190216003'
13:10:13.000 DELETE FROM R_REVIEWS WHERE RES01='R_338' AND RES06='R_338-20190216003'
13:10:13.000 UPDATE R_PQAC SET AC17='F' WHERE AC16 LIKE 'R_338-20190216003%'
13:10:13.000 INSERT INTO R_PQBF (BF001,BF002,BF003,BF004,BF005,BF006,BF007,BF008) VALUES ('R_338','胶合板、密度板采购合同书','廖灵飞','2019/2/16 13:10:13','R_338-20190216003','DELETE FROM R_PQO WHERE JM01=''R_338-20190216003''','取消','新增取消')
