08:18:53.000 UPDATE R_PQP SET GS73='T' FROM R_PQQ WHERE GS01=CP01 AND GS35=CP09 AND (GS35  LIKE '%丝印%' OR GS35 LIKE '%雕刻%' OR GS35  LIKE '%砂皮%' OR GS35  LIKE '%走台印%' OR GS35  LIKE '%冲印%') 
08:18:53.000 UPDATE R_PQP SET GS73='T' FROM R_PQAH WHERE GS01=AH01 AND GS35=AH18 AND (GS35  LIKE '%丝印%' OR GS35 LIKE '%雕刻%' OR GS35  LIKE '%砂皮%' OR GS35  LIKE '%走台印%' OR GS35  LIKE '%冲印%')
08:18:54.000 UPDATE R_PQP SET GS73='T' FROM R_PQI WHERE GS01=YQ03 AND  GS35 LIKE '%油漆%'  AND YQ139='1'
08:18:55.000 UPDATE R_PQP SET GS73='T' FROM R_PQAF WHERE GS01=AF002 AND GS07=AF015 AND GS02=AF084 AND GS08 ='Φ'+CONVERT(VARCHAR,CONVERT(FLOAT,AF022*10))+'*'+CONVERT(VARCHAR,CONVERT(FLOAT,AF020*10)) 
08:18:56.000 UPDATE R_PQP SET GS73='T' FROM R_PQU WHERE GS01=PQU01 AND GS07=PQU10 AND GS08=PQU12  
08:18:56.000 UPDATE R_PQP SET GS73='T' FROM R_PQS WHERE GS01=PJ01 AND GS56=PJ09 AND GS57=PJ89  
08:18:57.000 UPDATE R_PQP SET GS73='T' FROM R_PQT WHERE GS01=WX01 AND GS56=WX10 AND GS57=WX11 
08:18:58.000 WITH CET AS (select GS70,GS01,GS46,GS49,GS71,GS02,right(GS08,len(GS08) - charindex('*',GS08) ) a from R_PQP  WHERE GS70='R_338' AND GS73='F' ),CFT AS (SELECT GS70,GS01,GS46,GS49,GS71,GS02,right(a,LEN(a)-charindex('*',a)) GS08 FROM CET  ),CHT AS( SELECT DISTINCT GS70,GS01,GS46,GS49,GS71,GS02,CONVERT(FLOAT,CONVERT(DECIMAL(11,2),GS08)*1.0/10) GS08 FROM CFT  )SELECT GS70,GS01,GS46,GS49,GS71,GS02,CONVERT(VARCHAR,GS08) GS08,'' GS07,PQF13,PQF31 FROM CHT A INNER JOIN R_PQF B ON A.GS01=B.PQF01  WHERE (SELECT COUNT(1) FROM R_PQO WHERE GS01=JM90 AND GS02=JM09 AND CONVERT(VARCHAR,GS08)=CONVERT(VARCHAR,CONVERT(FLOAT,CONVERT(DECIMAL(11,4),JM96))))=0 and GS01 not in (SELECT JM90 FROM R_PQO WHERE JM116='1' )
08:18:58.000 从数据类型 nvarchar 转换为 numeric 时出错。
08:20:01.000 @QUOC001[R_504-201806110001]
08:20:01.000 @QUOC002[材料部分]
08:20:01.000 @QUOC003[R_338]
08:20:01.000 @QUOC004[密度板]
08:20:01.000 @QUOC005[3000]
08:20:01.000 @QUOC006[密度板]
08:20:01.000 @QUOC007[244]
08:20:01.000 @QUOC008[122]
08:20:01.000 @QUOC009[0.3]
08:20:01.000 @QUOC010[21]
08:20:01.000 @QUOC011[2]
08:20:01.000 @QUOC012[2250.64]
08:20:01.000 @QUOC013[2400]
08:20:01.000 @QUOC014[0]
08:20:01.000 @QUOC015[E1]
08:20:01.000 @QUOC016[0.008930]
08:20:01.000 @QUOC017[0]
08:20:01.000 @QUOC018[0]
08:20:01.000 @QUOC019[11]
08:20:01.000 @QUOC020[]
08:21:07.000 @QUOE001[R_504-201806110001]
08:21:07.000 @QUOE002[材料部分]
08:21:07.000 @QUOE003[R_342]
08:21:07.000 @QUOE004[车木件]
08:21:07.000 @QUOE005[3000]
08:21:07.000 @QUOE006[荷木]
08:21:07.000 @QUOE007[拖拉狗头]
08:21:07.000 @QUOE008[1.2]
08:21:07.000 @QUOE009[0.34]
08:21:07.000 @QUOE010[0]
08:21:07.000 @QUOE011[0]
08:21:07.000 @QUOE012[3.2]
08:21:07.000 @QUOE013[4.1]
08:21:07.000 @QUOE014[2.1]
08:21:32.000 UPDATE R_PQAF SET AF082='T' WHERE AF001 IN ('R_342-20160506001,R_342-20160511012','R_342-20160506001,R_342-20160511012','R_342-20160506001,R_342-20160511012','R_342-20160506001,R_342-20160511012','R_342-20160506001,R_342-20160511012','R_342-20160506001,R_342-20160511012','R_342-20160506001,R_342-20160511012','R_342-20160506001,R_342-20160511012','R_342-20160506001,R_342-20160511012','R_342-20160506001,R_342-20160511012','R_342-20160506001,R_342-20160511012','R_342-20160506001,R_342-20160511012','R_342-20160506004','R_342-20160511011','R_342-20160511011','R_342-20160511011','R_342-20160511011')
08:21:32.000 UPDATE R_PQAC SET AC17='T' WHERE AC18 IN ('R_342-20160506001,R_342-20160511012','R_342-20160506001,R_342-20160511012','R_342-20160506001,R_342-20160511012','R_342-20160506001,R_342-20160511012','R_342-20160506001,R_342-20160511012','R_342-20160506001,R_342-20160511012','R_342-20160506001,R_342-20160511012','R_342-20160506001,R_342-20160511012','R_342-20160506001,R_342-20160511012','R_342-20160506001,R_342-20160511012','R_342-20160506001,R_342-20160511012','R_342-20160506001,R_342-20160511012','R_342-20160506004','R_342-20160511011','R_342-20160511011','R_342-20160511011','R_342-20160511011')
08:21:35.000 SELECT CONVERT(DECIMAL(18,0),CASE WHEN AF020*AF021*AF022=0 THEN 0 ELSE AF023/AF020/AF021/AF022*1000000 END) AF FROM R_PQAF WHERE AF002=(SELECT MAX(AF002) FROM R_PQAF WHERE AF004='ZE3080A' AND AF002!='19010003' AND AF015='轮子薄垫片（榉木）' AND AF020='' AND AF021='' AND AF022='') AND AF004='ZE3080A' AND AF015='轮子薄垫片（榉木）' AND AF020='' AND AF021='' AND AF022=''
08:21:35.000 从数据类型 varchar 转换为 numeric 时出错。
08:21:35.000 SELECT CONVERT(DECIMAL(18,2),AF023*AF019) AF FROM R_PQAF WHERE AF002=(SELECT MAX(AF002) FROM R_PQAF WHERE AF004='ZE3080A' AND AF002!='19010003' AND AF015='轮子薄垫片（榉木）' AND AF020='' AND AF021='' AND AF022='') AND AF004='ZE3080A' AND AF015='轮子薄垫片（榉木）' AND AF020='' AND AF021='' AND AF022=''
08:21:35.000 从数据类型 varchar 转换为 numeric 时出错。
08:21:35.000 SELECT CONVERT(DECIMAL(18,0),CASE WHEN AF020*AF021*AF022=0 THEN 0 ELSE AF023/AF020/AF021/AF022*1000000 END) AF FROM R_PQAF WHERE AF002=(SELECT MAX(AF002) FROM R_PQAF WHERE AF004='ZE3080A' AND AF002!='19010003' AND AF015='轮子薄垫片（榉木）' AND AF020='.00' AND AF021=' 30' AND AF022='') AND AF004='ZE3080A' AND AF015='轮子薄垫片（榉木）' AND AF020='.00' AND AF021=' 30' AND AF022=''
08:21:35.000 从数据类型 varchar 转换为 numeric 时出错。
08:21:35.000 SELECT CONVERT(DECIMAL(18,0),CASE WHEN AF020*AF021*AF022=0 THEN 0 ELSE AF023/AF020/AF021/AF022*1000000 END) AF FROM R_PQAF WHERE AF002=(SELECT MAX(AF002) FROM R_PQAF WHERE AF004='ZE3080A' AND AF002!='19010003' AND AF015='轮子薄垫片（榉木）' AND AF020='.00' AND AF021=' 30' AND AF022='') AND AF004='ZE3080A' AND AF015='轮子薄垫片（榉木）' AND AF020='.00' AND AF021=' 30' AND AF022=''
08:21:35.000 从数据类型 varchar 转换为 numeric 时出错。
08:25:08.000 UPDATE R_PQP SET GS73='T' FROM R_PQQ WHERE GS01=CP01 AND GS35=CP09 AND (GS35  LIKE '%丝印%' OR GS35 LIKE '%雕刻%' OR GS35  LIKE '%砂皮%' OR GS35  LIKE '%走台印%' OR GS35  LIKE '%冲印%') 
08:25:09.000 UPDATE R_PQP SET GS73='T' FROM R_PQAH WHERE GS01=AH01 AND GS35=AH18 AND (GS35  LIKE '%丝印%' OR GS35 LIKE '%雕刻%' OR GS35  LIKE '%砂皮%' OR GS35  LIKE '%走台印%' OR GS35  LIKE '%冲印%')
08:25:09.000 UPDATE R_PQP SET GS73='T' FROM R_PQI WHERE GS01=YQ03 AND  GS35 LIKE '%油漆%'  AND YQ139='1'
08:25:09.000 UPDATE R_PQP SET GS73='T' FROM R_PQAF WHERE GS01=AF002 AND GS07=AF015 AND GS02=AF084 AND GS08 ='Φ'+CONVERT(VARCHAR,CONVERT(FLOAT,AF022*10))+'*'+CONVERT(VARCHAR,CONVERT(FLOAT,AF020*10)) 
08:25:09.000 UPDATE R_PQP SET GS73='T' FROM R_PQU WHERE GS01=PQU01 AND GS07=PQU10 AND GS08=PQU12  
08:25:09.000 UPDATE R_PQP SET GS73='T' FROM R_PQS WHERE GS01=PJ01 AND GS56=PJ09 AND GS57=PJ89  
08:25:09.000 UPDATE R_PQP SET GS73='T' FROM R_PQT WHERE GS01=WX01 AND GS56=WX10 AND GS57=WX11 
08:25:10.000 WITH CET AS (select GS70,GS01,GS46,GS49,GS71,GS02,right(GS08,len(GS08) - charindex('*',GS08) ) a from R_PQP  WHERE GS70='R_338' AND GS73='F' ),CFT AS (SELECT GS70,GS01,GS46,GS49,GS71,GS02,right(a,LEN(a)-charindex('*',a)) GS08 FROM CET  ),CHT AS( SELECT DISTINCT GS70,GS01,GS46,GS49,GS71,GS02,CONVERT(FLOAT,CONVERT(DECIMAL(11,2),GS08)*1.0/10) GS08 FROM CFT  )SELECT GS70,GS01,GS46,GS49,GS71,GS02,CONVERT(VARCHAR,GS08) GS08,'' GS07,PQF13,PQF31 FROM CHT A INNER JOIN R_PQF B ON A.GS01=B.PQF01  WHERE (SELECT COUNT(1) FROM R_PQO WHERE GS01=JM90 AND GS02=JM09 AND CONVERT(VARCHAR,GS08)=CONVERT(VARCHAR,CONVERT(FLOAT,CONVERT(DECIMAL(11,4),JM96))))=0 and GS01 not in (SELECT JM90 FROM R_PQO WHERE JM116='1' )
08:25:10.000 从数据类型 nvarchar 转换为 numeric 时出错。
08:30:54.000 UPDATE R_PQP SET GS73='T' FROM R_PQQ WHERE GS01=CP01 AND GS35=CP09 AND (GS35  LIKE '%丝印%' OR GS35 LIKE '%雕刻%' OR GS35  LIKE '%砂皮%' OR GS35  LIKE '%走台印%' OR GS35  LIKE '%冲印%') 
08:30:54.000 UPDATE R_PQP SET GS73='T' FROM R_PQAH WHERE GS01=AH01 AND GS35=AH18 AND (GS35  LIKE '%丝印%' OR GS35 LIKE '%雕刻%' OR GS35  LIKE '%砂皮%' OR GS35  LIKE '%走台印%' OR GS35  LIKE '%冲印%')
08:30:54.000 UPDATE R_PQP SET GS73='T' FROM R_PQI WHERE GS01=YQ03 AND  GS35 LIKE '%油漆%'  AND YQ139='1'
08:30:54.000 UPDATE R_PQP SET GS73='T' FROM R_PQAF WHERE GS01=AF002 AND GS07=AF015 AND GS02=AF084 AND GS08 ='Φ'+CONVERT(VARCHAR,CONVERT(FLOAT,AF022*10))+'*'+CONVERT(VARCHAR,CONVERT(FLOAT,AF020*10)) 
08:30:55.000 UPDATE R_PQP SET GS73='T' FROM R_PQU WHERE GS01=PQU01 AND GS07=PQU10 AND GS08=PQU12  
08:30:55.000 UPDATE R_PQP SET GS73='T' FROM R_PQS WHERE GS01=PJ01 AND GS56=PJ09 AND GS57=PJ89  
08:30:55.000 UPDATE R_PQP SET GS73='T' FROM R_PQT WHERE GS01=WX01 AND GS56=WX10 AND GS57=WX11 
08:30:55.000 WITH CET AS (select GS70,GS01,GS46,GS49,GS71,GS02,right(GS08,len(GS08) - charindex('*',GS08) ) a from R_PQP  WHERE GS70='R_338' AND GS73='F' ),CFT AS (SELECT GS70,GS01,GS46,GS49,GS71,GS02,right(a,LEN(a)-charindex('*',a)) GS08 FROM CET  ),CHT AS( SELECT DISTINCT GS70,GS01,GS46,GS49,GS71,GS02,CONVERT(FLOAT,CONVERT(DECIMAL(11,2),GS08)*1.0/10) GS08 FROM CFT  )SELECT GS70,GS01,GS46,GS49,GS71,GS02,CONVERT(VARCHAR,GS08) GS08,'' GS07,PQF13,PQF31 FROM CHT A INNER JOIN R_PQF B ON A.GS01=B.PQF01  WHERE (SELECT COUNT(1) FROM R_PQO WHERE GS01=JM90 AND GS02=JM09 AND CONVERT(VARCHAR,GS08)=CONVERT(VARCHAR,CONVERT(FLOAT,CONVERT(DECIMAL(11,4),JM96))))=0 and GS01 not in (SELECT JM90 FROM R_PQO WHERE JM116='1' )
08:30:55.000 从数据类型 nvarchar 转换为 numeric 时出错。
08:32:18.000 @QUOF001[R_504-201806110001]
08:32:18.000 @QUOF002[材料部分]
08:32:18.000 @QUOF003[R_343]
08:32:18.000 @QUOF004[铁件]
08:32:18.000 @QUOF005[3000]
08:32:18.000 @QUOF006[五金件]
08:32:18.000 @QUOF007[@23*2]
08:32:18.000 @QUOF008[彩色]
08:32:18.000 @QUOF009[金]
08:32:18.000 @QUOF010[个]
08:32:18.000 @QUOF011[20]
08:32:18.000 @QUOF012[10]
08:32:18.000 @QUOF013[0]
08:32:18.000 @QUOF014[2.1]
08:32:18.000 @QUOF015[10]
08:42:00.000 UPDATE R_PQP SET GS73='T' FROM R_PQQ WHERE GS01=CP01 AND GS35=CP09 AND (GS35  LIKE '%丝印%' OR GS35 LIKE '%雕刻%' OR GS35  LIKE '%砂皮%' OR GS35  LIKE '%走台印%' OR GS35  LIKE '%冲印%') 
08:42:00.000 UPDATE R_PQP SET GS73='T' FROM R_PQAH WHERE GS01=AH01 AND GS35=AH18 AND (GS35  LIKE '%丝印%' OR GS35 LIKE '%雕刻%' OR GS35  LIKE '%砂皮%' OR GS35  LIKE '%走台印%' OR GS35  LIKE '%冲印%')
08:42:01.000 UPDATE R_PQP SET GS73='T' FROM R_PQI WHERE GS01=YQ03 AND  GS35 LIKE '%油漆%'  AND YQ139='1'
08:42:01.000 UPDATE R_PQP SET GS73='T' FROM R_PQAF WHERE GS01=AF002 AND GS07=AF015 AND GS02=AF084 AND GS08 ='Φ'+CONVERT(VARCHAR,CONVERT(FLOAT,AF022*10))+'*'+CONVERT(VARCHAR,CONVERT(FLOAT,AF020*10)) 
08:42:01.000 UPDATE R_PQP SET GS73='T' FROM R_PQU WHERE GS01=PQU01 AND GS07=PQU10 AND GS08=PQU12  
08:42:02.000 UPDATE R_PQP SET GS73='T' FROM R_PQS WHERE GS01=PJ01 AND GS56=PJ09 AND GS57=PJ89  
08:42:02.000 UPDATE R_PQP SET GS73='T' FROM R_PQT WHERE GS01=WX01 AND GS56=WX10 AND GS57=WX11 
08:42:02.000 WITH CET AS (select GS70,GS01,GS46,GS49,GS71,GS02,right(GS08,len(GS08) - charindex('*',GS08) ) a from R_PQP  WHERE GS70='R_338' AND GS73='F' ),CFT AS (SELECT GS70,GS01,GS46,GS49,GS71,GS02,right(a,LEN(a)-charindex('*',a)) GS08 FROM CET  ),CHT AS( SELECT DISTINCT GS70,GS01,GS46,GS49,GS71,GS02,CONVERT(FLOAT,CONVERT(DECIMAL(11,2),GS08)*1.0/10) GS08 FROM CFT  )SELECT GS70,GS01,GS46,GS49,GS71,GS02,CONVERT(VARCHAR,GS08) GS08,'' GS07,PQF13,PQF31 FROM CHT A INNER JOIN R_PQF B ON A.GS01=B.PQF01  WHERE (SELECT COUNT(1) FROM R_PQO WHERE GS01=JM90 AND GS02=JM09 AND CONVERT(VARCHAR,GS08)=CONVERT(VARCHAR,CONVERT(FLOAT,CONVERT(DECIMAL(11,4),JM96))))=0 and GS01 not in (SELECT JM90 FROM R_PQO WHERE JM116='1' )
08:42:02.000 从数据类型 nvarchar 转换为 numeric 时出错。
08:42:53.000 @QUOG001[R_504-201806110001]
08:42:53.000 @QUOG002[包装材料]
08:42:53.000 @QUOG003[R_347]
08:42:53.000 @QUOG004[塑料件]
08:42:53.000 @QUOG005[3000]
08:42:53.000 @QUOG006[塑料袋]
08:42:53.000 @QUOG007[12*23*21]
08:42:53.000 @QUOG008[个]
08:42:53.000 @QUOG009[塑料件]
08:42:53.000 @QUOG010[]
08:42:53.000 @QUOG011[2]
08:42:53.000 @QUOG012[12]
08:42:53.000 @QUOG013[1.2]
08:42:53.000 @QUOG014[0]
08:42:53.000 @QUOG015[10]
08:48:41.000 UPDATE R_PQP SET GS73='T' FROM R_PQQ WHERE GS01=CP01 AND GS35=CP09 AND (GS35  LIKE '%丝印%' OR GS35 LIKE '%雕刻%' OR GS35  LIKE '%砂皮%' OR GS35  LIKE '%走台印%' OR GS35  LIKE '%冲印%') 
08:48:41.000 UPDATE R_PQP SET GS73='T' FROM R_PQAH WHERE GS01=AH01 AND GS35=AH18 AND (GS35  LIKE '%丝印%' OR GS35 LIKE '%雕刻%' OR GS35  LIKE '%砂皮%' OR GS35  LIKE '%走台印%' OR GS35  LIKE '%冲印%')
08:48:41.000 UPDATE R_PQP SET GS73='T' FROM R_PQI WHERE GS01=YQ03 AND  GS35 LIKE '%油漆%'  AND YQ139='1'
08:48:41.000 UPDATE R_PQP SET GS73='T' FROM R_PQAF WHERE GS01=AF002 AND GS07=AF015 AND GS02=AF084 AND GS08 ='Φ'+CONVERT(VARCHAR,CONVERT(FLOAT,AF022*10))+'*'+CONVERT(VARCHAR,CONVERT(FLOAT,AF020*10)) 
08:48:42.000 UPDATE R_PQP SET GS73='T' FROM R_PQU WHERE GS01=PQU01 AND GS07=PQU10 AND GS08=PQU12  
08:48:42.000 UPDATE R_PQP SET GS73='T' FROM R_PQS WHERE GS01=PJ01 AND GS56=PJ09 AND GS57=PJ89  
08:48:42.000 UPDATE R_PQP SET GS73='T' FROM R_PQT WHERE GS01=WX01 AND GS56=WX10 AND GS57=WX11 
08:48:42.000 WITH CET AS (select GS70,GS01,GS46,GS49,GS71,GS02,right(GS08,len(GS08) - charindex('*',GS08) ) a from R_PQP  WHERE GS70='R_338' AND GS73='F' ),CFT AS (SELECT GS70,GS01,GS46,GS49,GS71,GS02,right(a,LEN(a)-charindex('*',a)) GS08 FROM CET  ),CHT AS( SELECT DISTINCT GS70,GS01,GS46,GS49,GS71,GS02,CONVERT(FLOAT,CONVERT(DECIMAL(11,2),GS08)*1.0/10) GS08 FROM CFT  )SELECT GS70,GS01,GS46,GS49,GS71,GS02,CONVERT(VARCHAR,GS08) GS08,'' GS07,PQF13,PQF31 FROM CHT A INNER JOIN R_PQF B ON A.GS01=B.PQF01  WHERE (SELECT COUNT(1) FROM R_PQO WHERE GS01=JM90 AND GS02=JM09 AND CONVERT(VARCHAR,GS08)=CONVERT(VARCHAR,CONVERT(FLOAT,CONVERT(DECIMAL(11,4),JM96))))=0 and GS01 not in (SELECT JM90 FROM R_PQO WHERE JM116='1' )
08:48:42.000 从数据类型 nvarchar 转换为 numeric 时出错。
08:50:19.000 @QUOI001[R_504-201806110001]
08:50:19.000 @QUOI002[承揽工资]
08:50:19.000 @QUOI003[R_339]
08:50:19.000 @QUOI004[油漆款]
08:50:19.000 @QUOI005[3000]
08:50:19.000 @QUOI006[木板]
08:50:19.000 @QUOI007[喷漆]
08:50:19.000 @QUOI008[342C]
08:50:19.000 @QUOI009[水帘机喷涂]
08:50:19.000 @QUOI010[蛐彩康]
08:50:19.000 @QUOI011[          ]
08:50:19.000 @QUOI012[1.620]
08:50:19.000 @QUOI013[0]
08:50:19.000 @QUOI014[98]
08:50:19.000 @QUOI015[28.0]
08:50:19.000 @QUOI016[2]
08:50:19.000 @QUOI017[1]
08:50:19.000 @QUOI018[3]
08:50:19.000 @QUOI019[115]
08:50:19.000 @QUOI020[7.3457]
08:50:19.000 @QUOI021[2]
08:50:19.000 @QUOI022[小板]
08:50:19.000 @QUOI023[2]
08:50:19.000 @QUOI024[2]
08:50:19.000 @QUOI025[大单]
08:54:16.000 @QUOI001[R_504-201806110001]
08:54:16.000 @QUOI002[承揽工资]
08:54:16.000 @QUOI003[R_339]
08:54:16.000 @QUOI004[油漆款]
08:54:16.000 @QUOI005[36654]
08:54:16.000 @QUOI006[箱包]
08:54:16.000 @QUOI007[喷面]
08:54:16.000 @QUOI008[3125C]
08:54:16.000 @QUOI009[水帘机喷涂]
08:54:16.000 @QUOI010[嘉宝莉]
08:54:16.000 @QUOI011[          ]
08:54:16.000 @QUOI012[1.890]
08:54:16.000 @QUOI013[0]
08:54:16.000 @QUOI014[100]
08:54:16.000 @QUOI015[36.0]
08:54:16.000 @QUOI016[2]
08:54:16.000 @QUOI017[11]
08:54:16.000 @QUOI018[8]
08:54:16.000 @QUOI019[90]
08:54:16.000 @QUOI020[8.0952]
08:54:16.000 @QUOI021[1]
08:54:16.000 @QUOI022[]
08:54:16.000 @QUOI023[1]
08:54:16.000 @QUOI024[0]
08:54:16.000 @QUOI025[]
08:56:42.000 @QUOJ001[R_504-201806110001]
08:56:42.000 @QUOJ002[承揽工资]
08:56:42.000 @QUOJ003[R_344]
08:56:42.000 @QUOJ004[滚漆款]
08:56:42.000 @QUOJ005[36654]
08:56:42.000 @QUOJ006[木材]
08:56:42.000 @QUOJ007[车头]
08:56:42.000 @QUOJ008[90*32*26]
08:56:42.000 @QUOJ009[木材质]
08:56:42.000 @QUOJ010[蛐彩康]
08:56:42.000 @QUOJ011[0.0]
08:56:42.000 @QUOJ012[厂内]
08:56:42.000 @QUOJ013[黄色]
08:56:42.000 @QUOJ014[黄色]
08:56:42.000 @QUOJ015[色面]
08:56:42.000 @QUOJ016[0.1373]
08:56:42.000 @QUOJ017[0]
08:56:42.000 @QUOJ018[0]
08:56:42.000 @QUOJ019[0.750]
08:56:42.000 @QUOJ020[1.900]
08:56:42.000 @QUOJ021[0.430]
08:56:42.000 @QUOJ022[0]
08:56:42.000 @QUOJ023[0]
08:56:42.000 @QUOJ024[0]
08:56:42.000 @QUOJ025[0]
08:56:42.000 @QUOJ026[0]
08:56:42.000 @QUOJ027[21.0]
08:56:43.000 SELECT idx,QUOA012,QUOA011,QUOA013,QUOA001,QUOA002,QUOA005,QUOA007 QUOA999,0.000000 QUOA998,0.000000 QUOA997,0.000000 QUOA996,0.000000 QUOA995,0.000000 QUOA994,QUOA009,QUOA003,QUOA014*QUOA005*QUOA003 QUO993,QUOA014 FROM R_QUOA WHERE QUOA010='R_504-201806110001' UNION ALL SELECT idx,QUOB004,QUOB002,QUOB003,QUOB005,QUOB006,QUOB008,QUOB012,0.000000 QUOB998,0.000000 QUOB997,0.000000 QUOB996,0.000000 QUOB995,0.000000 QUOB994,QUOB014,QUOB010,QUOB008*QUOB011*QUOB017*QUOB010 QUO993,QUOB017 FROM R_QUOB WHERE QUOB001='R_504-201806110001' UNION ALL SELECT idx,QUOC002,QUOC003,QUOC004,QUOC006,CONVERT(NVARCHAR,CONVERT(FLOAT,QUOC007))+'*'+CONVERT(NVARCHAR,CONVERT(FLOAT,QUOC008))+'*'+CONVERT(NVARCHAR,CONVERT(FLOAT,QUOC009)) QUOC,QUOC010,'' QUOC999,QUOC007,QUOC008,QUOC009,QUOC010*QUOC007*QUOC008*QUOC009 QUOC1,0.000000 QUOC2,'张' QUOC3,(QUOC012+QUOC019)*QUOC016 QUOC4,CASE WHEN QUOC005=0 THEN 0 ELSE (QUOC005/QUOC010+QUOC018)*(QUOC012+QUOC019)*QUOC016 END QUO993,QUOC005 FROM R_QUOC WHERE QUOC001='R_504-201806110001' UNION ALL SELECT idx,QUOD002,QUOD003,QUOD004,QUOD006,CONVERT(NVARCHAR,CONVERT(FLOAT,QUOD010))+'*'+CONVERT(NVARCHAR,CONVERT(FLOAT,QUOD011))+'*'+CONVERT(NVARCHAR,CONVERT(FLOAT,QUOD012)) QUOD,QUOD008,'' QUOD1,QUOD010,QUOD011,QUOD012,QUOD008*QUOD010*QUOD011*QUOD012 QUOD2,QUOD016*QUOD017*QUOD018 QUOD3,'' QUOD4,QUOD007,QUOD020*QUOD007*QUOD010*QUOD011*QUOD012*QUOD009*0.000001 QUOD5,QUOD020 FROM R_QUOD WHERE QUOD001='R_504-201806110001' UNION ALL SELECT idx,QUOE002,QUOE003,QUOE004,QUOE007,CONVERT(NVARCHAR,CONVERT(FLOAT,QUOE012))+'*'+CONVERT(NVARCHAR,CONVERT(FLOAT,QUOE013))+'*'+CONVERT(NVARCHAR,CONVERT(FLOAT,QUOE014)) QUOE,QUOE009,'' QUOE1,QUOE012,QUOE013,QUOE014,QUOE009*QUOE012*QUOE013*QUOE014 QUOE2,0.000000 QUOE3,'' QUOE4,QUOE008,QUOE008*QUOE005*QUOE009 QUOE4,QUOE005 FROM R_QUOE WHERE QUOE001='R_504-201806110001' UNION ALL SELECT idx,QUOF002,QUOF003,QUOF004,QUOF006,QUOF007,QUOF011,'' QUOF,0.000000 QUOA998,0.000000 QUOA997,0.000000 QUOA996,0.000000 QUOF1,0.000000 QUOF2,QUOF010,QUOF014,QUOF014*(QUOF005*QUOF011+QUOF012)-QUOF015 QUOF3,QUOF005 FROM R_QUOF WHERE QUOF001='R_504-201806110001' UNION ALL SELECT idx,QUOG002,QUOG003,QUOG004,QUOG006,QUOG007,QUOG011,'',0.000000 QUOA998,0.000000 QUOA997,0.000000 QUOA996,0.000000 QUOA995,0.000000 QUOA994,QUOG008,QUOG013,QUOG013*(QUOG011*QUOG005+QUOG012)-QUOG015,QUOG005 FROM R_QUOG WHERE QUOG001='R_504-201806110001' UNION ALL SELECT idx,QUOH002,QUOH003,QUOH004,QUOH007,QUOH008,QUOH014,'',0.000000 QUOA998,0.000000 QUOA997,0.000000 QUOA996,0.000000 QUOA995,0.000000 QUOA994,QUOH009,QUOH013,CASE WHEN QUOH006='双瓦外箱' THEN CONVERT( DECIMAL( 11, 4 ), ((QUOH021 + QUOH023 + QUOH025) * (QUOH022 + QUOH024 + QUOH026)) * 0.0001 +CONVERT( DECIMAL( 11, 4 ), ((QUOH017 + QUOH018) * (QUOH019 + QUOH020)) * 0.0001 ))*QUOH013*QUOH015 WHEN QUOH006='小箱式' THEN CONVERT( DECIMAL( 11, 4 ), ((QUOH021 + QUOH023 + QUOH025) * (QUOH022 + QUOH024 + QUOH026)) * 0.0001 +CONVERT( DECIMAL( 11, 4 ), ((QUOH017 + QUOH018) * (QUOH019 + QUOH020)) * 0.0001 ))*QUOH013*QUOH015 WHEN QUOH006='牙膏式' THEN CONVERT( DECIMAL( 11, 4 ), ((QUOH021 + 2*QUOH023 + QUOH025) * (2*QUOH022 + 2*QUOH024 + QUOH026)) * 0.0001 +CONVERT( DECIMAL( 11, 4 ), ((QUOH017 + QUOH018) * (QUOH019 + QUOH020)) * 0.0001 ))*QUOH013*QUOH015 WHEN QUOH006='插口式' THEN CONVERT( DECIMAL( 11, 4 ), ((QUOH021 + 2*QUOH023 + QUOH025) * (2*QUOH022 + 2*QUOH024 + QUOH026)) * 0.0001 +CONVERT( DECIMAL( 11, 4 ), ((QUOH017 + QUOH018) * (QUOH019 + QUOH020)) * 0.0001 ))*QUOH013*QUOH015 WHEN QUOH006='天盖' THEN CONVERT( DECIMAL( 11, 4 ), ((QUOH021 + 2*QUOH023 + QUOH025) * (QUOH022 + 2*QUOH024 + QUOH026)) * 0.0001 +CONVERT( DECIMAL( 11, 4 ), ((QUOH017 + QUOH018) * (QUOH019 + QUOH020)) * 0.0001 ))*QUOH013*QUOH015 WHEN QUOH006='地盖' THEN CONVERT( DECIMAL( 11, 4 ), ((QUOH021 + 2*QUOH023 + QUOH025) * (QUOH022 + 2*QUOH024 + QUOH026)) * 0.0001+CONVERT( DECIMAL( 11, 4 ), ((QUOH017 + QUOH018) * (QUOH019 + QUOH020)) * 0.0001 ) )*QUOH013*QUOH015 WHEN QUOH006='折叠式' THEN CONVERT( DECIMAL( 11, 4 ), ((2*QUOH021 + 2*QUOH023 + QUOH025) * (1.5*QUOH022 + QUOH024 + QUOH026)) * 0.0001 +CONVERT( DECIMAL( 11, 4 ), ((QUOH017 + QUOH018) * (QUOH019 + QUOH020)) * 0.0001 ))*QUOH013*QUOH015  WHEN QUOH006 NOT IN ('双瓦外箱','小箱式','牙膏式','插口式','天盖','地盖','折叠式') THEN CONVERT( DECIMAL( 11, 4 ), ((QUOH017 + QUOH018) * (QUOH019 + QUOH020)) * 0.0001 )*QUOH013*QUOH015 END U5,QUOH005 FROM R_QUOH WHERE QUOH001='R_504-201806110001' UNION ALL SELECT idx,QUOI002,QUOI003,QUOI004,QUOI006,QUOI008,QUOI023,QUOI009,0.000000 QUOA998,0.000000 QUOA997,0.000000 QUOA996,0.000000 QUOA995,0.000000 QUOA994,'',QUOI015,CASE WHEN QUOI017*QUOI018=0 THEN 0 ELSE QUOI005*QUOI023*QUOI021*QUOI016*QUOI014*QUOI012*0.01/QUOI017/QUOI018 END QUOI,QUOI005 FROM R_QUOI WHERE QUOI001='R_504-201806110001' UNION ALL SELECT idx,QUOJ002,QUOJ003,QUOJ004,QUOJ007,QUOJ008,0,'',0.000000 QUOA998,0.000000 QUOA997,0.000000 QUOA996,0.000000 QUOA995,0.000000 QUOA994,'',QUOJ027,CASE WHEN QUOJ012='厂内' THEN QUOJ016*QUOJ005*QUOJ021+QUOJ016*QUOJ005*QUOJ019*QUOJ023+QUOJ022+QUOJ025 WHEN QUOJ012='厂外' THEN QUOJ016*QUOJ005*QUOJ020*QUOJ023+QUOJ026 END QUOJ,QUOJ007 FROM R_QUOJ WHERE QUOJ001='R_504-201806110001'
08:56:43.000 在将 nvarchar 值 '车头' 转换成数据类型 int 时失败。
08:56:45.000 SELECT idx,QUOA012,QUOA011,QUOA013,QUOA001,QUOA002,QUOA005,QUOA007 QUOA999,0.000000 QUOA998,0.000000 QUOA997,0.000000 QUOA996,0.000000 QUOA995,0.000000 QUOA994,QUOA009,QUOA003,QUOA014*QUOA005*QUOA003 QUO993,QUOA014 FROM R_QUOA WHERE QUOA010='R_504-201806110001' UNION ALL SELECT idx,QUOB004,QUOB002,QUOB003,QUOB005,QUOB006,QUOB008,QUOB012,0.000000 QUOB998,0.000000 QUOB997,0.000000 QUOB996,0.000000 QUOB995,0.000000 QUOB994,QUOB014,QUOB010,QUOB008*QUOB011*QUOB017*QUOB010 QUO993,QUOB017 FROM R_QUOB WHERE QUOB001='R_504-201806110001' UNION ALL SELECT idx,QUOC002,QUOC003,QUOC004,QUOC006,CONVERT(NVARCHAR,CONVERT(FLOAT,QUOC007))+'*'+CONVERT(NVARCHAR,CONVERT(FLOAT,QUOC008))+'*'+CONVERT(NVARCHAR,CONVERT(FLOAT,QUOC009)) QUOC,QUOC010,'' QUOC999,QUOC007,QUOC008,QUOC009,QUOC010*QUOC007*QUOC008*QUOC009 QUOC1,0.000000 QUOC2,'张' QUOC3,(QUOC012+QUOC019)*QUOC016 QUOC4,CASE WHEN QUOC005=0 THEN 0 ELSE (QUOC005/QUOC010+QUOC018)*(QUOC012+QUOC019)*QUOC016 END QUO993,QUOC005 FROM R_QUOC WHERE QUOC001='R_504-201806110001' UNION ALL SELECT idx,QUOD002,QUOD003,QUOD004,QUOD006,CONVERT(NVARCHAR,CONVERT(FLOAT,QUOD010))+'*'+CONVERT(NVARCHAR,CONVERT(FLOAT,QUOD011))+'*'+CONVERT(NVARCHAR,CONVERT(FLOAT,QUOD012)) QUOD,QUOD008,'' QUOD1,QUOD010,QUOD011,QUOD012,QUOD008*QUOD010*QUOD011*QUOD012 QUOD2,QUOD016*QUOD017*QUOD018 QUOD3,'' QUOD4,QUOD007,QUOD020*QUOD007*QUOD010*QUOD011*QUOD012*QUOD009*0.000001 QUOD5,QUOD020 FROM R_QUOD WHERE QUOD001='R_504-201806110001' UNION ALL SELECT idx,QUOE002,QUOE003,QUOE004,QUOE007,CONVERT(NVARCHAR,CONVERT(FLOAT,QUOE012))+'*'+CONVERT(NVARCHAR,CONVERT(FLOAT,QUOE013))+'*'+CONVERT(NVARCHAR,CONVERT(FLOAT,QUOE014)) QUOE,QUOE009,'' QUOE1,QUOE012,QUOE013,QUOE014,QUOE009*QUOE012*QUOE013*QUOE014 QUOE2,0.000000 QUOE3,'' QUOE4,QUOE008,QUOE008*QUOE005*QUOE009 QUOE4,QUOE005 FROM R_QUOE WHERE QUOE001='R_504-201806110001' UNION ALL SELECT idx,QUOF002,QUOF003,QUOF004,QUOF006,QUOF007,QUOF011,'' QUOF,0.000000 QUOA998,0.000000 QUOA997,0.000000 QUOA996,0.000000 QUOF1,0.000000 QUOF2,QUOF010,QUOF014,QUOF014*(QUOF005*QUOF011+QUOF012)-QUOF015 QUOF3,QUOF005 FROM R_QUOF WHERE QUOF001='R_504-201806110001' UNION ALL SELECT idx,QUOG002,QUOG003,QUOG004,QUOG006,QUOG007,QUOG011,'',0.000000 QUOA998,0.000000 QUOA997,0.000000 QUOA996,0.000000 QUOA995,0.000000 QUOA994,QUOG008,QUOG013,QUOG013*(QUOG011*QUOG005+QUOG012)-QUOG015,QUOG005 FROM R_QUOG WHERE QUOG001='R_504-201806110001' UNION ALL SELECT idx,QUOH002,QUOH003,QUOH004,QUOH007,QUOH008,QUOH014,'',0.000000 QUOA998,0.000000 QUOA997,0.000000 QUOA996,0.000000 QUOA995,0.000000 QUOA994,QUOH009,QUOH013,CASE WHEN QUOH006='双瓦外箱' THEN CONVERT( DECIMAL( 11, 4 ), ((QUOH021 + QUOH023 + QUOH025) * (QUOH022 + QUOH024 + QUOH026)) * 0.0001 +CONVERT( DECIMAL( 11, 4 ), ((QUOH017 + QUOH018) * (QUOH019 + QUOH020)) * 0.0001 ))*QUOH013*QUOH015 WHEN QUOH006='小箱式' THEN CONVERT( DECIMAL( 11, 4 ), ((QUOH021 + QUOH023 + QUOH025) * (QUOH022 + QUOH024 + QUOH026)) * 0.0001 +CONVERT( DECIMAL( 11, 4 ), ((QUOH017 + QUOH018) * (QUOH019 + QUOH020)) * 0.0001 ))*QUOH013*QUOH015 WHEN QUOH006='牙膏式' THEN CONVERT( DECIMAL( 11, 4 ), ((QUOH021 + 2*QUOH023 + QUOH025) * (2*QUOH022 + 2*QUOH024 + QUOH026)) * 0.0001 +CONVERT( DECIMAL( 11, 4 ), ((QUOH017 + QUOH018) * (QUOH019 + QUOH020)) * 0.0001 ))*QUOH013*QUOH015 WHEN QUOH006='插口式' THEN CONVERT( DECIMAL( 11, 4 ), ((QUOH021 + 2*QUOH023 + QUOH025) * (2*QUOH022 + 2*QUOH024 + QUOH026)) * 0.0001 +CONVERT( DECIMAL( 11, 4 ), ((QUOH017 + QUOH018) * (QUOH019 + QUOH020)) * 0.0001 ))*QUOH013*QUOH015 WHEN QUOH006='天盖' THEN CONVERT( DECIMAL( 11, 4 ), ((QUOH021 + 2*QUOH023 + QUOH025) * (QUOH022 + 2*QUOH024 + QUOH026)) * 0.0001 +CONVERT( DECIMAL( 11, 4 ), ((QUOH017 + QUOH018) * (QUOH019 + QUOH020)) * 0.0001 ))*QUOH013*QUOH015 WHEN QUOH006='地盖' THEN CONVERT( DECIMAL( 11, 4 ), ((QUOH021 + 2*QUOH023 + QUOH025) * (QUOH022 + 2*QUOH024 + QUOH026)) * 0.0001+CONVERT( DECIMAL( 11, 4 ), ((QUOH017 + QUOH018) * (QUOH019 + QUOH020)) * 0.0001 ) )*QUOH013*QUOH015 WHEN QUOH006='折叠式' THEN CONVERT( DECIMAL( 11, 4 ), ((2*QUOH021 + 2*QUOH023 + QUOH025) * (1.5*QUOH022 + QUOH024 + QUOH026)) * 0.0001 +CONVERT( DECIMAL( 11, 4 ), ((QUOH017 + QUOH018) * (QUOH019 + QUOH020)) * 0.0001 ))*QUOH013*QUOH015  WHEN QUOH006 NOT IN ('双瓦外箱','小箱式','牙膏式','插口式','天盖','地盖','折叠式') THEN CONVERT( DECIMAL( 11, 4 ), ((QUOH017 + QUOH018) * (QUOH019 + QUOH020)) * 0.0001 )*QUOH013*QUOH015 END U5,QUOH005 FROM R_QUOH WHERE QUOH001='R_504-201806110001' UNION ALL SELECT idx,QUOI002,QUOI003,QUOI004,QUOI006,QUOI008,QUOI023,QUOI009,0.000000 QUOA998,0.000000 QUOA997,0.000000 QUOA996,0.000000 QUOA995,0.000000 QUOA994,'',QUOI015,CASE WHEN QUOI017*QUOI018=0 THEN 0 ELSE QUOI005*QUOI023*QUOI021*QUOI016*QUOI014*QUOI012*0.01/QUOI017/QUOI018 END QUOI,QUOI005 FROM R_QUOI WHERE QUOI001='R_504-201806110001' UNION ALL SELECT idx,QUOJ002,QUOJ003,QUOJ004,QUOJ007,QUOJ008,0,'',0.000000 QUOA998,0.000000 QUOA997,0.000000 QUOA996,0.000000 QUOA995,0.000000 QUOA994,'',QUOJ027,CASE WHEN QUOJ012='厂内' THEN QUOJ016*QUOJ005*QUOJ021+QUOJ016*QUOJ005*QUOJ019*QUOJ023+QUOJ022+QUOJ025 WHEN QUOJ012='厂外' THEN QUOJ016*QUOJ005*QUOJ020*QUOJ023+QUOJ026 END QUOJ,QUOJ007 FROM R_QUOJ WHERE QUOJ001='R_504-201806110001'
08:56:45.000 在将 nvarchar 值 '车头' 转换成数据类型 int 时失败。
08:56:47.000 SELECT idx,QUOA012,QUOA011,QUOA013,QUOA001,QUOA002,QUOA005,QUOA007 QUOA999,0.000000 QUOA998,0.000000 QUOA997,0.000000 QUOA996,0.000000 QUOA995,0.000000 QUOA994,QUOA009,QUOA003,QUOA014*QUOA005*QUOA003 QUO993,QUOA014 FROM R_QUOA WHERE QUOA010='R_504-201806110001' UNION ALL SELECT idx,QUOB004,QUOB002,QUOB003,QUOB005,QUOB006,QUOB008,QUOB012,0.000000 QUOB998,0.000000 QUOB997,0.000000 QUOB996,0.000000 QUOB995,0.000000 QUOB994,QUOB014,QUOB010,QUOB008*QUOB011*QUOB017*QUOB010 QUO993,QUOB017 FROM R_QUOB WHERE QUOB001='R_504-201806110001' UNION ALL SELECT idx,QUOC002,QUOC003,QUOC004,QUOC006,CONVERT(NVARCHAR,CONVERT(FLOAT,QUOC007))+'*'+CONVERT(NVARCHAR,CONVERT(FLOAT,QUOC008))+'*'+CONVERT(NVARCHAR,CONVERT(FLOAT,QUOC009)) QUOC,QUOC010,'' QUOC999,QUOC007,QUOC008,QUOC009,QUOC010*QUOC007*QUOC008*QUOC009 QUOC1,0.000000 QUOC2,'张' QUOC3,(QUOC012+QUOC019)*QUOC016 QUOC4,CASE WHEN QUOC005=0 THEN 0 ELSE (QUOC005/QUOC010+QUOC018)*(QUOC012+QUOC019)*QUOC016 END QUO993,QUOC005 FROM R_QUOC WHERE QUOC001='R_504-201806110001' UNION ALL SELECT idx,QUOD002,QUOD003,QUOD004,QUOD006,CONVERT(NVARCHAR,CONVERT(FLOAT,QUOD010))+'*'+CONVERT(NVARCHAR,CONVERT(FLOAT,QUOD011))+'*'+CONVERT(NVARCHAR,CONVERT(FLOAT,QUOD012)) QUOD,QUOD008,'' QUOD1,QUOD010,QUOD011,QUOD012,QUOD008*QUOD010*QUOD011*QUOD012 QUOD2,QUOD016*QUOD017*QUOD018 QUOD3,'' QUOD4,QUOD007,QUOD020*QUOD007*QUOD010*QUOD011*QUOD012*QUOD009*0.000001 QUOD5,QUOD020 FROM R_QUOD WHERE QUOD001='R_504-201806110001' UNION ALL SELECT idx,QUOE002,QUOE003,QUOE004,QUOE007,CONVERT(NVARCHAR,CONVERT(FLOAT,QUOE012))+'*'+CONVERT(NVARCHAR,CONVERT(FLOAT,QUOE013))+'*'+CONVERT(NVARCHAR,CONVERT(FLOAT,QUOE014)) QUOE,QUOE009,'' QUOE1,QUOE012,QUOE013,QUOE014,QUOE009*QUOE012*QUOE013*QUOE014 QUOE2,0.000000 QUOE3,'' QUOE4,QUOE008,QUOE008*QUOE005*QUOE009 QUOE4,QUOE005 FROM R_QUOE WHERE QUOE001='R_504-201806110001' UNION ALL SELECT idx,QUOF002,QUOF003,QUOF004,QUOF006,QUOF007,QUOF011,'' QUOF,0.000000 QUOA998,0.000000 QUOA997,0.000000 QUOA996,0.000000 QUOF1,0.000000 QUOF2,QUOF010,QUOF014,QUOF014*(QUOF005*QUOF011+QUOF012)-QUOF015 QUOF3,QUOF005 FROM R_QUOF WHERE QUOF001='R_504-201806110001' UNION ALL SELECT idx,QUOG002,QUOG003,QUOG004,QUOG006,QUOG007,QUOG011,'',0.000000 QUOA998,0.000000 QUOA997,0.000000 QUOA996,0.000000 QUOA995,0.000000 QUOA994,QUOG008,QUOG013,QUOG013*(QUOG011*QUOG005+QUOG012)-QUOG015,QUOG005 FROM R_QUOG WHERE QUOG001='R_504-201806110001' UNION ALL SELECT idx,QUOH002,QUOH003,QUOH004,QUOH007,QUOH008,QUOH014,'',0.000000 QUOA998,0.000000 QUOA997,0.000000 QUOA996,0.000000 QUOA995,0.000000 QUOA994,QUOH009,QUOH013,CASE WHEN QUOH006='双瓦外箱' THEN CONVERT( DECIMAL( 11, 4 ), ((QUOH021 + QUOH023 + QUOH025) * (QUOH022 + QUOH024 + QUOH026)) * 0.0001 +CONVERT( DECIMAL( 11, 4 ), ((QUOH017 + QUOH018) * (QUOH019 + QUOH020)) * 0.0001 ))*QUOH013*QUOH015 WHEN QUOH006='小箱式' THEN CONVERT( DECIMAL( 11, 4 ), ((QUOH021 + QUOH023 + QUOH025) * (QUOH022 + QUOH024 + QUOH026)) * 0.0001 +CONVERT( DECIMAL( 11, 4 ), ((QUOH017 + QUOH018) * (QUOH019 + QUOH020)) * 0.0001 ))*QUOH013*QUOH015 WHEN QUOH006='牙膏式' THEN CONVERT( DECIMAL( 11, 4 ), ((QUOH021 + 2*QUOH023 + QUOH025) * (2*QUOH022 + 2*QUOH024 + QUOH026)) * 0.0001 +CONVERT( DECIMAL( 11, 4 ), ((QUOH017 + QUOH018) * (QUOH019 + QUOH020)) * 0.0001 ))*QUOH013*QUOH015 WHEN QUOH006='插口式' THEN CONVERT( DECIMAL( 11, 4 ), ((QUOH021 + 2*QUOH023 + QUOH025) * (2*QUOH022 + 2*QUOH024 + QUOH026)) * 0.0001 +CONVERT( DECIMAL( 11, 4 ), ((QUOH017 + QUOH018) * (QUOH019 + QUOH020)) * 0.0001 ))*QUOH013*QUOH015 WHEN QUOH006='天盖' THEN CONVERT( DECIMAL( 11, 4 ), ((QUOH021 + 2*QUOH023 + QUOH025) * (QUOH022 + 2*QUOH024 + QUOH026)) * 0.0001 +CONVERT( DECIMAL( 11, 4 ), ((QUOH017 + QUOH018) * (QUOH019 + QUOH020)) * 0.0001 ))*QUOH013*QUOH015 WHEN QUOH006='地盖' THEN CONVERT( DECIMAL( 11, 4 ), ((QUOH021 + 2*QUOH023 + QUOH025) * (QUOH022 + 2*QUOH024 + QUOH026)) * 0.0001+CONVERT( DECIMAL( 11, 4 ), ((QUOH017 + QUOH018) * (QUOH019 + QUOH020)) * 0.0001 ) )*QUOH013*QUOH015 WHEN QUOH006='折叠式' THEN CONVERT( DECIMAL( 11, 4 ), ((2*QUOH021 + 2*QUOH023 + QUOH025) * (1.5*QUOH022 + QUOH024 + QUOH026)) * 0.0001 +CONVERT( DECIMAL( 11, 4 ), ((QUOH017 + QUOH018) * (QUOH019 + QUOH020)) * 0.0001 ))*QUOH013*QUOH015  WHEN QUOH006 NOT IN ('双瓦外箱','小箱式','牙膏式','插口式','天盖','地盖','折叠式') THEN CONVERT( DECIMAL( 11, 4 ), ((QUOH017 + QUOH018) * (QUOH019 + QUOH020)) * 0.0001 )*QUOH013*QUOH015 END U5,QUOH005 FROM R_QUOH WHERE QUOH001='R_504-201806110001' UNION ALL SELECT idx,QUOI002,QUOI003,QUOI004,QUOI006,QUOI008,QUOI023,QUOI009,0.000000 QUOA998,0.000000 QUOA997,0.000000 QUOA996,0.000000 QUOA995,0.000000 QUOA994,'',QUOI015,CASE WHEN QUOI017*QUOI018=0 THEN 0 ELSE QUOI005*QUOI023*QUOI021*QUOI016*QUOI014*QUOI012*0.01/QUOI017/QUOI018 END QUOI,QUOI005 FROM R_QUOI WHERE QUOI001='R_504-201806110001' UNION ALL SELECT idx,QUOJ002,QUOJ003,QUOJ004,QUOJ007,QUOJ008,0,'',0.000000 QUOA998,0.000000 QUOA997,0.000000 QUOA996,0.000000 QUOA995,0.000000 QUOA994,'',QUOJ027,CASE WHEN QUOJ012='厂内' THEN QUOJ016*QUOJ005*QUOJ021+QUOJ016*QUOJ005*QUOJ019*QUOJ023+QUOJ022+QUOJ025 WHEN QUOJ012='厂外' THEN QUOJ016*QUOJ005*QUOJ020*QUOJ023+QUOJ026 END QUOJ,QUOJ007 FROM R_QUOJ WHERE QUOJ001='R_504-201806110001'
08:56:47.000 在将 nvarchar 值 '车头' 转换成数据类型 int 时失败。
08:56:48.000 SELECT idx,QUOA012,QUOA011,QUOA013,QUOA001,QUOA002,QUOA005,QUOA007 QUOA999,0.000000 QUOA998,0.000000 QUOA997,0.000000 QUOA996,0.000000 QUOA995,0.000000 QUOA994,QUOA009,QUOA003,QUOA014*QUOA005*QUOA003 QUO993,QUOA014 FROM R_QUOA WHERE QUOA010='R_504-201806110001' UNION ALL SELECT idx,QUOB004,QUOB002,QUOB003,QUOB005,QUOB006,QUOB008,QUOB012,0.000000 QUOB998,0.000000 QUOB997,0.000000 QUOB996,0.000000 QUOB995,0.000000 QUOB994,QUOB014,QUOB010,QUOB008*QUOB011*QUOB017*QUOB010 QUO993,QUOB017 FROM R_QUOB WHERE QUOB001='R_504-201806110001' UNION ALL SELECT idx,QUOC002,QUOC003,QUOC004,QUOC006,CONVERT(NVARCHAR,CONVERT(FLOAT,QUOC007))+'*'+CONVERT(NVARCHAR,CONVERT(FLOAT,QUOC008))+'*'+CONVERT(NVARCHAR,CONVERT(FLOAT,QUOC009)) QUOC,QUOC010,'' QUOC999,QUOC007,QUOC008,QUOC009,QUOC010*QUOC007*QUOC008*QUOC009 QUOC1,0.000000 QUOC2,'张' QUOC3,(QUOC012+QUOC019)*QUOC016 QUOC4,CASE WHEN QUOC005=0 THEN 0 ELSE (QUOC005/QUOC010+QUOC018)*(QUOC012+QUOC019)*QUOC016 END QUO993,QUOC005 FROM R_QUOC WHERE QUOC001='R_504-201806110001' UNION ALL SELECT idx,QUOD002,QUOD003,QUOD004,QUOD006,CONVERT(NVARCHAR,CONVERT(FLOAT,QUOD010))+'*'+CONVERT(NVARCHAR,CONVERT(FLOAT,QUOD011))+'*'+CONVERT(NVARCHAR,CONVERT(FLOAT,QUOD012)) QUOD,QUOD008,'' QUOD1,QUOD010,QUOD011,QUOD012,QUOD008*QUOD010*QUOD011*QUOD012 QUOD2,QUOD016*QUOD017*QUOD018 QUOD3,'' QUOD4,QUOD007,QUOD020*QUOD007*QUOD010*QUOD011*QUOD012*QUOD009*0.000001 QUOD5,QUOD020 FROM R_QUOD WHERE QUOD001='R_504-201806110001' UNION ALL SELECT idx,QUOE002,QUOE003,QUOE004,QUOE007,CONVERT(NVARCHAR,CONVERT(FLOAT,QUOE012))+'*'+CONVERT(NVARCHAR,CONVERT(FLOAT,QUOE013))+'*'+CONVERT(NVARCHAR,CONVERT(FLOAT,QUOE014)) QUOE,QUOE009,'' QUOE1,QUOE012,QUOE013,QUOE014,QUOE009*QUOE012*QUOE013*QUOE014 QUOE2,0.000000 QUOE3,'' QUOE4,QUOE008,QUOE008*QUOE005*QUOE009 QUOE4,QUOE005 FROM R_QUOE WHERE QUOE001='R_504-201806110001' UNION ALL SELECT idx,QUOF002,QUOF003,QUOF004,QUOF006,QUOF007,QUOF011,'' QUOF,0.000000 QUOA998,0.000000 QUOA997,0.000000 QUOA996,0.000000 QUOF1,0.000000 QUOF2,QUOF010,QUOF014,QUOF014*(QUOF005*QUOF011+QUOF012)-QUOF015 QUOF3,QUOF005 FROM R_QUOF WHERE QUOF001='R_504-201806110001' UNION ALL SELECT idx,QUOG002,QUOG003,QUOG004,QUOG006,QUOG007,QUOG011,'',0.000000 QUOA998,0.000000 QUOA997,0.000000 QUOA996,0.000000 QUOA995,0.000000 QUOA994,QUOG008,QUOG013,QUOG013*(QUOG011*QUOG005+QUOG012)-QUOG015,QUOG005 FROM R_QUOG WHERE QUOG001='R_504-201806110001' UNION ALL SELECT idx,QUOH002,QUOH003,QUOH004,QUOH007,QUOH008,QUOH014,'',0.000000 QUOA998,0.000000 QUOA997,0.000000 QUOA996,0.000000 QUOA995,0.000000 QUOA994,QUOH009,QUOH013,CASE WHEN QUOH006='双瓦外箱' THEN CONVERT( DECIMAL( 11, 4 ), ((QUOH021 + QUOH023 + QUOH025) * (QUOH022 + QUOH024 + QUOH026)) * 0.0001 +CONVERT( DECIMAL( 11, 4 ), ((QUOH017 + QUOH018) * (QUOH019 + QUOH020)) * 0.0001 ))*QUOH013*QUOH015 WHEN QUOH006='小箱式' THEN CONVERT( DECIMAL( 11, 4 ), ((QUOH021 + QUOH023 + QUOH025) * (QUOH022 + QUOH024 + QUOH026)) * 0.0001 +CONVERT( DECIMAL( 11, 4 ), ((QUOH017 + QUOH018) * (QUOH019 + QUOH020)) * 0.0001 ))*QUOH013*QUOH015 WHEN QUOH006='牙膏式' THEN CONVERT( DECIMAL( 11, 4 ), ((QUOH021 + 2*QUOH023 + QUOH025) * (2*QUOH022 + 2*QUOH024 + QUOH026)) * 0.0001 +CONVERT( DECIMAL( 11, 4 ), ((QUOH017 + QUOH018) * (QUOH019 + QUOH020)) * 0.0001 ))*QUOH013*QUOH015 WHEN QUOH006='插口式' THEN CONVERT( DECIMAL( 11, 4 ), ((QUOH021 + 2*QUOH023 + QUOH025) * (2*QUOH022 + 2*QUOH024 + QUOH026)) * 0.0001 +CONVERT( DECIMAL( 11, 4 ), ((QUOH017 + QUOH018) * (QUOH019 + QUOH020)) * 0.0001 ))*QUOH013*QUOH015 WHEN QUOH006='天盖' THEN CONVERT( DECIMAL( 11, 4 ), ((QUOH021 + 2*QUOH023 + QUOH025) * (QUOH022 + 2*QUOH024 + QUOH026)) * 0.0001 +CONVERT( DECIMAL( 11, 4 ), ((QUOH017 + QUOH018) * (QUOH019 + QUOH020)) * 0.0001 ))*QUOH013*QUOH015 WHEN QUOH006='地盖' THEN CONVERT( DECIMAL( 11, 4 ), ((QUOH021 + 2*QUOH023 + QUOH025) * (QUOH022 + 2*QUOH024 + QUOH026)) * 0.0001+CONVERT( DECIMAL( 11, 4 ), ((QUOH017 + QUOH018) * (QUOH019 + QUOH020)) * 0.0001 ) )*QUOH013*QUOH015 WHEN QUOH006='折叠式' THEN CONVERT( DECIMAL( 11, 4 ), ((2*QUOH021 + 2*QUOH023 + QUOH025) * (1.5*QUOH022 + QUOH024 + QUOH026)) * 0.0001 +CONVERT( DECIMAL( 11, 4 ), ((QUOH017 + QUOH018) * (QUOH019 + QUOH020)) * 0.0001 ))*QUOH013*QUOH015  WHEN QUOH006 NOT IN ('双瓦外箱','小箱式','牙膏式','插口式','天盖','地盖','折叠式') THEN CONVERT( DECIMAL( 11, 4 ), ((QUOH017 + QUOH018) * (QUOH019 + QUOH020)) * 0.0001 )*QUOH013*QUOH015 END U5,QUOH005 FROM R_QUOH WHERE QUOH001='R_504-201806110001' UNION ALL SELECT idx,QUOI002,QUOI003,QUOI004,QUOI006,QUOI008,QUOI023,QUOI009,0.000000 QUOA998,0.000000 QUOA997,0.000000 QUOA996,0.000000 QUOA995,0.000000 QUOA994,'',QUOI015,CASE WHEN QUOI017*QUOI018=0 THEN 0 ELSE QUOI005*QUOI023*QUOI021*QUOI016*QUOI014*QUOI012*0.01/QUOI017/QUOI018 END QUOI,QUOI005 FROM R_QUOI WHERE QUOI001='R_504-201806110001' UNION ALL SELECT idx,QUOJ002,QUOJ003,QUOJ004,QUOJ007,QUOJ008,0,'',0.000000 QUOA998,0.000000 QUOA997,0.000000 QUOA996,0.000000 QUOA995,0.000000 QUOA994,'',QUOJ027,CASE WHEN QUOJ012='厂内' THEN QUOJ016*QUOJ005*QUOJ021+QUOJ016*QUOJ005*QUOJ019*QUOJ023+QUOJ022+QUOJ025 WHEN QUOJ012='厂外' THEN QUOJ016*QUOJ005*QUOJ020*QUOJ023+QUOJ026 END QUOJ,QUOJ007 FROM R_QUOJ WHERE QUOJ001='R_504-201806110001'
08:56:48.000 在将 nvarchar 值 '车头' 转换成数据类型 int 时失败。
08:56:55.000 SELECT idx,QUOA012,QUOA011,QUOA013,QUOA001,QUOA002,QUOA005,QUOA007 QUOA999,0.000000 QUOA998,0.000000 QUOA997,0.000000 QUOA996,0.000000 QUOA995,0.000000 QUOA994,QUOA009,QUOA003,QUOA014*QUOA005*QUOA003 QUO993,QUOA014 FROM R_QUOA WHERE QUOA010='R_504-201806110001' UNION ALL SELECT idx,QUOB004,QUOB002,QUOB003,QUOB005,QUOB006,QUOB008,QUOB012,0.000000 QUOB998,0.000000 QUOB997,0.000000 QUOB996,0.000000 QUOB995,0.000000 QUOB994,QUOB014,QUOB010,QUOB008*QUOB011*QUOB017*QUOB010 QUO993,QUOB017 FROM R_QUOB WHERE QUOB001='R_504-201806110001' UNION ALL SELECT idx,QUOC002,QUOC003,QUOC004,QUOC006,CONVERT(NVARCHAR,CONVERT(FLOAT,QUOC007))+'*'+CONVERT(NVARCHAR,CONVERT(FLOAT,QUOC008))+'*'+CONVERT(NVARCHAR,CONVERT(FLOAT,QUOC009)) QUOC,QUOC010,'' QUOC999,QUOC007,QUOC008,QUOC009,QUOC010*QUOC007*QUOC008*QUOC009 QUOC1,0.000000 QUOC2,'张' QUOC3,(QUOC012+QUOC019)*QUOC016 QUOC4,CASE WHEN QUOC005=0 THEN 0 ELSE (QUOC005/QUOC010+QUOC018)*(QUOC012+QUOC019)*QUOC016 END QUO993,QUOC005 FROM R_QUOC WHERE QUOC001='R_504-201806110001' UNION ALL SELECT idx,QUOD002,QUOD003,QUOD004,QUOD006,CONVERT(NVARCHAR,CONVERT(FLOAT,QUOD010))+'*'+CONVERT(NVARCHAR,CONVERT(FLOAT,QUOD011))+'*'+CONVERT(NVARCHAR,CONVERT(FLOAT,QUOD012)) QUOD,QUOD008,'' QUOD1,QUOD010,QUOD011,QUOD012,QUOD008*QUOD010*QUOD011*QUOD012 QUOD2,QUOD016*QUOD017*QUOD018 QUOD3,'' QUOD4,QUOD007,QUOD020*QUOD007*QUOD010*QUOD011*QUOD012*QUOD009*0.000001 QUOD5,QUOD020 FROM R_QUOD WHERE QUOD001='R_504-201806110001' UNION ALL SELECT idx,QUOE002,QUOE003,QUOE004,QUOE007,CONVERT(NVARCHAR,CONVERT(FLOAT,QUOE012))+'*'+CONVERT(NVARCHAR,CONVERT(FLOAT,QUOE013))+'*'+CONVERT(NVARCHAR,CONVERT(FLOAT,QUOE014)) QUOE,QUOE009,'' QUOE1,QUOE012,QUOE013,QUOE014,QUOE009*QUOE012*QUOE013*QUOE014 QUOE2,0.000000 QUOE3,'' QUOE4,QUOE008,QUOE008*QUOE005*QUOE009 QUOE4,QUOE005 FROM R_QUOE WHERE QUOE001='R_504-201806110001' UNION ALL SELECT idx,QUOF002,QUOF003,QUOF004,QUOF006,QUOF007,QUOF011,'' QUOF,0.000000 QUOA998,0.000000 QUOA997,0.000000 QUOA996,0.000000 QUOF1,0.000000 QUOF2,QUOF010,QUOF014,QUOF014*(QUOF005*QUOF011+QUOF012)-QUOF015 QUOF3,QUOF005 FROM R_QUOF WHERE QUOF001='R_504-201806110001' UNION ALL SELECT idx,QUOG002,QUOG003,QUOG004,QUOG006,QUOG007,QUOG011,'',0.000000 QUOA998,0.000000 QUOA997,0.000000 QUOA996,0.000000 QUOA995,0.000000 QUOA994,QUOG008,QUOG013,QUOG013*(QUOG011*QUOG005+QUOG012)-QUOG015,QUOG005 FROM R_QUOG WHERE QUOG001='R_504-201806110001' UNION ALL SELECT idx,QUOH002,QUOH003,QUOH004,QUOH007,QUOH008,QUOH014,'',0.000000 QUOA998,0.000000 QUOA997,0.000000 QUOA996,0.000000 QUOA995,0.000000 QUOA994,QUOH009,QUOH013,CASE WHEN QUOH006='双瓦外箱' THEN CONVERT( DECIMAL( 11, 4 ), ((QUOH021 + QUOH023 + QUOH025) * (QUOH022 + QUOH024 + QUOH026)) * 0.0001 +CONVERT( DECIMAL( 11, 4 ), ((QUOH017 + QUOH018) * (QUOH019 + QUOH020)) * 0.0001 ))*QUOH013*QUOH015 WHEN QUOH006='小箱式' THEN CONVERT( DECIMAL( 11, 4 ), ((QUOH021 + QUOH023 + QUOH025) * (QUOH022 + QUOH024 + QUOH026)) * 0.0001 +CONVERT( DECIMAL( 11, 4 ), ((QUOH017 + QUOH018) * (QUOH019 + QUOH020)) * 0.0001 ))*QUOH013*QUOH015 WHEN QUOH006='牙膏式' THEN CONVERT( DECIMAL( 11, 4 ), ((QUOH021 + 2*QUOH023 + QUOH025) * (2*QUOH022 + 2*QUOH024 + QUOH026)) * 0.0001 +CONVERT( DECIMAL( 11, 4 ), ((QUOH017 + QUOH018) * (QUOH019 + QUOH020)) * 0.0001 ))*QUOH013*QUOH015 WHEN QUOH006='插口式' THEN CONVERT( DECIMAL( 11, 4 ), ((QUOH021 + 2*QUOH023 + QUOH025) * (2*QUOH022 + 2*QUOH024 + QUOH026)) * 0.0001 +CONVERT( DECIMAL( 11, 4 ), ((QUOH017 + QUOH018) * (QUOH019 + QUOH020)) * 0.0001 ))*QUOH013*QUOH015 WHEN QUOH006='天盖' THEN CONVERT( DECIMAL( 11, 4 ), ((QUOH021 + 2*QUOH023 + QUOH025) * (QUOH022 + 2*QUOH024 + QUOH026)) * 0.0001 +CONVERT( DECIMAL( 11, 4 ), ((QUOH017 + QUOH018) * (QUOH019 + QUOH020)) * 0.0001 ))*QUOH013*QUOH015 WHEN QUOH006='地盖' THEN CONVERT( DECIMAL( 11, 4 ), ((QUOH021 + 2*QUOH023 + QUOH025) * (QUOH022 + 2*QUOH024 + QUOH026)) * 0.0001+CONVERT( DECIMAL( 11, 4 ), ((QUOH017 + QUOH018) * (QUOH019 + QUOH020)) * 0.0001 ) )*QUOH013*QUOH015 WHEN QUOH006='折叠式' THEN CONVERT( DECIMAL( 11, 4 ), ((2*QUOH021 + 2*QUOH023 + QUOH025) * (1.5*QUOH022 + QUOH024 + QUOH026)) * 0.0001 +CONVERT( DECIMAL( 11, 4 ), ((QUOH017 + QUOH018) * (QUOH019 + QUOH020)) * 0.0001 ))*QUOH013*QUOH015  WHEN QUOH006 NOT IN ('双瓦外箱','小箱式','牙膏式','插口式','天盖','地盖','折叠式') THEN CONVERT( DECIMAL( 11, 4 ), ((QUOH017 + QUOH018) * (QUOH019 + QUOH020)) * 0.0001 )*QUOH013*QUOH015 END U5,QUOH005 FROM R_QUOH WHERE QUOH001='R_504-201806110001' UNION ALL SELECT idx,QUOI002,QUOI003,QUOI004,QUOI006,QUOI008,QUOI023,QUOI009,0.000000 QUOA998,0.000000 QUOA997,0.000000 QUOA996,0.000000 QUOA995,0.000000 QUOA994,'',QUOI015,CASE WHEN QUOI017*QUOI018=0 THEN 0 ELSE QUOI005*QUOI023*QUOI021*QUOI016*QUOI014*QUOI012*0.01/QUOI017/QUOI018 END QUOI,QUOI005 FROM R_QUOI WHERE QUOI001='R_504-201806110001' UNION ALL SELECT idx,QUOJ002,QUOJ003,QUOJ004,QUOJ007,QUOJ008,0,'',0.000000 QUOA998,0.000000 QUOA997,0.000000 QUOA996,0.000000 QUOA995,0.000000 QUOA994,'',QUOJ027,CASE WHEN QUOJ012='厂内' THEN QUOJ016*QUOJ005*QUOJ021+QUOJ016*QUOJ005*QUOJ019*QUOJ023+QUOJ022+QUOJ025 WHEN QUOJ012='厂外' THEN QUOJ016*QUOJ005*QUOJ020*QUOJ023+QUOJ026 END QUOJ,QUOJ007 FROM R_QUOJ WHERE QUOJ001='R_504-201806110001'
08:56:55.000 在将 nvarchar 值 '车头' 转换成数据类型 int 时失败。
09:00:51.000 UPDATE R_PQP SET GS73='T' FROM R_PQQ WHERE GS01=CP01 AND GS35=CP09 AND (GS35  LIKE '%丝印%' OR GS35 LIKE '%雕刻%' OR GS35  LIKE '%砂皮%' OR GS35  LIKE '%走台印%' OR GS35  LIKE '%冲印%') 
09:00:51.000 UPDATE R_PQP SET GS73='T' FROM R_PQAH WHERE GS01=AH01 AND GS35=AH18 AND (GS35  LIKE '%丝印%' OR GS35 LIKE '%雕刻%' OR GS35  LIKE '%砂皮%' OR GS35  LIKE '%走台印%' OR GS35  LIKE '%冲印%')
09:00:51.000 UPDATE R_PQP SET GS73='T' FROM R_PQI WHERE GS01=YQ03 AND  GS35 LIKE '%油漆%'  AND YQ139='1'
09:00:51.000 UPDATE R_PQP SET GS73='T' FROM R_PQAF WHERE GS01=AF002 AND GS07=AF015 AND GS02=AF084 AND GS08 ='Φ'+CONVERT(VARCHAR,CONVERT(FLOAT,AF022*10))+'*'+CONVERT(VARCHAR,CONVERT(FLOAT,AF020*10)) 
09:00:51.000 UPDATE R_PQP SET GS73='T' FROM R_PQU WHERE GS01=PQU01 AND GS07=PQU10 AND GS08=PQU12  
09:00:52.000 UPDATE R_PQP SET GS73='T' FROM R_PQS WHERE GS01=PJ01 AND GS56=PJ09 AND GS57=PJ89  
09:00:52.000 UPDATE R_PQP SET GS73='T' FROM R_PQT WHERE GS01=WX01 AND GS56=WX10 AND GS57=WX11 
09:00:53.000 WITH CET AS (select GS70,GS01,GS46,GS49,GS71,GS02,right(GS08,len(GS08) - charindex('*',GS08) ) a from R_PQP  WHERE GS70='R_338' AND GS73='F' ),CFT AS (SELECT GS70,GS01,GS46,GS49,GS71,GS02,right(a,LEN(a)-charindex('*',a)) GS08 FROM CET  ),CHT AS( SELECT DISTINCT GS70,GS01,GS46,GS49,GS71,GS02,CONVERT(FLOAT,CONVERT(DECIMAL(11,2),GS08)*1.0/10) GS08 FROM CFT  )SELECT GS70,GS01,GS46,GS49,GS71,GS02,CONVERT(VARCHAR,GS08) GS08,'' GS07,PQF13,PQF31 FROM CHT A INNER JOIN R_PQF B ON A.GS01=B.PQF01  WHERE (SELECT COUNT(1) FROM R_PQO WHERE GS01=JM90 AND GS02=JM09 AND CONVERT(VARCHAR,GS08)=CONVERT(VARCHAR,CONVERT(FLOAT,CONVERT(DECIMAL(11,4),JM96))))=0 and GS01 not in (SELECT JM90 FROM R_PQO WHERE JM116='1' )
09:00:53.000 从数据类型 nvarchar 转换为 numeric 时出错。
09:03:41.000 UPDATE R_PQP SET GS73='T' FROM R_PQQ WHERE GS01=CP01 AND GS35=CP09 AND (GS35  LIKE '%丝印%' OR GS35 LIKE '%雕刻%' OR GS35  LIKE '%砂皮%' OR GS35  LIKE '%走台印%' OR GS35  LIKE '%冲印%') 
09:03:41.000 UPDATE R_PQP SET GS73='T' FROM R_PQAH WHERE GS01=AH01 AND GS35=AH18 AND (GS35  LIKE '%丝印%' OR GS35 LIKE '%雕刻%' OR GS35  LIKE '%砂皮%' OR GS35  LIKE '%走台印%' OR GS35  LIKE '%冲印%')
09:03:42.000 UPDATE R_PQP SET GS73='T' FROM R_PQI WHERE GS01=YQ03 AND  GS35 LIKE '%油漆%'  AND YQ139='1'
09:03:42.000 UPDATE R_PQP SET GS73='T' FROM R_PQAF WHERE GS01=AF002 AND GS07=AF015 AND GS02=AF084 AND GS08 ='Φ'+CONVERT(VARCHAR,CONVERT(FLOAT,AF022*10))+'*'+CONVERT(VARCHAR,CONVERT(FLOAT,AF020*10)) 
09:03:42.000 UPDATE R_PQP SET GS73='T' FROM R_PQU WHERE GS01=PQU01 AND GS07=PQU10 AND GS08=PQU12  
09:03:42.000 UPDATE R_PQP SET GS73='T' FROM R_PQS WHERE GS01=PJ01 AND GS56=PJ09 AND GS57=PJ89  
09:03:42.000 UPDATE R_PQP SET GS73='T' FROM R_PQT WHERE GS01=WX01 AND GS56=WX10 AND GS57=WX11 
09:03:43.000 WITH CET AS (select GS70,GS01,GS46,GS49,GS71,GS02,right(GS08,len(GS08) - charindex('*',GS08) ) a from R_PQP  WHERE GS70='R_338' AND GS73='F' ),CFT AS (SELECT GS70,GS01,GS46,GS49,GS71,GS02,right(a,LEN(a)-charindex('*',a)) GS08 FROM CET  ),CHT AS( SELECT DISTINCT GS70,GS01,GS46,GS49,GS71,GS02,CONVERT(FLOAT,CONVERT(DECIMAL(11,2),GS08)*1.0/10) GS08 FROM CFT  )SELECT GS70,GS01,GS46,GS49,GS71,GS02,CONVERT(VARCHAR,GS08) GS08,'' GS07,PQF13,PQF31 FROM CHT A INNER JOIN R_PQF B ON A.GS01=B.PQF01  WHERE (SELECT COUNT(1) FROM R_PQO WHERE GS01=JM90 AND GS02=JM09 AND CONVERT(VARCHAR,GS08)=CONVERT(VARCHAR,CONVERT(FLOAT,CONVERT(DECIMAL(11,4),JM96))))=0 and GS01 not in (SELECT JM90 FROM R_PQO WHERE JM116='1' )
09:03:43.000 从数据类型 nvarchar 转换为 numeric 时出错。
09:05:36.000 DELETE FROM R_PQMZ WHERE MZ001='R_344-20190125001'
09:05:36.000 DELETE FROM R_REVIEWS WHERE RES06='R_344-20190125001'
09:05:36.000 INSERT INTO R_PQBF (BF001,BF002,BF003,BF004,BF005,BF006,BF007,BF008) VALUES ('R_344','滚漆承揽加工成本合同书','廖灵飞','2019/1/25 9:05:36','R_344-20190125001','DELETE FROM R_PQMZ WHERE MZ001=''R_344-20190125001''','删除','')
09:07:49.000 UPDATE R_PQP SET GS73='T' FROM R_PQQ WHERE GS01=CP01 AND GS35=CP09 AND (GS35  LIKE '%丝印%' OR GS35 LIKE '%雕刻%' OR GS35  LIKE '%砂皮%' OR GS35  LIKE '%走台印%' OR GS35  LIKE '%冲印%') 
09:07:49.000 UPDATE R_PQP SET GS73='T' FROM R_PQAH WHERE GS01=AH01 AND GS35=AH18 AND (GS35  LIKE '%丝印%' OR GS35 LIKE '%雕刻%' OR GS35  LIKE '%砂皮%' OR GS35  LIKE '%走台印%' OR GS35  LIKE '%冲印%')
09:07:49.000 UPDATE R_PQP SET GS73='T' FROM R_PQI WHERE GS01=YQ03 AND  GS35 LIKE '%油漆%'  AND YQ139='1'
09:07:49.000 UPDATE R_PQP SET GS73='T' FROM R_PQAF WHERE GS01=AF002 AND GS07=AF015 AND GS02=AF084 AND GS08 ='Φ'+CONVERT(VARCHAR,CONVERT(FLOAT,AF022*10))+'*'+CONVERT(VARCHAR,CONVERT(FLOAT,AF020*10)) 
09:07:49.000 UPDATE R_PQP SET GS73='T' FROM R_PQU WHERE GS01=PQU01 AND GS07=PQU10 AND GS08=PQU12  
09:07:49.000 UPDATE R_PQP SET GS73='T' FROM R_PQS WHERE GS01=PJ01 AND GS56=PJ09 AND GS57=PJ89  
09:07:49.000 UPDATE R_PQP SET GS73='T' FROM R_PQT WHERE GS01=WX01 AND GS56=WX10 AND GS57=WX11 
09:07:50.000 WITH CET AS (select GS70,GS01,GS46,GS49,GS71,GS02,right(GS08,len(GS08) - charindex('*',GS08) ) a from R_PQP  WHERE GS70='R_338' AND GS73='F' ),CFT AS (SELECT GS70,GS01,GS46,GS49,GS71,GS02,right(a,LEN(a)-charindex('*',a)) GS08 FROM CET  ),CHT AS( SELECT DISTINCT GS70,GS01,GS46,GS49,GS71,GS02,CONVERT(FLOAT,CONVERT(DECIMAL(11,2),GS08)*1.0/10) GS08 FROM CFT  )SELECT GS70,GS01,GS46,GS49,GS71,GS02,CONVERT(VARCHAR,GS08) GS08,'' GS07,PQF13,PQF31 FROM CHT A INNER JOIN R_PQF B ON A.GS01=B.PQF01  WHERE (SELECT COUNT(1) FROM R_PQO WHERE GS01=JM90 AND GS02=JM09 AND CONVERT(VARCHAR,GS08)=CONVERT(VARCHAR,CONVERT(FLOAT,CONVERT(DECIMAL(11,4),JM96))))=0 and GS01 not in (SELECT JM90 FROM R_PQO WHERE JM116='1' )
09:07:50.000 从数据类型 nvarchar 转换为 numeric 时出错。
09:09:12.000 @QUOJ001[R_504-201806110001]
09:09:12.000 @QUOJ002[包装材料]
09:09:12.000 @QUOJ003[R_344]
09:09:12.000 @QUOJ004[滚漆款]
09:09:12.000 @QUOJ005[3000]
09:09:12.000 @QUOJ006[木材]
09:09:12.000 @QUOJ007[车头]
09:09:12.000 @QUOJ008[90*32*26]
09:09:12.000 @QUOJ009[木材质]
09:09:12.000 @QUOJ010[蛐彩康]
09:09:12.000 @QUOJ011[0.0]
09:09:12.000 @QUOJ012[厂内]
09:09:12.000 @QUOJ013[黄色]
09:09:12.000 @QUOJ014[黄色]
09:09:12.000 @QUOJ015[色面]
09:09:12.000 @QUOJ016[0.1373]
09:09:12.000 @QUOJ017[0]
09:09:12.000 @QUOJ018[0]
09:09:12.000 @QUOJ019[0.750]
09:09:12.000 @QUOJ020[1.900]
09:09:12.000 @QUOJ021[0.430]
09:09:12.000 @QUOJ022[0]
09:09:12.000 @QUOJ023[1]
09:09:12.000 @QUOJ024[0]
09:09:12.000 @QUOJ025[0]
09:09:12.000 @QUOJ026[0]
09:09:12.000 @QUOJ027[21.0]
09:10:16.000 @QUOB001[R_504-201806110001]
09:10:16.000 @QUOB002[R_196]
09:10:16.000 @QUOB003[热转印]
09:10:16.000 @QUOB004[承揽工资]
09:10:16.000 @QUOB005[头身]
09:10:16.000 @QUOB006[12*23]
09:10:16.000 @QUOB007[色号]
09:10:16.000 @QUOB008[2]
09:10:16.000 @QUOB009[0]
09:10:16.000 @QUOB010[1.2]
09:10:16.000 @QUOB011[2]
09:10:16.000 @QUOB012[雕刻]
09:10:16.000 @QUOB013[雕刻]
09:10:16.000 @QUOB014[个]
09:10:16.000 @QUOB015[10]
09:10:16.000 @QUOB016[12*23]
09:10:16.000 @QUOB017[3000]
09:11:27.000 @QUOH001[R_504-201806110001]
09:11:27.000 @QUOH002[包装材料]
09:11:27.000 @QUOH003[R_349]
09:11:27.000 @QUOH004[包装材料]
09:11:27.000 @QUOH005[3000]
09:11:27.000 @QUOH006[小箱式]
09:11:27.000 @QUOH007[纸卡]
09:11:27.000 @QUOH008[12*98*21]
09:11:27.000 @QUOH009[个]
09:11:27.000 @QUOH010[包装辅料]
09:11:27.000 @QUOH011[]
09:11:27.000 @QUOH012[0]
09:11:27.000 @QUOH013[1.2]
09:11:27.000 @QUOH014[1500]
09:11:27.000 @QUOH015[2]
09:11:27.000 @QUOH016[2]
09:11:27.000 @QUOH017[0]
09:11:27.000 @QUOH018[0]
09:11:27.000 @QUOH019[0]
09:11:27.000 @QUOH020[0]
09:11:27.000 @QUOH021[1]
09:11:27.000 @QUOH022[2]
09:11:27.000 @QUOH023[2]
09:11:27.000 @QUOH024[3]
09:11:27.000 @QUOH025[1.2]
09:11:27.000 @QUOH026[2.1]
09:14:32.000 UPDATE R_PQP SET GS73='T' FROM R_PQQ WHERE GS01=CP01 AND GS35=CP09 AND (GS35  LIKE '%丝印%' OR GS35 LIKE '%雕刻%' OR GS35  LIKE '%砂皮%' OR GS35  LIKE '%走台印%' OR GS35  LIKE '%冲印%') 
09:14:32.000 UPDATE R_PQP SET GS73='T' FROM R_PQAH WHERE GS01=AH01 AND GS35=AH18 AND (GS35  LIKE '%丝印%' OR GS35 LIKE '%雕刻%' OR GS35  LIKE '%砂皮%' OR GS35  LIKE '%走台印%' OR GS35  LIKE '%冲印%')
09:14:32.000 UPDATE R_PQP SET GS73='T' FROM R_PQI WHERE GS01=YQ03 AND  GS35 LIKE '%油漆%'  AND YQ139='1'
09:14:32.000 UPDATE R_PQP SET GS73='T' FROM R_PQAF WHERE GS01=AF002 AND GS07=AF015 AND GS02=AF084 AND GS08 ='Φ'+CONVERT(VARCHAR,CONVERT(FLOAT,AF022*10))+'*'+CONVERT(VARCHAR,CONVERT(FLOAT,AF020*10)) 
09:14:32.000 UPDATE R_PQP SET GS73='T' FROM R_PQU WHERE GS01=PQU01 AND GS07=PQU10 AND GS08=PQU12  
09:14:32.000 UPDATE R_PQP SET GS73='T' FROM R_PQS WHERE GS01=PJ01 AND GS56=PJ09 AND GS57=PJ89  
09:14:32.000 UPDATE R_PQP SET GS73='T' FROM R_PQT WHERE GS01=WX01 AND GS56=WX10 AND GS57=WX11 
09:14:33.000 WITH CET AS (select GS70,GS01,GS46,GS49,GS71,GS02,right(GS08,len(GS08) - charindex('*',GS08) ) a from R_PQP  WHERE GS70='R_338' AND GS73='F' ),CFT AS (SELECT GS70,GS01,GS46,GS49,GS71,GS02,right(a,LEN(a)-charindex('*',a)) GS08 FROM CET  ),CHT AS( SELECT DISTINCT GS70,GS01,GS46,GS49,GS71,GS02,CONVERT(FLOAT,CONVERT(DECIMAL(11,2),GS08)*1.0/10) GS08 FROM CFT  )SELECT GS70,GS01,GS46,GS49,GS71,GS02,CONVERT(VARCHAR,GS08) GS08,'' GS07,PQF13,PQF31 FROM CHT A INNER JOIN R_PQF B ON A.GS01=B.PQF01  WHERE (SELECT COUNT(1) FROM R_PQO WHERE GS01=JM90 AND GS02=JM09 AND CONVERT(VARCHAR,GS08)=CONVERT(VARCHAR,CONVERT(FLOAT,CONVERT(DECIMAL(11,4),JM96))))=0 and GS01 not in (SELECT JM90 FROM R_PQO WHERE JM116='1' )
09:14:33.000 从数据类型 nvarchar 转换为 numeric 时出错。
09:16:08.000 @QUOA010[R_504-201806110001]
09:16:08.000 @QUOA001[狗头]
09:16:08.000 @QUOA002[12*23*34]
09:16:08.000 @QUOA003[1.2]
09:16:08.000 @QUOA004[1.4]
09:16:08.000 @QUOA005[1]
09:16:08.000 @QUOA006[12]
09:16:08.000 @QUOA007[刻度]
09:16:08.000 @QUOA008[雕刻]
09:16:08.000 @QUOA009[个]
09:16:08.000 @QUOA011[R_195]
09:16:08.000 @QUOA012[承揽工资]
09:16:08.000 @QUOA013[成品委外]
09:16:08.000 @QUOA014[3000]
09:16:36.000 @QUO001[R_504-201806110001]
09:16:36.000 @QUO002[怡人公司]
09:16:36.000 @QUO003[]
09:16:36.000 @QUO004[拖拉狗]
09:16:36.000 @QUO005[ZE30001A]
09:16:36.000 @QUO006[18060035]
09:16:36.000 @QUO007[3000]
09:16:36.000 @QUO008[2018/6/13 0:00:00]
09:16:36.000 @QUO009[]
09:16:36.000 @QUO010[刘芬芬]
09:16:36.000 update R_QUO set QUO002=@QUO002,QUO003=@QUO003,QUO004=@QUO004,QUO005=@QUO005,QUO006=@QUO006,QUO007=@QUO007,QUO008=@QUO008,QUO009=@QUO009,QUO010=@QUO010  where QUO001=@QUO001
09:20:27.000 UPDATE R_PQP SET GS73='T' FROM R_PQQ WHERE GS01=CP01 AND GS35=CP09 AND (GS35  LIKE '%丝印%' OR GS35 LIKE '%雕刻%' OR GS35  LIKE '%砂皮%' OR GS35  LIKE '%走台印%' OR GS35  LIKE '%冲印%') 
09:20:27.000 UPDATE R_PQP SET GS73='T' FROM R_PQAH WHERE GS01=AH01 AND GS35=AH18 AND (GS35  LIKE '%丝印%' OR GS35 LIKE '%雕刻%' OR GS35  LIKE '%砂皮%' OR GS35  LIKE '%走台印%' OR GS35  LIKE '%冲印%')
09:20:27.000 UPDATE R_PQP SET GS73='T' FROM R_PQI WHERE GS01=YQ03 AND  GS35 LIKE '%油漆%'  AND YQ139='1'
09:20:27.000 UPDATE R_PQP SET GS73='T' FROM R_PQAF WHERE GS01=AF002 AND GS07=AF015 AND GS02=AF084 AND GS08 ='Φ'+CONVERT(VARCHAR,CONVERT(FLOAT,AF022*10))+'*'+CONVERT(VARCHAR,CONVERT(FLOAT,AF020*10)) 
09:20:27.000 UPDATE R_PQP SET GS73='T' FROM R_PQU WHERE GS01=PQU01 AND GS07=PQU10 AND GS08=PQU12  
09:20:29.000 UPDATE R_PQP SET GS73='T' FROM R_PQS WHERE GS01=PJ01 AND GS56=PJ09 AND GS57=PJ89  
09:20:29.000 UPDATE R_PQP SET GS73='T' FROM R_PQT WHERE GS01=WX01 AND GS56=WX10 AND GS57=WX11 
09:20:29.000 WITH CET AS (select GS70,GS01,GS46,GS49,GS71,GS02,right(GS08,len(GS08) - charindex('*',GS08) ) a from R_PQP  WHERE GS70='R_338' AND GS73='F' ),CFT AS (SELECT GS70,GS01,GS46,GS49,GS71,GS02,right(a,LEN(a)-charindex('*',a)) GS08 FROM CET  ),CHT AS( SELECT DISTINCT GS70,GS01,GS46,GS49,GS71,GS02,CONVERT(FLOAT,CONVERT(DECIMAL(11,2),GS08)*1.0/10) GS08 FROM CFT  )SELECT GS70,GS01,GS46,GS49,GS71,GS02,CONVERT(VARCHAR,GS08) GS08,'' GS07,PQF13,PQF31 FROM CHT A INNER JOIN R_PQF B ON A.GS01=B.PQF01  WHERE (SELECT COUNT(1) FROM R_PQO WHERE GS01=JM90 AND GS02=JM09 AND CONVERT(VARCHAR,GS08)=CONVERT(VARCHAR,CONVERT(FLOAT,CONVERT(DECIMAL(11,4),JM96))))=0 and GS01 not in (SELECT JM90 FROM R_PQO WHERE JM116='1' )
09:20:29.000 从数据类型 nvarchar 转换为 numeric 时出错。
09:22:12.000 UPDATE R_PQP SET GS73='T' FROM R_PQQ WHERE GS01=CP01 AND GS35=CP09 AND (GS35  LIKE '%丝印%' OR GS35 LIKE '%雕刻%' OR GS35  LIKE '%砂皮%' OR GS35  LIKE '%走台印%' OR GS35  LIKE '%冲印%') 
09:22:12.000 UPDATE R_PQP SET GS73='T' FROM R_PQAH WHERE GS01=AH01 AND GS35=AH18 AND (GS35  LIKE '%丝印%' OR GS35 LIKE '%雕刻%' OR GS35  LIKE '%砂皮%' OR GS35  LIKE '%走台印%' OR GS35  LIKE '%冲印%')
09:22:12.000 UPDATE R_PQP SET GS73='T' FROM R_PQI WHERE GS01=YQ03 AND  GS35 LIKE '%油漆%'  AND YQ139='1'
09:22:12.000 UPDATE R_PQP SET GS73='T' FROM R_PQAF WHERE GS01=AF002 AND GS07=AF015 AND GS02=AF084 AND GS08 ='Φ'+CONVERT(VARCHAR,CONVERT(FLOAT,AF022*10))+'*'+CONVERT(VARCHAR,CONVERT(FLOAT,AF020*10)) 
09:22:12.000 UPDATE R_PQP SET GS73='T' FROM R_PQU WHERE GS01=PQU01 AND GS07=PQU10 AND GS08=PQU12  
09:22:13.000 UPDATE R_PQP SET GS73='T' FROM R_PQS WHERE GS01=PJ01 AND GS56=PJ09 AND GS57=PJ89  
09:22:13.000 UPDATE R_PQP SET GS73='T' FROM R_PQT WHERE GS01=WX01 AND GS56=WX10 AND GS57=WX11 
09:22:13.000 WITH CET AS (select GS70,GS01,GS46,GS49,GS71,GS02,right(GS08,len(GS08) - charindex('*',GS08) ) a from R_PQP  WHERE GS70='R_338' AND GS73='F' ),CFT AS (SELECT GS70,GS01,GS46,GS49,GS71,GS02,right(a,LEN(a)-charindex('*',a)) GS08 FROM CET  ),CHT AS( SELECT DISTINCT GS70,GS01,GS46,GS49,GS71,GS02,CONVERT(FLOAT,CONVERT(DECIMAL(11,2),GS08)*1.0/10) GS08 FROM CFT  )SELECT GS70,GS01,GS46,GS49,GS71,GS02,CONVERT(VARCHAR,GS08) GS08,'' GS07,PQF13,PQF31 FROM CHT A INNER JOIN R_PQF B ON A.GS01=B.PQF01  WHERE (SELECT COUNT(1) FROM R_PQO WHERE GS01=JM90 AND GS02=JM09 AND CONVERT(VARCHAR,GS08)=CONVERT(VARCHAR,CONVERT(FLOAT,CONVERT(DECIMAL(11,4),JM96))))=0 and GS01 not in (SELECT JM90 FROM R_PQO WHERE JM116='1' )
09:22:13.000 从数据类型 nvarchar 转换为 numeric 时出错。
09:33:05.000 UPDATE R_PQP SET GS73='T' FROM R_PQQ WHERE GS01=CP01 AND GS35=CP09 AND (GS35  LIKE '%丝印%' OR GS35 LIKE '%雕刻%' OR GS35  LIKE '%砂皮%' OR GS35  LIKE '%走台印%' OR GS35  LIKE '%冲印%') 
09:33:05.000 UPDATE R_PQP SET GS73='T' FROM R_PQAH WHERE GS01=AH01 AND GS35=AH18 AND (GS35  LIKE '%丝印%' OR GS35 LIKE '%雕刻%' OR GS35  LIKE '%砂皮%' OR GS35  LIKE '%走台印%' OR GS35  LIKE '%冲印%')
09:33:05.000 UPDATE R_PQP SET GS73='T' FROM R_PQI WHERE GS01=YQ03 AND  GS35 LIKE '%油漆%'  AND YQ139='1'
09:33:05.000 UPDATE R_PQP SET GS73='T' FROM R_PQAF WHERE GS01=AF002 AND GS07=AF015 AND GS02=AF084 AND GS08 ='Φ'+CONVERT(VARCHAR,CONVERT(FLOAT,AF022*10))+'*'+CONVERT(VARCHAR,CONVERT(FLOAT,AF020*10)) 
09:33:05.000 UPDATE R_PQP SET GS73='T' FROM R_PQU WHERE GS01=PQU01 AND GS07=PQU10 AND GS08=PQU12  
09:33:05.000 UPDATE R_PQP SET GS73='T' FROM R_PQS WHERE GS01=PJ01 AND GS56=PJ09 AND GS57=PJ89  
09:33:06.000 UPDATE R_PQP SET GS73='T' FROM R_PQT WHERE GS01=WX01 AND GS56=WX10 AND GS57=WX11 
09:33:06.000 WITH CET AS (select GS70,GS01,GS46,GS49,GS71,GS02,right(GS08,len(GS08) - charindex('*',GS08) ) a from R_PQP  WHERE GS70='R_338' AND GS73='F' ),CFT AS (SELECT GS70,GS01,GS46,GS49,GS71,GS02,right(a,LEN(a)-charindex('*',a)) GS08 FROM CET  ),CHT AS( SELECT DISTINCT GS70,GS01,GS46,GS49,GS71,GS02,CONVERT(FLOAT,CONVERT(DECIMAL(11,2),GS08)*1.0/10) GS08 FROM CFT  )SELECT GS70,GS01,GS46,GS49,GS71,GS02,CONVERT(VARCHAR,GS08) GS08,'' GS07,PQF13,PQF31 FROM CHT A INNER JOIN R_PQF B ON A.GS01=B.PQF01  WHERE (SELECT COUNT(1) FROM R_PQO WHERE GS01=JM90 AND GS02=JM09 AND CONVERT(VARCHAR,GS08)=CONVERT(VARCHAR,CONVERT(FLOAT,CONVERT(DECIMAL(11,4),JM96))))=0 and GS01 not in (SELECT JM90 FROM R_PQO WHERE JM116='1' )
09:33:06.000 从数据类型 nvarchar 转换为 numeric 时出错。
09:34:24.000 UPDATE R_PQP SET GS73='T' FROM R_PQQ WHERE GS01=CP01 AND GS35=CP09 AND (GS35  LIKE '%丝印%' OR GS35 LIKE '%雕刻%' OR GS35  LIKE '%砂皮%' OR GS35  LIKE '%走台印%' OR GS35  LIKE '%冲印%') 
09:34:24.000 UPDATE R_PQP SET GS73='T' FROM R_PQAH WHERE GS01=AH01 AND GS35=AH18 AND (GS35  LIKE '%丝印%' OR GS35 LIKE '%雕刻%' OR GS35  LIKE '%砂皮%' OR GS35  LIKE '%走台印%' OR GS35  LIKE '%冲印%')
09:34:24.000 UPDATE R_PQP SET GS73='T' FROM R_PQI WHERE GS01=YQ03 AND  GS35 LIKE '%油漆%'  AND YQ139='1'
09:34:24.000 UPDATE R_PQP SET GS73='T' FROM R_PQAF WHERE GS01=AF002 AND GS07=AF015 AND GS02=AF084 AND GS08 ='Φ'+CONVERT(VARCHAR,CONVERT(FLOAT,AF022*10))+'*'+CONVERT(VARCHAR,CONVERT(FLOAT,AF020*10)) 
09:34:24.000 UPDATE R_PQP SET GS73='T' FROM R_PQU WHERE GS01=PQU01 AND GS07=PQU10 AND GS08=PQU12  
09:34:25.000 UPDATE R_PQP SET GS73='T' FROM R_PQS WHERE GS01=PJ01 AND GS56=PJ09 AND GS57=PJ89  
09:34:25.000 UPDATE R_PQP SET GS73='T' FROM R_PQT WHERE GS01=WX01 AND GS56=WX10 AND GS57=WX11 
09:34:25.000 WITH CET AS (select GS70,GS01,GS46,GS49,GS71,GS02,right(GS08,len(GS08) - charindex('*',GS08) ) a from R_PQP  WHERE GS70='R_338' AND GS73='F' ),CFT AS (SELECT GS70,GS01,GS46,GS49,GS71,GS02,right(a,LEN(a)-charindex('*',a)) GS08 FROM CET  ),CHT AS( SELECT DISTINCT GS70,GS01,GS46,GS49,GS71,GS02,CONVERT(FLOAT,CONVERT(DECIMAL(11,2),GS08)*1.0/10) GS08 FROM CFT  )SELECT GS70,GS01,GS46,GS49,GS71,GS02,CONVERT(VARCHAR,GS08) GS08,'' GS07,PQF13,PQF31 FROM CHT A INNER JOIN R_PQF B ON A.GS01=B.PQF01  WHERE (SELECT COUNT(1) FROM R_PQO WHERE GS01=JM90 AND GS02=JM09 AND CONVERT(VARCHAR,GS08)=CONVERT(VARCHAR,CONVERT(FLOAT,CONVERT(DECIMAL(11,4),JM96))))=0 and GS01 not in (SELECT JM90 FROM R_PQO WHERE JM116='1' )
09:34:25.000 从数据类型 nvarchar 转换为 numeric 时出错。
09:35:19.000 UPDATE R_PQP SET GS73='T' FROM R_PQQ WHERE GS01=CP01 AND GS35=CP09 AND (GS35  LIKE '%丝印%' OR GS35 LIKE '%雕刻%' OR GS35  LIKE '%砂皮%' OR GS35  LIKE '%走台印%' OR GS35  LIKE '%冲印%') 
09:35:19.000 UPDATE R_PQP SET GS73='T' FROM R_PQAH WHERE GS01=AH01 AND GS35=AH18 AND (GS35  LIKE '%丝印%' OR GS35 LIKE '%雕刻%' OR GS35  LIKE '%砂皮%' OR GS35  LIKE '%走台印%' OR GS35  LIKE '%冲印%')
09:35:20.000 UPDATE R_PQP SET GS73='T' FROM R_PQI WHERE GS01=YQ03 AND  GS35 LIKE '%油漆%'  AND YQ139='1'
09:35:20.000 UPDATE R_PQP SET GS73='T' FROM R_PQAF WHERE GS01=AF002 AND GS07=AF015 AND GS02=AF084 AND GS08 ='Φ'+CONVERT(VARCHAR,CONVERT(FLOAT,AF022*10))+'*'+CONVERT(VARCHAR,CONVERT(FLOAT,AF020*10)) 
09:35:20.000 UPDATE R_PQP SET GS73='T' FROM R_PQU WHERE GS01=PQU01 AND GS07=PQU10 AND GS08=PQU12  
09:35:20.000 UPDATE R_PQP SET GS73='T' FROM R_PQS WHERE GS01=PJ01 AND GS56=PJ09 AND GS57=PJ89  
09:35:20.000 UPDATE R_PQP SET GS73='T' FROM R_PQT WHERE GS01=WX01 AND GS56=WX10 AND GS57=WX11 
09:35:21.000 WITH CET AS (select GS70,GS01,GS46,GS49,GS71,GS02,right(GS08,len(GS08) - charindex('*',GS08) ) a from R_PQP  WHERE GS70='R_338' AND GS73='F' ),CFT AS (SELECT GS70,GS01,GS46,GS49,GS71,GS02,right(a,LEN(a)-charindex('*',a)) GS08 FROM CET  ),CHT AS( SELECT DISTINCT GS70,GS01,GS46,GS49,GS71,GS02,CONVERT(FLOAT,CONVERT(DECIMAL(11,2),GS08)*1.0/10) GS08 FROM CFT  )SELECT GS70,GS01,GS46,GS49,GS71,GS02,CONVERT(VARCHAR,GS08) GS08,'' GS07,PQF13,PQF31 FROM CHT A INNER JOIN R_PQF B ON A.GS01=B.PQF01  WHERE (SELECT COUNT(1) FROM R_PQO WHERE GS01=JM90 AND GS02=JM09 AND CONVERT(VARCHAR,GS08)=CONVERT(VARCHAR,CONVERT(FLOAT,CONVERT(DECIMAL(11,4),JM96))))=0 and GS01 not in (SELECT JM90 FROM R_PQO WHERE JM116='1' )
09:35:21.000 从数据类型 nvarchar 转换为 numeric 时出错。
13:51:28.000 UPDATE R_PQP SET GS73='T' FROM R_PQQ WHERE GS01=CP01 AND GS35=CP09 AND (GS35  LIKE '%丝印%' OR GS35 LIKE '%雕刻%' OR GS35  LIKE '%砂皮%' OR GS35  LIKE '%走台印%' OR GS35  LIKE '%冲印%') 
13:51:29.000 UPDATE R_PQP SET GS73='T' FROM R_PQAH WHERE GS01=AH01 AND GS35=AH18 AND (GS35  LIKE '%丝印%' OR GS35 LIKE '%雕刻%' OR GS35  LIKE '%砂皮%' OR GS35  LIKE '%走台印%' OR GS35  LIKE '%冲印%')
13:51:29.000 UPDATE R_PQP SET GS73='T' FROM R_PQI WHERE GS01=YQ03 AND  GS35 LIKE '%油漆%'  AND YQ139='1'
13:51:29.000 UPDATE R_PQP SET GS73='T' FROM R_PQAF WHERE GS01=AF002 AND GS07=AF015 AND GS02=AF084 AND GS08 ='Φ'+CONVERT(VARCHAR,CONVERT(FLOAT,AF022*10))+'*'+CONVERT(VARCHAR,CONVERT(FLOAT,AF020*10)) 
13:51:30.000 UPDATE R_PQP SET GS73='T' FROM R_PQU WHERE GS01=PQU01 AND GS07=PQU10 AND GS08=PQU12  
13:51:30.000 UPDATE R_PQP SET GS73='T' FROM R_PQS WHERE GS01=PJ01 AND GS56=PJ09 AND GS57=PJ89  
13:51:30.000 UPDATE R_PQP SET GS73='T' FROM R_PQT WHERE GS01=WX01 AND GS56=WX10 AND GS57=WX11 
13:51:31.000 WITH CET AS (select GS70,GS01,GS46,GS49,GS71,GS02,right(GS08,len(GS08) - charindex('*',GS08) ) a from R_PQP  WHERE GS70='R_338' AND GS73='F' ),CFT AS (SELECT GS70,GS01,GS46,GS49,GS71,GS02,right(a,LEN(a)-charindex('*',a)) GS08 FROM CET  ),CHT AS( SELECT DISTINCT GS70,GS01,GS46,GS49,GS71,GS02,CONVERT(FLOAT,CONVERT(DECIMAL(11,2),GS08)*1.0/10) GS08 FROM CFT  )SELECT GS70,GS01,GS46,GS49,GS71,GS02,CONVERT(VARCHAR,GS08) GS08,'' GS07,PQF13,PQF31 FROM CHT A INNER JOIN R_PQF B ON A.GS01=B.PQF01  WHERE (SELECT COUNT(1) FROM R_PQO WHERE GS01=JM90 AND GS02=JM09 AND CONVERT(VARCHAR,GS08)=CONVERT(VARCHAR,CONVERT(FLOAT,CONVERT(DECIMAL(11,4),JM96))))=0 and GS01 not in (SELECT JM90 FROM R_PQO WHERE JM116='1' )
13:51:31.000 从数据类型 nvarchar 转换为 numeric 时出错。
13:53:56.000 UPDATE R_PQP SET GS73='T' FROM R_PQQ WHERE GS01=CP01 AND GS35=CP09 AND (GS35  LIKE '%丝印%' OR GS35 LIKE '%雕刻%' OR GS35  LIKE '%砂皮%' OR GS35  LIKE '%走台印%' OR GS35  LIKE '%冲印%') 
13:53:56.000 UPDATE R_PQP SET GS73='T' FROM R_PQAH WHERE GS01=AH01 AND GS35=AH18 AND (GS35  LIKE '%丝印%' OR GS35 LIKE '%雕刻%' OR GS35  LIKE '%砂皮%' OR GS35  LIKE '%走台印%' OR GS35  LIKE '%冲印%')
13:53:56.000 UPDATE R_PQP SET GS73='T' FROM R_PQI WHERE GS01=YQ03 AND  GS35 LIKE '%油漆%'  AND YQ139='1'
13:53:56.000 UPDATE R_PQP SET GS73='T' FROM R_PQAF WHERE GS01=AF002 AND GS07=AF015 AND GS02=AF084 AND GS08 ='Φ'+CONVERT(VARCHAR,CONVERT(FLOAT,AF022*10))+'*'+CONVERT(VARCHAR,CONVERT(FLOAT,AF020*10)) 
13:53:56.000 UPDATE R_PQP SET GS73='T' FROM R_PQU WHERE GS01=PQU01 AND GS07=PQU10 AND GS08=PQU12  
13:53:56.000 UPDATE R_PQP SET GS73='T' FROM R_PQS WHERE GS01=PJ01 AND GS56=PJ09 AND GS57=PJ89  
13:53:57.000 UPDATE R_PQP SET GS73='T' FROM R_PQT WHERE GS01=WX01 AND GS56=WX10 AND GS57=WX11 
13:53:57.000 WITH CET AS (select GS70,GS01,GS46,GS49,GS71,GS02,right(GS08,len(GS08) - charindex('*',GS08) ) a from R_PQP  WHERE GS70='R_338' AND GS73='F' ),CFT AS (SELECT GS70,GS01,GS46,GS49,GS71,GS02,right(a,LEN(a)-charindex('*',a)) GS08 FROM CET  ),CHT AS( SELECT DISTINCT GS70,GS01,GS46,GS49,GS71,GS02,CONVERT(FLOAT,CONVERT(DECIMAL(11,2),GS08)*1.0/10) GS08 FROM CFT  )SELECT GS70,GS01,GS46,GS49,GS71,GS02,CONVERT(VARCHAR,GS08) GS08,'' GS07,PQF13,PQF31 FROM CHT A INNER JOIN R_PQF B ON A.GS01=B.PQF01  WHERE (SELECT COUNT(1) FROM R_PQO WHERE GS01=JM90 AND GS02=JM09 AND CONVERT(VARCHAR,GS08)=CONVERT(VARCHAR,CONVERT(FLOAT,CONVERT(DECIMAL(11,4),JM96))))=0 and GS01 not in (SELECT JM90 FROM R_PQO WHERE JM116='1' )
13:53:57.000 从数据类型 nvarchar 转换为 numeric 时出错。
13:55:48.000 UPDATE R_PQP SET GS73='T' FROM R_PQQ WHERE GS01=CP01 AND GS35=CP09 AND (GS35  LIKE '%丝印%' OR GS35 LIKE '%雕刻%' OR GS35  LIKE '%砂皮%' OR GS35  LIKE '%走台印%' OR GS35  LIKE '%冲印%') 
13:55:48.000 UPDATE R_PQP SET GS73='T' FROM R_PQAH WHERE GS01=AH01 AND GS35=AH18 AND (GS35  LIKE '%丝印%' OR GS35 LIKE '%雕刻%' OR GS35  LIKE '%砂皮%' OR GS35  LIKE '%走台印%' OR GS35  LIKE '%冲印%')
13:55:48.000 UPDATE R_PQP SET GS73='T' FROM R_PQI WHERE GS01=YQ03 AND  GS35 LIKE '%油漆%'  AND YQ139='1'
13:55:48.000 UPDATE R_PQP SET GS73='T' FROM R_PQAF WHERE GS01=AF002 AND GS07=AF015 AND GS02=AF084 AND GS08 ='Φ'+CONVERT(VARCHAR,CONVERT(FLOAT,AF022*10))+'*'+CONVERT(VARCHAR,CONVERT(FLOAT,AF020*10)) 
13:55:48.000 UPDATE R_PQP SET GS73='T' FROM R_PQU WHERE GS01=PQU01 AND GS07=PQU10 AND GS08=PQU12  
13:55:48.000 UPDATE R_PQP SET GS73='T' FROM R_PQS WHERE GS01=PJ01 AND GS56=PJ09 AND GS57=PJ89  
13:55:48.000 UPDATE R_PQP SET GS73='T' FROM R_PQT WHERE GS01=WX01 AND GS56=WX10 AND GS57=WX11 
13:55:49.000 WITH CET AS (select GS70,GS01,GS46,GS49,GS71,GS02,right(GS08,len(GS08) - charindex('*',GS08) ) a from R_PQP  WHERE GS70='R_338' AND GS73='F' ),CFT AS (SELECT GS70,GS01,GS46,GS49,GS71,GS02,right(a,LEN(a)-charindex('*',a)) GS08 FROM CET  ),CHT AS( SELECT DISTINCT GS70,GS01,GS46,GS49,GS71,GS02,CONVERT(FLOAT,CONVERT(DECIMAL(11,2),GS08)*1.0/10) GS08 FROM CFT  )SELECT GS70,GS01,GS46,GS49,GS71,GS02,CONVERT(VARCHAR,GS08) GS08,'' GS07,PQF13,PQF31 FROM CHT A INNER JOIN R_PQF B ON A.GS01=B.PQF01  WHERE (SELECT COUNT(1) FROM R_PQO WHERE GS01=JM90 AND GS02=JM09 AND CONVERT(VARCHAR,GS08)=CONVERT(VARCHAR,CONVERT(FLOAT,CONVERT(DECIMAL(11,4),JM96))))=0 and GS01 not in (SELECT JM90 FROM R_PQO WHERE JM116='1' )
13:55:49.000 从数据类型 nvarchar 转换为 numeric 时出错。
13:57:30.000 UPDATE R_PQP SET GS73='T' FROM R_PQQ WHERE GS01=CP01 AND GS35=CP09 AND (GS35  LIKE '%丝印%' OR GS35 LIKE '%雕刻%' OR GS35  LIKE '%砂皮%' OR GS35  LIKE '%走台印%' OR GS35  LIKE '%冲印%') 
13:57:30.000 UPDATE R_PQP SET GS73='T' FROM R_PQAH WHERE GS01=AH01 AND GS35=AH18 AND (GS35  LIKE '%丝印%' OR GS35 LIKE '%雕刻%' OR GS35  LIKE '%砂皮%' OR GS35  LIKE '%走台印%' OR GS35  LIKE '%冲印%')
13:57:30.000 UPDATE R_PQP SET GS73='T' FROM R_PQI WHERE GS01=YQ03 AND  GS35 LIKE '%油漆%'  AND YQ139='1'
13:57:30.000 UPDATE R_PQP SET GS73='T' FROM R_PQAF WHERE GS01=AF002 AND GS07=AF015 AND GS02=AF084 AND GS08 ='Φ'+CONVERT(VARCHAR,CONVERT(FLOAT,AF022*10))+'*'+CONVERT(VARCHAR,CONVERT(FLOAT,AF020*10)) 
13:57:31.000 UPDATE R_PQP SET GS73='T' FROM R_PQU WHERE GS01=PQU01 AND GS07=PQU10 AND GS08=PQU12  
13:57:31.000 UPDATE R_PQP SET GS73='T' FROM R_PQS WHERE GS01=PJ01 AND GS56=PJ09 AND GS57=PJ89  
13:57:32.000 UPDATE R_PQP SET GS73='T' FROM R_PQT WHERE GS01=WX01 AND GS56=WX10 AND GS57=WX11 
13:57:32.000 WITH CET AS (select GS70,GS01,GS46,GS49,GS71,GS02,right(GS08,len(GS08) - charindex('*',GS08) ) a from R_PQP  WHERE GS70='R_338' AND GS73='F' ),CFT AS (SELECT GS70,GS01,GS46,GS49,GS71,GS02,right(a,LEN(a)-charindex('*',a)) GS08 FROM CET  ),CHT AS( SELECT DISTINCT GS70,GS01,GS46,GS49,GS71,GS02,CONVERT(FLOAT,CONVERT(DECIMAL(11,2),GS08)*1.0/10) GS08 FROM CFT  )SELECT GS70,GS01,GS46,GS49,GS71,GS02,CONVERT(VARCHAR,GS08) GS08,'' GS07,PQF13,PQF31 FROM CHT A INNER JOIN R_PQF B ON A.GS01=B.PQF01  WHERE (SELECT COUNT(1) FROM R_PQO WHERE GS01=JM90 AND GS02=JM09 AND CONVERT(VARCHAR,GS08)=CONVERT(VARCHAR,CONVERT(FLOAT,CONVERT(DECIMAL(11,4),JM96))))=0 and GS01 not in (SELECT JM90 FROM R_PQO WHERE JM116='1' )
13:57:32.000 从数据类型 nvarchar 转换为 numeric 时出错。
13:58:24.000 @QUOK001[R_504-201806110001]
13:58:24.000 @QUOK002[承揽工资]
13:58:24.000 @QUOK003[R_505]
13:58:24.000 @QUOK004[夹料工资]
13:58:24.000 @QUOK005[3000]
13:58:24.000 @QUOK006[狗头]
13:58:24.000 @QUOK007[木材]
13:58:24.000 @QUOK008[2.3]
13:58:24.000 @QUOK009[2.3*98*9.1]
13:58:24.000 @QUOK010[12]
13:58:24.000 @QUOK011[2]
13:58:24.000 @QUOK012[23]
13:58:24.000 @QUOK013[12]
13:58:24.000 @QUOK014[23]
13:58:24.000 @QUOK015[2]
13:58:24.000 @QUOK016[1]
13:58:24.000 @QUOK017[34]
13:58:24.000 @QUOK018[12]
14:00:12.000 @QUO001[R_504-201806110001]
14:00:12.000 @QUO002[怡人公司]
14:00:12.000 @QUO003[]
14:00:12.000 @QUO004[拖拉狗]
14:00:12.000 @QUO005[ZE30001A]
14:00:12.000 @QUO006[18060035]
14:00:12.000 @QUO007[3000]
14:00:12.000 @QUO008[2018/6/13 0:00:00]
14:00:12.000 @QUO009[]
14:00:12.000 @QUO010[刘芬芬]
14:00:12.000 update R_QUO set QUO002=@QUO002,QUO003=@QUO003,QUO004=@QUO004,QUO005=@QUO005,QUO006=@QUO006,QUO007=@QUO007,QUO008=@QUO008,QUO009=@QUO009,QUO010=@QUO010  where QUO001=@QUO001
14:04:39.000 UPDATE R_PQP SET GS73='T' FROM R_PQQ WHERE GS01=CP01 AND GS35=CP09 AND (GS35  LIKE '%丝印%' OR GS35 LIKE '%雕刻%' OR GS35  LIKE '%砂皮%' OR GS35  LIKE '%走台印%' OR GS35  LIKE '%冲印%') 
14:04:40.000 UPDATE R_PQP SET GS73='T' FROM R_PQAH WHERE GS01=AH01 AND GS35=AH18 AND (GS35  LIKE '%丝印%' OR GS35 LIKE '%雕刻%' OR GS35  LIKE '%砂皮%' OR GS35  LIKE '%走台印%' OR GS35  LIKE '%冲印%')
14:04:40.000 UPDATE R_PQP SET GS73='T' FROM R_PQI WHERE GS01=YQ03 AND  GS35 LIKE '%油漆%'  AND YQ139='1'
14:04:40.000 UPDATE R_PQP SET GS73='T' FROM R_PQAF WHERE GS01=AF002 AND GS07=AF015 AND GS02=AF084 AND GS08 ='Φ'+CONVERT(VARCHAR,CONVERT(FLOAT,AF022*10))+'*'+CONVERT(VARCHAR,CONVERT(FLOAT,AF020*10)) 
14:04:40.000 UPDATE R_PQP SET GS73='T' FROM R_PQU WHERE GS01=PQU01 AND GS07=PQU10 AND GS08=PQU12  
14:04:40.000 UPDATE R_PQP SET GS73='T' FROM R_PQS WHERE GS01=PJ01 AND GS56=PJ09 AND GS57=PJ89  
14:04:40.000 UPDATE R_PQP SET GS73='T' FROM R_PQT WHERE GS01=WX01 AND GS56=WX10 AND GS57=WX11 
14:04:40.000 WITH CET AS (select GS70,GS01,GS46,GS49,GS71,GS02,right(GS08,len(GS08) - charindex('*',GS08) ) a from R_PQP  WHERE GS70='R_338' AND GS73='F' ),CFT AS (SELECT GS70,GS01,GS46,GS49,GS71,GS02,right(a,LEN(a)-charindex('*',a)) GS08 FROM CET  ),CHT AS( SELECT DISTINCT GS70,GS01,GS46,GS49,GS71,GS02,CONVERT(FLOAT,CONVERT(DECIMAL(11,2),GS08)*1.0/10) GS08 FROM CFT  )SELECT GS70,GS01,GS46,GS49,GS71,GS02,CONVERT(VARCHAR,GS08) GS08,'' GS07,PQF13,PQF31 FROM CHT A INNER JOIN R_PQF B ON A.GS01=B.PQF01  WHERE (SELECT COUNT(1) FROM R_PQO WHERE GS01=JM90 AND GS02=JM09 AND CONVERT(VARCHAR,GS08)=CONVERT(VARCHAR,CONVERT(FLOAT,CONVERT(DECIMAL(11,4),JM96))))=0 and GS01 not in (SELECT JM90 FROM R_PQO WHERE JM116='1' )
14:04:40.000 从数据类型 nvarchar 转换为 numeric 时出错。
14:14:33.000 UPDATE R_PQP SET GS73='T' FROM R_PQQ WHERE GS01=CP01 AND GS35=CP09 AND (GS35  LIKE '%丝印%' OR GS35 LIKE '%雕刻%' OR GS35  LIKE '%砂皮%' OR GS35  LIKE '%走台印%' OR GS35  LIKE '%冲印%') 
14:14:33.000 UPDATE R_PQP SET GS73='T' FROM R_PQAH WHERE GS01=AH01 AND GS35=AH18 AND (GS35  LIKE '%丝印%' OR GS35 LIKE '%雕刻%' OR GS35  LIKE '%砂皮%' OR GS35  LIKE '%走台印%' OR GS35  LIKE '%冲印%')
14:14:33.000 UPDATE R_PQP SET GS73='T' FROM R_PQI WHERE GS01=YQ03 AND  GS35 LIKE '%油漆%'  AND YQ139='1'
14:14:33.000 UPDATE R_PQP SET GS73='T' FROM R_PQAF WHERE GS01=AF002 AND GS07=AF015 AND GS02=AF084 AND GS08 ='Φ'+CONVERT(VARCHAR,CONVERT(FLOAT,AF022*10))+'*'+CONVERT(VARCHAR,CONVERT(FLOAT,AF020*10)) 
14:14:34.000 UPDATE R_PQP SET GS73='T' FROM R_PQU WHERE GS01=PQU01 AND GS07=PQU10 AND GS08=PQU12  
14:14:34.000 UPDATE R_PQP SET GS73='T' FROM R_PQS WHERE GS01=PJ01 AND GS56=PJ09 AND GS57=PJ89  
14:14:34.000 UPDATE R_PQP SET GS73='T' FROM R_PQT WHERE GS01=WX01 AND GS56=WX10 AND GS57=WX11 
14:14:34.000 WITH CET AS (select GS70,GS01,GS46,GS49,GS71,GS02,right(GS08,len(GS08) - charindex('*',GS08) ) a from R_PQP  WHERE GS70='R_338' AND GS73='F' ),CFT AS (SELECT GS70,GS01,GS46,GS49,GS71,GS02,right(a,LEN(a)-charindex('*',a)) GS08 FROM CET  ),CHT AS( SELECT DISTINCT GS70,GS01,GS46,GS49,GS71,GS02,CONVERT(FLOAT,CONVERT(DECIMAL(11,2),GS08)*1.0/10) GS08 FROM CFT  )SELECT GS70,GS01,GS46,GS49,GS71,GS02,CONVERT(VARCHAR,GS08) GS08,'' GS07,PQF13,PQF31 FROM CHT A INNER JOIN R_PQF B ON A.GS01=B.PQF01  WHERE (SELECT COUNT(1) FROM R_PQO WHERE GS01=JM90 AND GS02=JM09 AND CONVERT(VARCHAR,GS08)=CONVERT(VARCHAR,CONVERT(FLOAT,CONVERT(DECIMAL(11,4),JM96))))=0 and GS01 not in (SELECT JM90 FROM R_PQO WHERE JM116='1' )
14:14:34.000 从数据类型 nvarchar 转换为 numeric 时出错。
14:16:58.000 UPDATE R_PQP SET GS73='T' FROM R_PQQ WHERE GS01=CP01 AND GS35=CP09 AND (GS35  LIKE '%丝印%' OR GS35 LIKE '%雕刻%' OR GS35  LIKE '%砂皮%' OR GS35  LIKE '%走台印%' OR GS35  LIKE '%冲印%') 
14:16:58.000 UPDATE R_PQP SET GS73='T' FROM R_PQAH WHERE GS01=AH01 AND GS35=AH18 AND (GS35  LIKE '%丝印%' OR GS35 LIKE '%雕刻%' OR GS35  LIKE '%砂皮%' OR GS35  LIKE '%走台印%' OR GS35  LIKE '%冲印%')
14:16:58.000 UPDATE R_PQP SET GS73='T' FROM R_PQI WHERE GS01=YQ03 AND  GS35 LIKE '%油漆%'  AND YQ139='1'
14:16:58.000 UPDATE R_PQP SET GS73='T' FROM R_PQAF WHERE GS01=AF002 AND GS07=AF015 AND GS02=AF084 AND GS08 ='Φ'+CONVERT(VARCHAR,CONVERT(FLOAT,AF022*10))+'*'+CONVERT(VARCHAR,CONVERT(FLOAT,AF020*10)) 
14:16:58.000 UPDATE R_PQP SET GS73='T' FROM R_PQU WHERE GS01=PQU01 AND GS07=PQU10 AND GS08=PQU12  
14:16:58.000 UPDATE R_PQP SET GS73='T' FROM R_PQS WHERE GS01=PJ01 AND GS56=PJ09 AND GS57=PJ89  
14:16:58.000 UPDATE R_PQP SET GS73='T' FROM R_PQT WHERE GS01=WX01 AND GS56=WX10 AND GS57=WX11 
14:16:59.000 WITH CET AS (select GS70,GS01,GS46,GS49,GS71,GS02,right(GS08,len(GS08) - charindex('*',GS08) ) a from R_PQP  WHERE GS70='R_338' AND GS73='F' ),CFT AS (SELECT GS70,GS01,GS46,GS49,GS71,GS02,right(a,LEN(a)-charindex('*',a)) GS08 FROM CET  ),CHT AS( SELECT DISTINCT GS70,GS01,GS46,GS49,GS71,GS02,CONVERT(FLOAT,CONVERT(DECIMAL(11,2),GS08)*1.0/10) GS08 FROM CFT  )SELECT GS70,GS01,GS46,GS49,GS71,GS02,CONVERT(VARCHAR,GS08) GS08,'' GS07,PQF13,PQF31 FROM CHT A INNER JOIN R_PQF B ON A.GS01=B.PQF01  WHERE (SELECT COUNT(1) FROM R_PQO WHERE GS01=JM90 AND GS02=JM09 AND CONVERT(VARCHAR,GS08)=CONVERT(VARCHAR,CONVERT(FLOAT,CONVERT(DECIMAL(11,4),JM96))))=0 and GS01 not in (SELECT JM90 FROM R_PQO WHERE JM116='1' )
14:16:59.000 从数据类型 nvarchar 转换为 numeric 时出错。
16:48:41.000 UPDATE R_PQP SET GS73='T' FROM R_PQQ WHERE GS01=CP01 AND GS35=CP09 AND (GS35  LIKE '%丝印%' OR GS35 LIKE '%雕刻%' OR GS35  LIKE '%砂皮%' OR GS35  LIKE '%走台印%' OR GS35  LIKE '%冲印%') 
16:48:41.000 UPDATE R_PQP SET GS73='T' FROM R_PQAH WHERE GS01=AH01 AND GS35=AH18 AND (GS35  LIKE '%丝印%' OR GS35 LIKE '%雕刻%' OR GS35  LIKE '%砂皮%' OR GS35  LIKE '%走台印%' OR GS35  LIKE '%冲印%')
16:48:41.000 UPDATE R_PQP SET GS73='T' FROM R_PQI WHERE GS01=YQ03 AND  GS35 LIKE '%油漆%'  AND YQ139='1'
16:48:41.000 UPDATE R_PQP SET GS73='T' FROM R_PQAF WHERE GS01=AF002 AND GS07=AF015 AND GS02=AF084 AND GS08 ='Φ'+CONVERT(VARCHAR,CONVERT(FLOAT,AF022*10))+'*'+CONVERT(VARCHAR,CONVERT(FLOAT,AF020*10)) 
16:48:41.000 UPDATE R_PQP SET GS73='T' FROM R_PQU WHERE GS01=PQU01 AND GS07=PQU10 AND GS08=PQU12  
16:48:41.000 UPDATE R_PQP SET GS73='T' FROM R_PQS WHERE GS01=PJ01 AND GS56=PJ09 AND GS57=PJ89  
16:48:42.000 UPDATE R_PQP SET GS73='T' FROM R_PQT WHERE GS01=WX01 AND GS56=WX10 AND GS57=WX11 
16:48:42.000 WITH CET AS (select GS70,GS01,GS46,GS49,GS71,GS02,right(GS08,len(GS08) - charindex('*',GS08) ) a from R_PQP  WHERE GS70='R_338' AND GS73='F' ),CFT AS (SELECT GS70,GS01,GS46,GS49,GS71,GS02,right(a,LEN(a)-charindex('*',a)) GS08 FROM CET  ),CHT AS( SELECT DISTINCT GS70,GS01,GS46,GS49,GS71,GS02,CONVERT(FLOAT,CONVERT(DECIMAL(11,2),GS08)*1.0/10) GS08 FROM CFT  )SELECT GS70,GS01,GS46,GS49,GS71,GS02,CONVERT(VARCHAR,GS08) GS08,'' GS07,PQF13,PQF31 FROM CHT A INNER JOIN R_PQF B ON A.GS01=B.PQF01  WHERE (SELECT COUNT(1) FROM R_PQO WHERE GS01=JM90 AND GS02=JM09 AND CONVERT(VARCHAR,GS08)=CONVERT(VARCHAR,CONVERT(FLOAT,CONVERT(DECIMAL(11,4),JM96))))=0 and GS01 not in (SELECT JM90 FROM R_PQO WHERE JM116='1' )
16:48:42.000 从数据类型 nvarchar 转换为 numeric 时出错。
17:01:59.000 @QUOL001[R_504-201806110001]
17:01:59.000 @QUOL002[承揽工资]
17:01:59.000 @QUOL003[R_495]
17:01:59.000 @QUOL004[喷漆工资]
17:01:59.000 @QUOL005[3000]
17:01:59.000 @QUOL006[拖拉狗]
17:01:59.000 @QUOL007[喷面]
17:01:59.000 @QUOL008[2]
17:01:59.000 @QUOL009[1]
17:01:59.000 @QUOL010[2]
17:01:59.000 @QUOL011[水帘机喷涂]
17:01:59.000 @QUOL012[2]
17:01:59.000 @QUOL013[3000]
17:01:59.000 @QUOL014[4]
17:01:59.000 @QUOL015[8]
17:01:59.000 @QUOL016[          ]
17:01:59.000 @QUOL017[白面漆]
17:01:59.000 @QUOL018[0]
17:01:59.000 @QUOL019[441]
17:01:59.000 @QUOL020[12]
17:01:59.000 @QUOL021[95]
17:01:59.000 @QUOL022[2.25]
17:01:59.000 @QUOL023[160]
17:01:59.000 @QUOL024[]
17:01:59.000 @QUOL025[110]
17:03:50.000 @QUO001[R_504-201806110001]
17:03:50.000 @QUO002[怡人公司]
17:03:50.000 @QUO003[]
17:03:50.000 @QUO004[拖拉狗]
17:03:50.000 @QUO005[ZE30001A]
17:03:50.000 @QUO006[18060035]
17:03:50.000 @QUO007[3000]
17:03:50.000 @QUO008[2018/6/13 0:00:00]
17:03:50.000 @QUO009[]
17:03:50.000 @QUO010[刘芬芬]
17:03:50.000 update R_QUO set QUO002=@QUO002,QUO003=@QUO003,QUO004=@QUO004,QUO005=@QUO005,QUO006=@QUO006,QUO007=@QUO007,QUO008=@QUO008,QUO009=@QUO009,QUO010=@QUO010  where QUO001=@QUO001
17:19:32.000 UPDATE R_PQP SET GS73='T' FROM R_PQQ WHERE GS01=CP01 AND GS35=CP09 AND (GS35  LIKE '%丝印%' OR GS35 LIKE '%雕刻%' OR GS35  LIKE '%砂皮%' OR GS35  LIKE '%走台印%' OR GS35  LIKE '%冲印%') 
17:19:32.000 UPDATE R_PQP SET GS73='T' FROM R_PQAH WHERE GS01=AH01 AND GS35=AH18 AND (GS35  LIKE '%丝印%' OR GS35 LIKE '%雕刻%' OR GS35  LIKE '%砂皮%' OR GS35  LIKE '%走台印%' OR GS35  LIKE '%冲印%')
17:19:32.000 UPDATE R_PQP SET GS73='T' FROM R_PQI WHERE GS01=YQ03 AND  GS35 LIKE '%油漆%'  AND YQ139='1'
17:19:32.000 UPDATE R_PQP SET GS73='T' FROM R_PQAF WHERE GS01=AF002 AND GS07=AF015 AND GS02=AF084 AND GS08 ='Φ'+CONVERT(VARCHAR,CONVERT(FLOAT,AF022*10))+'*'+CONVERT(VARCHAR,CONVERT(FLOAT,AF020*10)) 
17:19:32.000 UPDATE R_PQP SET GS73='T' FROM R_PQU WHERE GS01=PQU01 AND GS07=PQU10 AND GS08=PQU12  
17:19:33.000 UPDATE R_PQP SET GS73='T' FROM R_PQS WHERE GS01=PJ01 AND GS56=PJ09 AND GS57=PJ89  
17:19:33.000 UPDATE R_PQP SET GS73='T' FROM R_PQT WHERE GS01=WX01 AND GS56=WX10 AND GS57=WX11 
17:19:33.000 WITH CET AS (select GS70,GS01,GS46,GS49,GS71,GS02,right(GS08,len(GS08) - charindex('*',GS08) ) a from R_PQP  WHERE GS70='R_338' AND GS73='F' ),CFT AS (SELECT GS70,GS01,GS46,GS49,GS71,GS02,right(a,LEN(a)-charindex('*',a)) GS08 FROM CET  ),CHT AS( SELECT DISTINCT GS70,GS01,GS46,GS49,GS71,GS02,CONVERT(FLOAT,CONVERT(DECIMAL(11,2),GS08)*1.0/10) GS08 FROM CFT  )SELECT GS70,GS01,GS46,GS49,GS71,GS02,CONVERT(VARCHAR,GS08) GS08,'' GS07,PQF13,PQF31 FROM CHT A INNER JOIN R_PQF B ON A.GS01=B.PQF01  WHERE (SELECT COUNT(1) FROM R_PQO WHERE GS01=JM90 AND GS02=JM09 AND CONVERT(VARCHAR,GS08)=CONVERT(VARCHAR,CONVERT(FLOAT,CONVERT(DECIMAL(11,4),JM96))))=0 and GS01 not in (SELECT JM90 FROM R_PQO WHERE JM116='1' )
17:19:33.000 从数据类型 nvarchar 转换为 numeric 时出错。
