15:52:26.000 UPDATE R_PQP SET GS73='T' FROM R_PQQ WHERE GS01=CP01 AND GS35=CP09 AND (GS35  LIKE '%丝印%' OR GS35 LIKE '%雕刻%' OR GS35  LIKE '%砂皮%' OR GS35  LIKE '%走台印%' OR GS35  LIKE '%冲印%') 
15:52:26.000 UPDATE R_PQP SET GS73='T' FROM R_PQAH WHERE GS01=AH01 AND GS35=AH18 AND (GS35  LIKE '%丝印%' OR GS35 LIKE '%雕刻%' OR GS35  LIKE '%砂皮%' OR GS35  LIKE '%走台印%' OR GS35  LIKE '%冲印%')
15:52:26.000 UPDATE R_PQP SET GS73='T' FROM R_PQI WHERE GS01=YQ03 AND  GS35 LIKE '%油漆%'  AND YQ139='1'
15:52:26.000 UPDATE R_PQP SET GS73='T' FROM R_PQAF WHERE GS01=AF002 AND GS07=AF015 AND GS02=AF084 AND GS08 ='Φ'+CONVERT(VARCHAR,CONVERT(FLOAT,AF022*10))+'*'+CONVERT(VARCHAR,CONVERT(FLOAT,AF020*10)) 
15:52:27.000 UPDATE R_PQP SET GS73='T' FROM R_PQU WHERE GS01=PQU01 AND GS07=PQU10 AND GS08=PQU12  
15:52:27.000 UPDATE R_PQP SET GS73='T' FROM R_PQS WHERE GS01=PJ01 AND GS56=PJ09 AND GS57=PJ89  
15:52:27.000 UPDATE R_PQP SET GS73='T' FROM R_PQT WHERE GS01=WX01 AND GS56=WX10 AND GS57=WX11 
15:52:27.000 WITH CET AS (select GS70,GS01,GS46,GS49,GS71,GS02,right(GS08,len(GS08) - charindex('*',GS08) ) a from R_PQP  WHERE GS70='R_338' AND GS73='F' ),CFT AS (SELECT GS70,GS01,GS46,GS49,GS71,GS02,right(a,LEN(a)-charindex('*',a)) GS08 FROM CET  ),CHT AS( SELECT DISTINCT GS70,GS01,GS46,GS49,GS71,GS02,CONVERT(FLOAT,CONVERT(DECIMAL(11,2),GS08)*1.0/10) GS08 FROM CFT  )SELECT GS70,GS01,GS46,GS49,GS71,GS02,CONVERT(VARCHAR,GS08) GS08,'' GS07,PQF13,PQF31 FROM CHT A INNER JOIN R_PQF B ON A.GS01=B.PQF01  WHERE (SELECT COUNT(1) FROM R_PQO WHERE GS01=JM90 AND GS02=JM09 AND CONVERT(VARCHAR,GS08)=CONVERT(VARCHAR,CONVERT(FLOAT,CONVERT(DECIMAL(11,4),JM96))))=0 and GS01 not in (SELECT JM90 FROM R_PQO WHERE JM116='1' )
15:52:27.000 从数据类型 nvarchar 转换为 numeric 时出错。
15:58:03.000 UPDATE R_PQP SET GS73='T' FROM R_PQQ WHERE GS01=CP01 AND GS35=CP09 AND (GS35  LIKE '%丝印%' OR GS35 LIKE '%雕刻%' OR GS35  LIKE '%砂皮%' OR GS35  LIKE '%走台印%' OR GS35  LIKE '%冲印%') 
15:58:03.000 UPDATE R_PQP SET GS73='T' FROM R_PQAH WHERE GS01=AH01 AND GS35=AH18 AND (GS35  LIKE '%丝印%' OR GS35 LIKE '%雕刻%' OR GS35  LIKE '%砂皮%' OR GS35  LIKE '%走台印%' OR GS35  LIKE '%冲印%')
15:58:03.000 UPDATE R_PQP SET GS73='T' FROM R_PQI WHERE GS01=YQ03 AND  GS35 LIKE '%油漆%'  AND YQ139='1'
15:58:03.000 UPDATE R_PQP SET GS73='T' FROM R_PQAF WHERE GS01=AF002 AND GS07=AF015 AND GS02=AF084 AND GS08 ='Φ'+CONVERT(VARCHAR,CONVERT(FLOAT,AF022*10))+'*'+CONVERT(VARCHAR,CONVERT(FLOAT,AF020*10)) 
15:58:03.000 UPDATE R_PQP SET GS73='T' FROM R_PQU WHERE GS01=PQU01 AND GS07=PQU10 AND GS08=PQU12  
15:58:03.000 UPDATE R_PQP SET GS73='T' FROM R_PQS WHERE GS01=PJ01 AND GS56=PJ09 AND GS57=PJ89  
15:58:03.000 UPDATE R_PQP SET GS73='T' FROM R_PQT WHERE GS01=WX01 AND GS56=WX10 AND GS57=WX11 
15:58:04.000 WITH CET AS (select GS70,GS01,GS46,GS49,GS71,GS02,right(GS08,len(GS08) - charindex('*',GS08) ) a from R_PQP  WHERE GS70='R_338' AND GS73='F' ),CFT AS (SELECT GS70,GS01,GS46,GS49,GS71,GS02,right(a,LEN(a)-charindex('*',a)) GS08 FROM CET  ),CHT AS( SELECT DISTINCT GS70,GS01,GS46,GS49,GS71,GS02,CONVERT(FLOAT,CONVERT(DECIMAL(11,2),GS08)*1.0/10) GS08 FROM CFT  )SELECT GS70,GS01,GS46,GS49,GS71,GS02,CONVERT(VARCHAR,GS08) GS08,'' GS07,PQF13,PQF31 FROM CHT A INNER JOIN R_PQF B ON A.GS01=B.PQF01  WHERE (SELECT COUNT(1) FROM R_PQO WHERE GS01=JM90 AND GS02=JM09 AND CONVERT(VARCHAR,GS08)=CONVERT(VARCHAR,CONVERT(FLOAT,CONVERT(DECIMAL(11,4),JM96))))=0 and GS01 not in (SELECT JM90 FROM R_PQO WHERE JM116='1' )
15:58:04.000 从数据类型 nvarchar 转换为 numeric 时出错。
15:58:18.000 @RES06[R_338-20190223005]
15:58:18.000 @RES01[R_338]
16:03:39.000 @RES06[R_338-20190221001]
16:03:39.000 @RES01[R_338]
16:05:14.000 UPDATE R_PQP SET GS73='T' FROM R_PQQ WHERE GS01=CP01 AND GS35=CP09 AND (GS35  LIKE '%丝印%' OR GS35 LIKE '%雕刻%' OR GS35  LIKE '%砂皮%' OR GS35  LIKE '%走台印%' OR GS35  LIKE '%冲印%') 
16:05:14.000 UPDATE R_PQP SET GS73='T' FROM R_PQAH WHERE GS01=AH01 AND GS35=AH18 AND (GS35  LIKE '%丝印%' OR GS35 LIKE '%雕刻%' OR GS35  LIKE '%砂皮%' OR GS35  LIKE '%走台印%' OR GS35  LIKE '%冲印%')
16:05:14.000 UPDATE R_PQP SET GS73='T' FROM R_PQI WHERE GS01=YQ03 AND  GS35 LIKE '%油漆%'  AND YQ139='1'
16:05:14.000 UPDATE R_PQP SET GS73='T' FROM R_PQAF WHERE GS01=AF002 AND GS07=AF015 AND GS02=AF084 AND GS08 ='Φ'+CONVERT(VARCHAR,CONVERT(FLOAT,AF022*10))+'*'+CONVERT(VARCHAR,CONVERT(FLOAT,AF020*10)) 
16:05:14.000 UPDATE R_PQP SET GS73='T' FROM R_PQU WHERE GS01=PQU01 AND GS07=PQU10 AND GS08=PQU12  
16:05:15.000 UPDATE R_PQP SET GS73='T' FROM R_PQS WHERE GS01=PJ01 AND GS56=PJ09 AND GS57=PJ89  
16:05:15.000 UPDATE R_PQP SET GS73='T' FROM R_PQT WHERE GS01=WX01 AND GS56=WX10 AND GS57=WX11 
16:05:15.000 WITH CET AS (select GS70,GS01,GS46,GS49,GS71,GS02,right(GS08,len(GS08) - charindex('*',GS08) ) a from R_PQP  WHERE GS70='R_338' AND GS73='F' ),CFT AS (SELECT GS70,GS01,GS46,GS49,GS71,GS02,right(a,LEN(a)-charindex('*',a)) GS08 FROM CET  ),CHT AS( SELECT DISTINCT GS70,GS01,GS46,GS49,GS71,GS02,CONVERT(FLOAT,CONVERT(DECIMAL(11,2),GS08)*1.0/10) GS08 FROM CFT  )SELECT GS70,GS01,GS46,GS49,GS71,GS02,CONVERT(VARCHAR,GS08) GS08,'' GS07,PQF13,PQF31 FROM CHT A INNER JOIN R_PQF B ON A.GS01=B.PQF01  WHERE (SELECT COUNT(1) FROM R_PQO WHERE GS01=JM90 AND GS02=JM09 AND CONVERT(VARCHAR,GS08)=CONVERT(VARCHAR,CONVERT(FLOAT,CONVERT(DECIMAL(11,4),JM96))))=0 and GS01 not in (SELECT JM90 FROM R_PQO WHERE JM116='1' )
16:05:15.000 从数据类型 nvarchar 转换为 numeric 时出错。
16:06:07.000 @RES06[R_338-20190221001]
16:06:07.000 @RES01[R_338]
16:06:46.000 @RES06[R_338-20160507027]
16:06:46.000 @RES01[R_338]
16:07:09.000 @RES06[R_338-20190224002]
16:07:09.000 @RES01[R_338]
16:07:27.000 @RES06[R_338-20190223010]
16:07:27.000 @RES01[R_338]
16:13:14.000 UPDATE R_PQP SET GS73='T' FROM R_PQQ WHERE GS01=CP01 AND GS35=CP09 AND (GS35  LIKE '%丝印%' OR GS35 LIKE '%雕刻%' OR GS35  LIKE '%砂皮%' OR GS35  LIKE '%走台印%' OR GS35  LIKE '%冲印%') 
16:13:14.000 UPDATE R_PQP SET GS73='T' FROM R_PQAH WHERE GS01=AH01 AND GS35=AH18 AND (GS35  LIKE '%丝印%' OR GS35 LIKE '%雕刻%' OR GS35  LIKE '%砂皮%' OR GS35  LIKE '%走台印%' OR GS35  LIKE '%冲印%')
16:13:14.000 UPDATE R_PQP SET GS73='T' FROM R_PQI WHERE GS01=YQ03 AND  GS35 LIKE '%油漆%'  AND YQ139='1'
16:13:14.000 UPDATE R_PQP SET GS73='T' FROM R_PQAF WHERE GS01=AF002 AND GS07=AF015 AND GS02=AF084 AND GS08 ='Φ'+CONVERT(VARCHAR,CONVERT(FLOAT,AF022*10))+'*'+CONVERT(VARCHAR,CONVERT(FLOAT,AF020*10)) 
16:13:14.000 UPDATE R_PQP SET GS73='T' FROM R_PQU WHERE GS01=PQU01 AND GS07=PQU10 AND GS08=PQU12  
16:13:14.000 UPDATE R_PQP SET GS73='T' FROM R_PQS WHERE GS01=PJ01 AND GS56=PJ09 AND GS57=PJ89  
16:13:14.000 UPDATE R_PQP SET GS73='T' FROM R_PQT WHERE GS01=WX01 AND GS56=WX10 AND GS57=WX11 
16:13:15.000 WITH CET AS (select GS70,GS01,GS46,GS49,GS71,GS02,right(GS08,len(GS08) - charindex('*',GS08) ) a from R_PQP  WHERE GS70='R_338' AND GS73='F' ),CFT AS (SELECT GS70,GS01,GS46,GS49,GS71,GS02,right(a,LEN(a)-charindex('*',a)) GS08 FROM CET  ),CHT AS( SELECT DISTINCT GS70,GS01,GS46,GS49,GS71,GS02,CONVERT(FLOAT,CONVERT(DECIMAL(11,2),GS08)*1.0/10) GS08 FROM CFT  )SELECT GS70,GS01,GS46,GS49,GS71,GS02,CONVERT(VARCHAR,GS08) GS08,'' GS07,PQF13,PQF31 FROM CHT A INNER JOIN R_PQF B ON A.GS01=B.PQF01  WHERE (SELECT COUNT(1) FROM R_PQO WHERE GS01=JM90 AND GS02=JM09 AND CONVERT(VARCHAR,GS08)=CONVERT(VARCHAR,CONVERT(FLOAT,CONVERT(DECIMAL(11,4),JM96))))=0 and GS01 not in (SELECT JM90 FROM R_PQO WHERE JM116='1' )
16:13:15.000 从数据类型 nvarchar 转换为 numeric 时出错。
16:13:44.000 @RES06[R_338-20190223010]
16:13:44.000 @RES01[R_338]
16:15:07.000 @RES06[R_338-20190224003]
16:15:07.000 @RES01[R_338]
16:16:13.000 UPDATE R_PQO SET JM09='胶合板',JM10='138',JM11='115.12',JM12='4950.07',JM13='0',JM14='外购',JM15='0',JM16='2019/3/2 0:00:00',JM17='2019/2/24 0:00:00',JM91='0',JM92='进囗桦板',JM93='E0',JM94='152.50',JM95='152.50',JM96='1.00',JM103='3000',JM104='32',JM112='115.1200',JM118='10',JM119='0',JM120='4950.03',JM121='0.023256' WHERE JM01='R_338-20190224003' AND idx='6515'
16:16:13.000 INSERT INTO R_PQBF (BF001,BF002,BF003,BF004,BF005,BF006,BF007,BF008) VALUES ('R_338','胶合板、密度板采购合同书','系统管理者','2019/3/5 16:16:13','R_338-20190224003','UPDATE R_PQO SET JM09=''胶合板'',JM10=''138'',JM11=''115.12'',JM12=''4950.07'',JM13=''0'',JM14=''外购'',JM15=''0'',JM16=''2019/3/2 0:00:00'',JM17=''2019/2/24 0:00:00'',JM91=''0'',JM92=''进囗桦板'',JM93=''E0'',JM94=''152.50'',JM95=''152.50'',JM96=''1.00'',JM103=''3000'',JM104=''32'',JM112=''115.1200'',JM118=''10'',JM119=''0'',JM120=''4950.03'',JM121=''0.023256'' WHERE JM01=''R_338-20190224003'' AND idx=''6515''','编辑','更改编辑')
16:16:20.000 UPDATE R_PQO SET JM09='胶合板',JM10='138',JM11='115.12',JM12='4950.07',JM13='0',JM14='外购',JM15='0',JM16='2019/3/2 0:00:00',JM17='2019/2/24 0:00:00',JM91='0',JM92='进囗桦板',JM93='E0',JM94='152.50',JM95='152.50',JM96='1.00',JM103='3000',JM104='22',JM112='115.1200',JM118='0',JM119='0',JM120='4950.03',JM121='0.023256' WHERE JM01='R_338-20190224003' AND idx='6515'
16:16:20.000 INSERT INTO R_PQBF (BF001,BF002,BF003,BF004,BF005,BF006,BF007,BF008) VALUES ('R_338','胶合板、密度板采购合同书','系统管理者','2019/3/5 16:16:20','R_338-20190224003','UPDATE R_PQO SET JM09=''胶合板'',JM10=''138'',JM11=''115.12'',JM12=''4950.07'',JM13=''0'',JM14=''外购'',JM15=''0'',JM16=''2019/3/2 0:00:00'',JM17=''2019/2/24 0:00:00'',JM91=''0'',JM92=''进囗桦板'',JM93=''E0'',JM94=''152.50'',JM95=''152.50'',JM96=''1.00'',JM103=''3000'',JM104=''22'',JM112=''115.1200'',JM118=''0'',JM119=''0'',JM120=''4950.03'',JM121=''0.023256'' WHERE JM01=''R_338-20190224003'' AND idx=''6515''','编辑','更改编辑')
16:16:29.000 UPDATE R_PQO SET JM09='胶合板',JM10='138',JM11='115.12',JM12='4950.07',JM13='0',JM14='外购',JM15='0',JM16='2019/3/2 0:00:00',JM17='2019/2/24 0:00:00',JM91='0',JM92='进囗桦板',JM93='E0',JM94='152.50',JM95='152.50',JM96='1.00',JM103='3000',JM104='32',JM112='115.1200',JM118='10',JM119='0',JM120='4950.03',JM121='0.023256' WHERE JM01='R_338-20190224003' AND idx='6515'
16:16:29.000 INSERT INTO R_PQBF (BF001,BF002,BF003,BF004,BF005,BF006,BF007,BF008) VALUES ('R_338','胶合板、密度板采购合同书','系统管理者','2019/3/5 16:16:29','R_338-20190224003','UPDATE R_PQO SET JM09=''胶合板'',JM10=''138'',JM11=''115.12'',JM12=''4950.07'',JM13=''0'',JM14=''外购'',JM15=''0'',JM16=''2019/3/2 0:00:00'',JM17=''2019/2/24 0:00:00'',JM91=''0'',JM92=''进囗桦板'',JM93=''E0'',JM94=''152.50'',JM95=''152.50'',JM96=''1.00'',JM103=''3000'',JM104=''32'',JM112=''115.1200'',JM118=''10'',JM119=''0'',JM120=''4950.03'',JM121=''0.023256'' WHERE JM01=''R_338-20190224003'' AND idx=''6515''','编辑','更改编辑')
16:18:14.000 UPDATE R_PQP SET GS73='T' FROM R_PQQ WHERE GS01=CP01 AND GS35=CP09 AND (GS35  LIKE '%丝印%' OR GS35 LIKE '%雕刻%' OR GS35  LIKE '%砂皮%' OR GS35  LIKE '%走台印%' OR GS35  LIKE '%冲印%') 
16:18:14.000 UPDATE R_PQP SET GS73='T' FROM R_PQAH WHERE GS01=AH01 AND GS35=AH18 AND (GS35  LIKE '%丝印%' OR GS35 LIKE '%雕刻%' OR GS35  LIKE '%砂皮%' OR GS35  LIKE '%走台印%' OR GS35  LIKE '%冲印%')
16:18:14.000 UPDATE R_PQP SET GS73='T' FROM R_PQI WHERE GS01=YQ03 AND  GS35 LIKE '%油漆%'  AND YQ139='1'
16:18:14.000 UPDATE R_PQP SET GS73='T' FROM R_PQAF WHERE GS01=AF002 AND GS07=AF015 AND GS02=AF084 AND GS08 ='Φ'+CONVERT(VARCHAR,CONVERT(FLOAT,AF022*10))+'*'+CONVERT(VARCHAR,CONVERT(FLOAT,AF020*10)) 
16:18:15.000 UPDATE R_PQP SET GS73='T' FROM R_PQU WHERE GS01=PQU01 AND GS07=PQU10 AND GS08=PQU12  
16:18:16.000 UPDATE R_PQP SET GS73='T' FROM R_PQS WHERE GS01=PJ01 AND GS56=PJ09 AND GS57=PJ89  
16:18:16.000 UPDATE R_PQP SET GS73='T' FROM R_PQT WHERE GS01=WX01 AND GS56=WX10 AND GS57=WX11 
16:18:16.000 WITH CET AS (select GS70,GS01,GS46,GS49,GS71,GS02,right(GS08,len(GS08) - charindex('*',GS08) ) a from R_PQP  WHERE GS70='R_338' AND GS73='F' ),CFT AS (SELECT GS70,GS01,GS46,GS49,GS71,GS02,right(a,LEN(a)-charindex('*',a)) GS08 FROM CET  ),CHT AS( SELECT DISTINCT GS70,GS01,GS46,GS49,GS71,GS02,CONVERT(FLOAT,CONVERT(DECIMAL(11,2),GS08)*1.0/10) GS08 FROM CFT  )SELECT GS70,GS01,GS46,GS49,GS71,GS02,CONVERT(VARCHAR,GS08) GS08,'' GS07,PQF13,PQF31 FROM CHT A INNER JOIN R_PQF B ON A.GS01=B.PQF01  WHERE (SELECT COUNT(1) FROM R_PQO WHERE GS01=JM90 AND GS02=JM09 AND CONVERT(VARCHAR,GS08)=CONVERT(VARCHAR,CONVERT(FLOAT,CONVERT(DECIMAL(11,4),JM96))))=0 and GS01 not in (SELECT JM90 FROM R_PQO WHERE JM116='1' )
16:18:16.000 从数据类型 nvarchar 转换为 numeric 时出错。
16:18:48.000 @RES06[R_338-20190224003]
16:18:48.000 @RES01[R_338]
16:18:50.000 UPDATE R_PQO SET JM02='MLL-0024',JM03='000069',JM04='严少荣',JM05='2019/2/24 0:00:00',JM06='廖灵飞',JM07='2019/3/5 16:18:49',JM08='MLL-00240004',JM19='全球',JM20='36M+',JM21='F',JM22='F',JM23='F',JM24='F',JM25='F',JM26='F',JM27='',JM28='2019/2/24 0:00:00',JM29='',JM30='2019/2/24 0:00:00',JM31='',JM32='2019/2/24 0:00:00',JM33='',JM34='',JM35='',JM36='',JM37='',JM38='',JM39='F',JM40='F',JM41='F',JM42='F',JM43='F',JM44='F',JM45='F',JM46='F',JM47='F',JM48='F',JM49='F',JM50='',JM51='2019/2/24 0:00:00',JM52='',JM53='2019/2/24 0:00:00',JM54='',JM55='',JM56='',JM57='',JM58='',JM59='',JM60='',JM61='',JM62='',JM63='',JM64='',JM65='',JM66='',JM67='0',JM68='',JM69='',JM70='',JM71='',JM72='',JM73='0',JM74='0',JM75='0',JM76='0',JM77='0',JM78='0',JM79='0',JM80='0',JM81='0',JM82='严少荣',JM83='',JM84='2019/2/24 0:00:00',JM85='',JM86='2019/2/25 0:00:00',JM87='',JM88='2019/2/24 0:00:00',JM89='2019/2/24 0:00:00',JM90='19020030',JM98='',JM99='',JM100='搭建套',JM101='1822020799',JM102='Z837425',JM106='',JM107='F',JM108='',JM113='F' WHERE JM01='R_338-20190224003'
16:18:50.000 INSERT INTO R_PQBF (BF001,BF002,BF003,BF004,BF005,BF006,BF007,BF008) VALUES ('R_338','胶合板、密度板采购合同书','廖灵飞','2019/3/5 16:18:50','R_338-20190224003','UPDATE R_PQO SET JM02=''MLL-0024'',JM03=''000069'',JM04=''严少荣'',JM05=''2019/2/24 0:00:00'',JM06=''廖灵飞'',JM07=''2019/3/5 16:18:49'',JM08=''MLL-00240004'',JM19=''全球'',JM20=''36M+'',JM21=''F'',JM22=''F'',JM23=''F'',JM24=''F'',JM25=''F'',JM26=''F'',JM27='''',JM28=''2019/2/24 0:00:00'',JM29='''',JM30=''2019/2/24 0:00:00'',JM31='''',JM32=''2019/2/24 0:00:00'',JM33='''',JM34='''',JM35='''',JM36='''',JM37='''',JM38='''',JM39=''F'',JM40=''F'',JM41=''F'',JM42=''F'',JM43=''F'',JM44=''F'',JM45=''F'',JM46=''F'',JM47=''F'',JM48=''F'',JM49=''F'',JM50='''',JM51=''2019/2/24 0:00:00'',JM52='''',JM53=''2019/2/24 0:00:00'',JM54='''',JM55='''',JM56='''',JM57='''',JM58='''',JM59='''',JM60='''',JM61='''',JM62='''',JM63='''',JM64='''',JM65='''',JM66='''',JM67=''0'',JM68='''',JM69='''',JM70='''',JM71='''',JM72='''',JM73=''0'',JM74=''0'',JM75=''0'',JM76=''0'',JM77=''0'',JM78=''0'',JM79=''0'',JM80=''0'',JM81=''0'',JM82=''严少荣'',JM83='''',JM84=''2019/2/24 0:00:00'',JM85='''',JM86=''2019/2/25 0:00:00'',JM87='''',JM88=''2019/2/24 0:00:00'',JM89=''2019/2/24 0:00:00'',JM90=''19020030'',JM98='''',JM99='''',JM100=''搭建套'',JM101=''1822020799'',JM102=''Z837425'',JM106='''',JM107=''F'',JM108='''',JM113=''F'' WHERE JM01=''R_338-20190224003''','保存','更改保存')
16:18:51.000 @RES06[R_338-20190224003]
16:18:51.000 @RES01[R_338]
16:18:57.000 UPDATE R_REVIEWS SET RES08='2019/3/5 16:18:57' WHERE RES06='R_338-20190224003'
16:18:57.000 UPDATE R_PQO SET JM114='2019/3/5 16:18:57' WHERE JM01='R_338-20190224003'
